[2024-06-24T02:04:11.173+0000] {processor.py:157} INFO - Started process (PID=430) to work on /opt/airflow/dags/projet2/my_dag_name2.py
[2024-06-24T02:04:11.176+0000] {processor.py:829} INFO - Processing file /opt/airflow/dags/projet2/my_dag_name2.py for tasks to queue
[2024-06-24T02:04:11.177+0000] {logging_mixin.py:154} INFO - [2024-06-24T02:04:11.177+0000] {dagbag.py:536} INFO - Filling up the DagBag from /opt/airflow/dags/projet2/my_dag_name2.py
[2024-06-24T02:04:11.204+0000] {processor.py:839} INFO - DAG(s) dict_keys(['my_dag_name2']) retrieved from /opt/airflow/dags/projet2/my_dag_name2.py
[2024-06-24T02:04:11.415+0000] {logging_mixin.py:154} INFO - [2024-06-24T02:04:11.415+0000] {dag.py:2941} INFO - Sync 1 DAGs
[2024-06-24T02:04:11.436+0000] {logging_mixin.py:154} INFO - [2024-06-24T02:04:11.435+0000] {dag.py:2963} INFO - Creating ORM DAG for my_dag_name2
[2024-06-24T02:04:11.455+0000] {logging_mixin.py:154} INFO - [2024-06-24T02:04:11.455+0000] {dag.py:3722} INFO - Setting next_dagrun for my_dag_name2 to 2021-01-01T00:00:00+00:00, run_after=2021-01-02T00:00:00+00:00
[2024-06-24T02:04:11.487+0000] {processor.py:179} INFO - Processing /opt/airflow/dags/projet2/my_dag_name2.py took 0.319 seconds
[2024-06-24T02:04:41.739+0000] {processor.py:157} INFO - Started process (PID=439) to work on /opt/airflow/dags/projet2/my_dag_name2.py
[2024-06-24T02:04:41.741+0000] {processor.py:829} INFO - Processing file /opt/airflow/dags/projet2/my_dag_name2.py for tasks to queue
[2024-06-24T02:04:41.742+0000] {logging_mixin.py:154} INFO - [2024-06-24T02:04:41.742+0000] {dagbag.py:536} INFO - Filling up the DagBag from /opt/airflow/dags/projet2/my_dag_name2.py
[2024-06-24T02:04:41.764+0000] {processor.py:839} INFO - DAG(s) dict_keys(['my_dag_name2']) retrieved from /opt/airflow/dags/projet2/my_dag_name2.py
[2024-06-24T02:04:41.810+0000] {logging_mixin.py:154} INFO - [2024-06-24T02:04:41.810+0000] {dag.py:2941} INFO - Sync 1 DAGs
[2024-06-24T02:04:41.843+0000] {logging_mixin.py:154} INFO - [2024-06-24T02:04:41.843+0000] {dag.py:3722} INFO - Setting next_dagrun for my_dag_name2 to 2021-01-01T00:00:00+00:00, run_after=2021-01-02T00:00:00+00:00
[2024-06-24T02:04:41.869+0000] {processor.py:179} INFO - Processing /opt/airflow/dags/projet2/my_dag_name2.py took 0.135 seconds
[2024-06-24T02:05:11.971+0000] {processor.py:157} INFO - Started process (PID=448) to work on /opt/airflow/dags/projet2/my_dag_name2.py
[2024-06-24T02:05:11.972+0000] {processor.py:829} INFO - Processing file /opt/airflow/dags/projet2/my_dag_name2.py for tasks to queue
[2024-06-24T02:05:11.974+0000] {logging_mixin.py:154} INFO - [2024-06-24T02:05:11.974+0000] {dagbag.py:536} INFO - Filling up the DagBag from /opt/airflow/dags/projet2/my_dag_name2.py
[2024-06-24T02:05:11.994+0000] {processor.py:839} INFO - DAG(s) dict_keys(['my_dag_name2']) retrieved from /opt/airflow/dags/projet2/my_dag_name2.py
[2024-06-24T02:05:12.031+0000] {logging_mixin.py:154} INFO - [2024-06-24T02:05:12.031+0000] {dag.py:2941} INFO - Sync 1 DAGs
[2024-06-24T02:05:12.061+0000] {logging_mixin.py:154} INFO - [2024-06-24T02:05:12.060+0000] {dag.py:3722} INFO - Setting next_dagrun for my_dag_name2 to 2021-01-01T00:00:00+00:00, run_after=2021-01-02T00:00:00+00:00
[2024-06-24T02:05:12.085+0000] {processor.py:179} INFO - Processing /opt/airflow/dags/projet2/my_dag_name2.py took 0.119 seconds
[2024-06-24T02:05:42.317+0000] {processor.py:157} INFO - Started process (PID=457) to work on /opt/airflow/dags/projet2/my_dag_name2.py
[2024-06-24T02:05:42.319+0000] {processor.py:829} INFO - Processing file /opt/airflow/dags/projet2/my_dag_name2.py for tasks to queue
[2024-06-24T02:05:42.320+0000] {logging_mixin.py:154} INFO - [2024-06-24T02:05:42.320+0000] {dagbag.py:536} INFO - Filling up the DagBag from /opt/airflow/dags/projet2/my_dag_name2.py
[2024-06-24T02:05:42.338+0000] {processor.py:839} INFO - DAG(s) dict_keys(['my_dag_name2']) retrieved from /opt/airflow/dags/projet2/my_dag_name2.py
[2024-06-24T02:05:42.375+0000] {logging_mixin.py:154} INFO - [2024-06-24T02:05:42.375+0000] {dag.py:2941} INFO - Sync 1 DAGs
[2024-06-24T02:05:42.406+0000] {logging_mixin.py:154} INFO - [2024-06-24T02:05:42.406+0000] {dag.py:3722} INFO - Setting next_dagrun for my_dag_name2 to 2021-01-01T00:00:00+00:00, run_after=2021-01-02T00:00:00+00:00
[2024-06-24T02:05:42.433+0000] {processor.py:179} INFO - Processing /opt/airflow/dags/projet2/my_dag_name2.py took 0.121 seconds
[2024-06-24T02:06:12.532+0000] {processor.py:157} INFO - Started process (PID=467) to work on /opt/airflow/dags/projet2/my_dag_name2.py
[2024-06-24T02:06:12.534+0000] {processor.py:829} INFO - Processing file /opt/airflow/dags/projet2/my_dag_name2.py for tasks to queue
[2024-06-24T02:06:12.536+0000] {logging_mixin.py:154} INFO - [2024-06-24T02:06:12.535+0000] {dagbag.py:536} INFO - Filling up the DagBag from /opt/airflow/dags/projet2/my_dag_name2.py
[2024-06-24T02:06:12.555+0000] {processor.py:839} INFO - DAG(s) dict_keys(['my_dag_name2']) retrieved from /opt/airflow/dags/projet2/my_dag_name2.py
[2024-06-24T02:06:12.591+0000] {logging_mixin.py:154} INFO - [2024-06-24T02:06:12.590+0000] {dag.py:2941} INFO - Sync 1 DAGs
[2024-06-24T02:06:12.622+0000] {logging_mixin.py:154} INFO - [2024-06-24T02:06:12.621+0000] {dag.py:3722} INFO - Setting next_dagrun for my_dag_name2 to 2021-01-01T00:00:00+00:00, run_after=2021-01-02T00:00:00+00:00
[2024-06-24T02:06:12.644+0000] {processor.py:179} INFO - Processing /opt/airflow/dags/projet2/my_dag_name2.py took 0.116 seconds
[2024-06-24T02:06:42.878+0000] {processor.py:157} INFO - Started process (PID=476) to work on /opt/airflow/dags/projet2/my_dag_name2.py
[2024-06-24T02:06:42.880+0000] {processor.py:829} INFO - Processing file /opt/airflow/dags/projet2/my_dag_name2.py for tasks to queue
[2024-06-24T02:06:42.881+0000] {logging_mixin.py:154} INFO - [2024-06-24T02:06:42.881+0000] {dagbag.py:536} INFO - Filling up the DagBag from /opt/airflow/dags/projet2/my_dag_name2.py
[2024-06-24T02:06:42.900+0000] {processor.py:839} INFO - DAG(s) dict_keys(['my_dag_name2']) retrieved from /opt/airflow/dags/projet2/my_dag_name2.py
[2024-06-24T02:06:42.936+0000] {logging_mixin.py:154} INFO - [2024-06-24T02:06:42.936+0000] {dag.py:2941} INFO - Sync 1 DAGs
[2024-06-24T02:06:42.967+0000] {logging_mixin.py:154} INFO - [2024-06-24T02:06:42.966+0000] {dag.py:3722} INFO - Setting next_dagrun for my_dag_name2 to 2021-01-01T00:00:00+00:00, run_after=2021-01-02T00:00:00+00:00
[2024-06-24T02:06:42.991+0000] {processor.py:179} INFO - Processing /opt/airflow/dags/projet2/my_dag_name2.py took 0.117 seconds
[2024-06-24T02:07:13.106+0000] {processor.py:157} INFO - Started process (PID=485) to work on /opt/airflow/dags/projet2/my_dag_name2.py
[2024-06-24T02:07:13.108+0000] {processor.py:829} INFO - Processing file /opt/airflow/dags/projet2/my_dag_name2.py for tasks to queue
[2024-06-24T02:07:13.109+0000] {logging_mixin.py:154} INFO - [2024-06-24T02:07:13.109+0000] {dagbag.py:536} INFO - Filling up the DagBag from /opt/airflow/dags/projet2/my_dag_name2.py
[2024-06-24T02:07:13.129+0000] {processor.py:839} INFO - DAG(s) dict_keys(['my_dag_name2']) retrieved from /opt/airflow/dags/projet2/my_dag_name2.py
[2024-06-24T02:07:13.166+0000] {logging_mixin.py:154} INFO - [2024-06-24T02:07:13.166+0000] {dag.py:2941} INFO - Sync 1 DAGs
[2024-06-24T02:07:13.196+0000] {logging_mixin.py:154} INFO - [2024-06-24T02:07:13.196+0000] {dag.py:3722} INFO - Setting next_dagrun for my_dag_name2 to 2021-01-01T00:00:00+00:00, run_after=2021-01-02T00:00:00+00:00
[2024-06-24T02:07:13.220+0000] {processor.py:179} INFO - Processing /opt/airflow/dags/projet2/my_dag_name2.py took 0.119 seconds
[2024-06-24T02:07:43.460+0000] {processor.py:157} INFO - Started process (PID=494) to work on /opt/airflow/dags/projet2/my_dag_name2.py
[2024-06-24T02:07:43.462+0000] {processor.py:829} INFO - Processing file /opt/airflow/dags/projet2/my_dag_name2.py for tasks to queue
[2024-06-24T02:07:43.463+0000] {logging_mixin.py:154} INFO - [2024-06-24T02:07:43.463+0000] {dagbag.py:536} INFO - Filling up the DagBag from /opt/airflow/dags/projet2/my_dag_name2.py
[2024-06-24T02:07:43.481+0000] {processor.py:839} INFO - DAG(s) dict_keys(['my_dag_name2']) retrieved from /opt/airflow/dags/projet2/my_dag_name2.py
[2024-06-24T02:07:43.516+0000] {logging_mixin.py:154} INFO - [2024-06-24T02:07:43.516+0000] {dag.py:2941} INFO - Sync 1 DAGs
[2024-06-24T02:07:43.546+0000] {logging_mixin.py:154} INFO - [2024-06-24T02:07:43.545+0000] {dag.py:3722} INFO - Setting next_dagrun for my_dag_name2 to 2021-01-01T00:00:00+00:00, run_after=2021-01-02T00:00:00+00:00
[2024-06-24T02:07:43.569+0000] {processor.py:179} INFO - Processing /opt/airflow/dags/projet2/my_dag_name2.py took 0.114 seconds
[2024-06-24T02:08:13.804+0000] {processor.py:157} INFO - Started process (PID=503) to work on /opt/airflow/dags/projet2/my_dag_name2.py
[2024-06-24T02:08:13.806+0000] {processor.py:829} INFO - Processing file /opt/airflow/dags/projet2/my_dag_name2.py for tasks to queue
[2024-06-24T02:08:13.808+0000] {logging_mixin.py:154} INFO - [2024-06-24T02:08:13.807+0000] {dagbag.py:536} INFO - Filling up the DagBag from /opt/airflow/dags/projet2/my_dag_name2.py
[2024-06-24T02:08:13.826+0000] {processor.py:839} INFO - DAG(s) dict_keys(['my_dag_name2']) retrieved from /opt/airflow/dags/projet2/my_dag_name2.py
[2024-06-24T02:08:13.864+0000] {logging_mixin.py:154} INFO - [2024-06-24T02:08:13.864+0000] {dag.py:2941} INFO - Sync 1 DAGs
[2024-06-24T02:08:13.894+0000] {logging_mixin.py:154} INFO - [2024-06-24T02:08:13.894+0000] {dag.py:3722} INFO - Setting next_dagrun for my_dag_name2 to 2021-01-01T00:00:00+00:00, run_after=2021-01-02T00:00:00+00:00
[2024-06-24T02:08:13.921+0000] {processor.py:179} INFO - Processing /opt/airflow/dags/projet2/my_dag_name2.py took 0.121 seconds
[2024-06-24T02:08:44.026+0000] {processor.py:157} INFO - Started process (PID=512) to work on /opt/airflow/dags/projet2/my_dag_name2.py
[2024-06-24T02:08:44.027+0000] {processor.py:829} INFO - Processing file /opt/airflow/dags/projet2/my_dag_name2.py for tasks to queue
[2024-06-24T02:08:44.029+0000] {logging_mixin.py:154} INFO - [2024-06-24T02:08:44.028+0000] {dagbag.py:536} INFO - Filling up the DagBag from /opt/airflow/dags/projet2/my_dag_name2.py
[2024-06-24T02:08:44.046+0000] {processor.py:839} INFO - DAG(s) dict_keys(['my_dag_name2']) retrieved from /opt/airflow/dags/projet2/my_dag_name2.py
[2024-06-24T02:08:44.082+0000] {logging_mixin.py:154} INFO - [2024-06-24T02:08:44.081+0000] {dag.py:2941} INFO - Sync 1 DAGs
[2024-06-24T02:08:44.120+0000] {logging_mixin.py:154} INFO - [2024-06-24T02:08:44.120+0000] {dag.py:3722} INFO - Setting next_dagrun for my_dag_name2 to 2021-01-01T00:00:00+00:00, run_after=2021-01-02T00:00:00+00:00
[2024-06-24T02:08:44.144+0000] {processor.py:179} INFO - Processing /opt/airflow/dags/projet2/my_dag_name2.py took 0.124 seconds
[2024-06-24T02:09:14.354+0000] {processor.py:157} INFO - Started process (PID=521) to work on /opt/airflow/dags/projet2/my_dag_name2.py
[2024-06-24T02:09:14.357+0000] {processor.py:829} INFO - Processing file /opt/airflow/dags/projet2/my_dag_name2.py for tasks to queue
[2024-06-24T02:09:14.359+0000] {logging_mixin.py:154} INFO - [2024-06-24T02:09:14.358+0000] {dagbag.py:536} INFO - Filling up the DagBag from /opt/airflow/dags/projet2/my_dag_name2.py
[2024-06-24T02:09:14.381+0000] {processor.py:839} INFO - DAG(s) dict_keys(['my_dag_name2']) retrieved from /opt/airflow/dags/projet2/my_dag_name2.py
[2024-06-24T02:09:14.420+0000] {logging_mixin.py:154} INFO - [2024-06-24T02:09:14.419+0000] {dag.py:2941} INFO - Sync 1 DAGs
[2024-06-24T02:09:14.453+0000] {logging_mixin.py:154} INFO - [2024-06-24T02:09:14.453+0000] {dag.py:3722} INFO - Setting next_dagrun for my_dag_name2 to 2021-01-01T00:00:00+00:00, run_after=2021-01-02T00:00:00+00:00
[2024-06-24T02:09:14.477+0000] {processor.py:179} INFO - Processing /opt/airflow/dags/projet2/my_dag_name2.py took 0.129 seconds
[2024-06-24T02:09:44.586+0000] {processor.py:157} INFO - Started process (PID=530) to work on /opt/airflow/dags/projet2/my_dag_name2.py
[2024-06-24T02:09:44.588+0000] {processor.py:829} INFO - Processing file /opt/airflow/dags/projet2/my_dag_name2.py for tasks to queue
[2024-06-24T02:09:44.590+0000] {logging_mixin.py:154} INFO - [2024-06-24T02:09:44.589+0000] {dagbag.py:536} INFO - Filling up the DagBag from /opt/airflow/dags/projet2/my_dag_name2.py
[2024-06-24T02:09:44.609+0000] {processor.py:839} INFO - DAG(s) dict_keys(['my_dag_name2']) retrieved from /opt/airflow/dags/projet2/my_dag_name2.py
[2024-06-24T02:09:44.647+0000] {logging_mixin.py:154} INFO - [2024-06-24T02:09:44.647+0000] {dag.py:2941} INFO - Sync 1 DAGs
[2024-06-24T02:09:44.676+0000] {logging_mixin.py:154} INFO - [2024-06-24T02:09:44.676+0000] {dag.py:3722} INFO - Setting next_dagrun for my_dag_name2 to 2021-01-01T00:00:00+00:00, run_after=2021-01-02T00:00:00+00:00
[2024-06-24T02:09:44.701+0000] {processor.py:179} INFO - Processing /opt/airflow/dags/projet2/my_dag_name2.py took 0.120 seconds
[2024-06-24T02:10:14.927+0000] {processor.py:157} INFO - Started process (PID=539) to work on /opt/airflow/dags/projet2/my_dag_name2.py
[2024-06-24T02:10:14.929+0000] {processor.py:829} INFO - Processing file /opt/airflow/dags/projet2/my_dag_name2.py for tasks to queue
[2024-06-24T02:10:14.931+0000] {logging_mixin.py:154} INFO - [2024-06-24T02:10:14.931+0000] {dagbag.py:536} INFO - Filling up the DagBag from /opt/airflow/dags/projet2/my_dag_name2.py
[2024-06-24T02:10:14.949+0000] {processor.py:839} INFO - DAG(s) dict_keys(['my_dag_name2']) retrieved from /opt/airflow/dags/projet2/my_dag_name2.py
[2024-06-24T02:10:14.984+0000] {logging_mixin.py:154} INFO - [2024-06-24T02:10:14.984+0000] {dag.py:2941} INFO - Sync 1 DAGs
[2024-06-24T02:10:15.014+0000] {logging_mixin.py:154} INFO - [2024-06-24T02:10:15.014+0000] {dag.py:3722} INFO - Setting next_dagrun for my_dag_name2 to 2021-01-01T00:00:00+00:00, run_after=2021-01-02T00:00:00+00:00
[2024-06-24T02:10:15.039+0000] {processor.py:179} INFO - Processing /opt/airflow/dags/projet2/my_dag_name2.py took 0.117 seconds
[2024-06-24T02:10:45.276+0000] {processor.py:157} INFO - Started process (PID=548) to work on /opt/airflow/dags/projet2/my_dag_name2.py
[2024-06-24T02:10:45.277+0000] {processor.py:829} INFO - Processing file /opt/airflow/dags/projet2/my_dag_name2.py for tasks to queue
[2024-06-24T02:10:45.279+0000] {logging_mixin.py:154} INFO - [2024-06-24T02:10:45.278+0000] {dagbag.py:536} INFO - Filling up the DagBag from /opt/airflow/dags/projet2/my_dag_name2.py
[2024-06-24T02:10:45.297+0000] {processor.py:839} INFO - DAG(s) dict_keys(['my_dag_name2']) retrieved from /opt/airflow/dags/projet2/my_dag_name2.py
[2024-06-24T02:10:45.338+0000] {logging_mixin.py:154} INFO - [2024-06-24T02:10:45.338+0000] {dag.py:2941} INFO - Sync 1 DAGs
[2024-06-24T02:10:45.375+0000] {logging_mixin.py:154} INFO - [2024-06-24T02:10:45.375+0000] {dag.py:3722} INFO - Setting next_dagrun for my_dag_name2 to 2021-01-01T00:00:00+00:00, run_after=2021-01-02T00:00:00+00:00
[2024-06-24T02:10:45.400+0000] {processor.py:179} INFO - Processing /opt/airflow/dags/projet2/my_dag_name2.py took 0.129 seconds
[2024-06-24T02:11:15.485+0000] {processor.py:157} INFO - Started process (PID=557) to work on /opt/airflow/dags/projet2/my_dag_name2.py
[2024-06-24T02:11:15.486+0000] {processor.py:829} INFO - Processing file /opt/airflow/dags/projet2/my_dag_name2.py for tasks to queue
[2024-06-24T02:11:15.488+0000] {logging_mixin.py:154} INFO - [2024-06-24T02:11:15.487+0000] {dagbag.py:536} INFO - Filling up the DagBag from /opt/airflow/dags/projet2/my_dag_name2.py
[2024-06-24T02:11:15.508+0000] {processor.py:839} INFO - DAG(s) dict_keys(['my_dag_name2']) retrieved from /opt/airflow/dags/projet2/my_dag_name2.py
[2024-06-24T02:11:15.545+0000] {logging_mixin.py:154} INFO - [2024-06-24T02:11:15.545+0000] {dag.py:2941} INFO - Sync 1 DAGs
[2024-06-24T02:11:15.575+0000] {logging_mixin.py:154} INFO - [2024-06-24T02:11:15.575+0000] {dag.py:3722} INFO - Setting next_dagrun for my_dag_name2 to 2021-01-01T00:00:00+00:00, run_after=2021-01-02T00:00:00+00:00
[2024-06-24T02:11:15.595+0000] {processor.py:179} INFO - Processing /opt/airflow/dags/projet2/my_dag_name2.py took 0.115 seconds
[2024-06-24T02:11:45.834+0000] {processor.py:157} INFO - Started process (PID=566) to work on /opt/airflow/dags/projet2/my_dag_name2.py
[2024-06-24T02:11:45.836+0000] {processor.py:829} INFO - Processing file /opt/airflow/dags/projet2/my_dag_name2.py for tasks to queue
[2024-06-24T02:11:45.838+0000] {logging_mixin.py:154} INFO - [2024-06-24T02:11:45.837+0000] {dagbag.py:536} INFO - Filling up the DagBag from /opt/airflow/dags/projet2/my_dag_name2.py
[2024-06-24T02:11:45.858+0000] {processor.py:839} INFO - DAG(s) dict_keys(['my_dag_name2']) retrieved from /opt/airflow/dags/projet2/my_dag_name2.py
[2024-06-24T02:11:45.894+0000] {logging_mixin.py:154} INFO - [2024-06-24T02:11:45.894+0000] {dag.py:2941} INFO - Sync 1 DAGs
[2024-06-24T02:11:45.924+0000] {logging_mixin.py:154} INFO - [2024-06-24T02:11:45.924+0000] {dag.py:3722} INFO - Setting next_dagrun for my_dag_name2 to 2021-01-01T00:00:00+00:00, run_after=2021-01-02T00:00:00+00:00
[2024-06-24T02:11:45.947+0000] {processor.py:179} INFO - Processing /opt/airflow/dags/projet2/my_dag_name2.py took 0.117 seconds
[2024-06-24T02:12:16.182+0000] {processor.py:157} INFO - Started process (PID=575) to work on /opt/airflow/dags/projet2/my_dag_name2.py
[2024-06-24T02:12:16.184+0000] {processor.py:829} INFO - Processing file /opt/airflow/dags/projet2/my_dag_name2.py for tasks to queue
[2024-06-24T02:12:16.186+0000] {logging_mixin.py:154} INFO - [2024-06-24T02:12:16.186+0000] {dagbag.py:536} INFO - Filling up the DagBag from /opt/airflow/dags/projet2/my_dag_name2.py
[2024-06-24T02:12:16.204+0000] {processor.py:839} INFO - DAG(s) dict_keys(['my_dag_name2']) retrieved from /opt/airflow/dags/projet2/my_dag_name2.py
[2024-06-24T02:12:16.243+0000] {logging_mixin.py:154} INFO - [2024-06-24T02:12:16.243+0000] {dag.py:2941} INFO - Sync 1 DAGs
[2024-06-24T02:12:16.286+0000] {logging_mixin.py:154} INFO - [2024-06-24T02:12:16.285+0000] {dag.py:3722} INFO - Setting next_dagrun for my_dag_name2 to 2021-01-01T00:00:00+00:00, run_after=2021-01-02T00:00:00+00:00
[2024-06-24T02:12:16.312+0000] {processor.py:179} INFO - Processing /opt/airflow/dags/projet2/my_dag_name2.py took 0.135 seconds
[2024-06-24T02:12:46.410+0000] {processor.py:157} INFO - Started process (PID=584) to work on /opt/airflow/dags/projet2/my_dag_name2.py
[2024-06-24T02:12:46.412+0000] {processor.py:829} INFO - Processing file /opt/airflow/dags/projet2/my_dag_name2.py for tasks to queue
[2024-06-24T02:12:46.413+0000] {logging_mixin.py:154} INFO - [2024-06-24T02:12:46.413+0000] {dagbag.py:536} INFO - Filling up the DagBag from /opt/airflow/dags/projet2/my_dag_name2.py
[2024-06-24T02:12:46.431+0000] {processor.py:839} INFO - DAG(s) dict_keys(['my_dag_name2']) retrieved from /opt/airflow/dags/projet2/my_dag_name2.py
[2024-06-24T02:12:46.468+0000] {logging_mixin.py:154} INFO - [2024-06-24T02:12:46.467+0000] {dag.py:2941} INFO - Sync 1 DAGs
[2024-06-24T02:12:46.500+0000] {logging_mixin.py:154} INFO - [2024-06-24T02:12:46.499+0000] {dag.py:3722} INFO - Setting next_dagrun for my_dag_name2 to 2021-01-01T00:00:00+00:00, run_after=2021-01-02T00:00:00+00:00
[2024-06-24T02:12:46.523+0000] {processor.py:179} INFO - Processing /opt/airflow/dags/projet2/my_dag_name2.py took 0.119 seconds
[2024-06-24T02:13:16.761+0000] {processor.py:157} INFO - Started process (PID=593) to work on /opt/airflow/dags/projet2/my_dag_name2.py
[2024-06-24T02:13:16.763+0000] {processor.py:829} INFO - Processing file /opt/airflow/dags/projet2/my_dag_name2.py for tasks to queue
[2024-06-24T02:13:16.764+0000] {logging_mixin.py:154} INFO - [2024-06-24T02:13:16.764+0000] {dagbag.py:536} INFO - Filling up the DagBag from /opt/airflow/dags/projet2/my_dag_name2.py
[2024-06-24T02:13:16.783+0000] {processor.py:839} INFO - DAG(s) dict_keys(['my_dag_name2']) retrieved from /opt/airflow/dags/projet2/my_dag_name2.py
[2024-06-24T02:13:16.822+0000] {logging_mixin.py:154} INFO - [2024-06-24T02:13:16.822+0000] {dag.py:2941} INFO - Sync 1 DAGs
[2024-06-24T02:13:16.857+0000] {logging_mixin.py:154} INFO - [2024-06-24T02:13:16.856+0000] {dag.py:3722} INFO - Setting next_dagrun for my_dag_name2 to 2021-01-01T00:00:00+00:00, run_after=2021-01-02T00:00:00+00:00
[2024-06-24T02:13:16.886+0000] {processor.py:179} INFO - Processing /opt/airflow/dags/projet2/my_dag_name2.py took 0.129 seconds
[2024-06-24T02:13:46.990+0000] {processor.py:157} INFO - Started process (PID=602) to work on /opt/airflow/dags/projet2/my_dag_name2.py
[2024-06-24T02:13:46.991+0000] {processor.py:829} INFO - Processing file /opt/airflow/dags/projet2/my_dag_name2.py for tasks to queue
[2024-06-24T02:13:46.993+0000] {logging_mixin.py:154} INFO - [2024-06-24T02:13:46.992+0000] {dagbag.py:536} INFO - Filling up the DagBag from /opt/airflow/dags/projet2/my_dag_name2.py
[2024-06-24T02:13:47.012+0000] {processor.py:839} INFO - DAG(s) dict_keys(['my_dag_name2']) retrieved from /opt/airflow/dags/projet2/my_dag_name2.py
[2024-06-24T02:13:47.050+0000] {logging_mixin.py:154} INFO - [2024-06-24T02:13:47.049+0000] {dag.py:2941} INFO - Sync 1 DAGs
[2024-06-24T02:13:47.080+0000] {logging_mixin.py:154} INFO - [2024-06-24T02:13:47.080+0000] {dag.py:3722} INFO - Setting next_dagrun for my_dag_name2 to 2021-01-01T00:00:00+00:00, run_after=2021-01-02T00:00:00+00:00
[2024-06-24T02:13:47.105+0000] {processor.py:179} INFO - Processing /opt/airflow/dags/projet2/my_dag_name2.py took 0.121 seconds
[2024-06-24T02:14:17.372+0000] {processor.py:157} INFO - Started process (PID=612) to work on /opt/airflow/dags/projet2/my_dag_name2.py
[2024-06-24T02:14:17.373+0000] {processor.py:829} INFO - Processing file /opt/airflow/dags/projet2/my_dag_name2.py for tasks to queue
[2024-06-24T02:14:17.375+0000] {logging_mixin.py:154} INFO - [2024-06-24T02:14:17.374+0000] {dagbag.py:536} INFO - Filling up the DagBag from /opt/airflow/dags/projet2/my_dag_name2.py
[2024-06-24T02:14:17.393+0000] {processor.py:839} INFO - DAG(s) dict_keys(['my_dag_name2']) retrieved from /opt/airflow/dags/projet2/my_dag_name2.py
[2024-06-24T02:14:17.430+0000] {logging_mixin.py:154} INFO - [2024-06-24T02:14:17.430+0000] {dag.py:2941} INFO - Sync 1 DAGs
[2024-06-24T02:14:17.464+0000] {logging_mixin.py:154} INFO - [2024-06-24T02:14:17.464+0000] {dag.py:3722} INFO - Setting next_dagrun for my_dag_name2 to 2021-01-01T00:00:00+00:00, run_after=2021-01-02T00:00:00+00:00
[2024-06-24T02:14:17.489+0000] {processor.py:179} INFO - Processing /opt/airflow/dags/projet2/my_dag_name2.py took 0.122 seconds
[2024-06-24T02:14:47.599+0000] {processor.py:157} INFO - Started process (PID=623) to work on /opt/airflow/dags/projet2/my_dag_name2.py
[2024-06-24T02:14:47.600+0000] {processor.py:829} INFO - Processing file /opt/airflow/dags/projet2/my_dag_name2.py for tasks to queue
[2024-06-24T02:14:47.602+0000] {logging_mixin.py:154} INFO - [2024-06-24T02:14:47.602+0000] {dagbag.py:536} INFO - Filling up the DagBag from /opt/airflow/dags/projet2/my_dag_name2.py
[2024-06-24T02:14:47.622+0000] {processor.py:839} INFO - DAG(s) dict_keys(['my_dag_name2']) retrieved from /opt/airflow/dags/projet2/my_dag_name2.py
[2024-06-24T02:14:47.660+0000] {logging_mixin.py:154} INFO - [2024-06-24T02:14:47.660+0000] {dag.py:2941} INFO - Sync 1 DAGs
[2024-06-24T02:14:47.691+0000] {logging_mixin.py:154} INFO - [2024-06-24T02:14:47.691+0000] {dag.py:3722} INFO - Setting next_dagrun for my_dag_name2 to 2021-01-01T00:00:00+00:00, run_after=2021-01-02T00:00:00+00:00
[2024-06-24T02:14:47.715+0000] {processor.py:179} INFO - Processing /opt/airflow/dags/projet2/my_dag_name2.py took 0.121 seconds
[2024-06-24T02:15:18.029+0000] {processor.py:157} INFO - Started process (PID=632) to work on /opt/airflow/dags/projet2/my_dag_name2.py
[2024-06-24T02:15:18.031+0000] {processor.py:829} INFO - Processing file /opt/airflow/dags/projet2/my_dag_name2.py for tasks to queue
[2024-06-24T02:15:18.037+0000] {logging_mixin.py:154} INFO - [2024-06-24T02:15:18.032+0000] {dagbag.py:536} INFO - Filling up the DagBag from /opt/airflow/dags/projet2/my_dag_name2.py
[2024-06-24T02:15:18.124+0000] {processor.py:839} INFO - DAG(s) dict_keys(['my_dag_name2']) retrieved from /opt/airflow/dags/projet2/my_dag_name2.py
[2024-06-24T02:15:18.360+0000] {logging_mixin.py:154} INFO - [2024-06-24T02:15:18.359+0000] {dag.py:2941} INFO - Sync 1 DAGs
[2024-06-24T02:15:18.405+0000] {logging_mixin.py:154} INFO - [2024-06-24T02:15:18.405+0000] {dag.py:3722} INFO - Setting next_dagrun for my_dag_name2 to 2021-01-01T00:00:00+00:00, run_after=2021-01-02T00:00:00+00:00
[2024-06-24T02:15:18.431+0000] {processor.py:179} INFO - Processing /opt/airflow/dags/projet2/my_dag_name2.py took 0.410 seconds
[2024-06-24T02:26:24.397+0000] {processor.py:157} INFO - Started process (PID=641) to work on /opt/airflow/dags/projet2/my_dag_name2.py
[2024-06-24T02:26:24.405+0000] {processor.py:829} INFO - Processing file /opt/airflow/dags/projet2/my_dag_name2.py for tasks to queue
[2024-06-24T02:26:24.409+0000] {logging_mixin.py:154} INFO - [2024-06-24T02:26:24.409+0000] {dagbag.py:536} INFO - Filling up the DagBag from /opt/airflow/dags/projet2/my_dag_name2.py
[2024-06-24T02:26:24.557+0000] {processor.py:839} INFO - DAG(s) dict_keys(['my_dag_name2']) retrieved from /opt/airflow/dags/projet2/my_dag_name2.py
[2024-06-24T02:26:24.636+0000] {logging_mixin.py:154} INFO - [2024-06-24T02:26:24.635+0000] {dag.py:2941} INFO - Sync 1 DAGs
[2024-06-24T02:26:24.694+0000] {logging_mixin.py:154} INFO - [2024-06-24T02:26:24.694+0000] {dag.py:3722} INFO - Setting next_dagrun for my_dag_name2 to 2021-01-01T00:00:00+00:00, run_after=2021-01-02T00:00:00+00:00
[2024-06-24T02:26:24.747+0000] {processor.py:179} INFO - Processing /opt/airflow/dags/projet2/my_dag_name2.py took 0.356 seconds
[2024-06-24T02:26:54.992+0000] {processor.py:157} INFO - Started process (PID=650) to work on /opt/airflow/dags/projet2/my_dag_name2.py
[2024-06-24T02:26:54.994+0000] {processor.py:829} INFO - Processing file /opt/airflow/dags/projet2/my_dag_name2.py for tasks to queue
[2024-06-24T02:26:54.995+0000] {logging_mixin.py:154} INFO - [2024-06-24T02:26:54.995+0000] {dagbag.py:536} INFO - Filling up the DagBag from /opt/airflow/dags/projet2/my_dag_name2.py
[2024-06-24T02:26:55.014+0000] {processor.py:839} INFO - DAG(s) dict_keys(['my_dag_name2']) retrieved from /opt/airflow/dags/projet2/my_dag_name2.py
[2024-06-24T02:26:55.053+0000] {logging_mixin.py:154} INFO - [2024-06-24T02:26:55.053+0000] {dag.py:2941} INFO - Sync 1 DAGs
[2024-06-24T02:26:55.086+0000] {logging_mixin.py:154} INFO - [2024-06-24T02:26:55.086+0000] {dag.py:3722} INFO - Setting next_dagrun for my_dag_name2 to 2021-01-10T00:00:00+00:00, run_after=2021-01-11T00:00:00+00:00
[2024-06-24T02:26:55.110+0000] {processor.py:179} INFO - Processing /opt/airflow/dags/projet2/my_dag_name2.py took 0.123 seconds
[2024-06-24T02:27:25.221+0000] {processor.py:157} INFO - Started process (PID=660) to work on /opt/airflow/dags/projet2/my_dag_name2.py
[2024-06-24T02:27:25.223+0000] {processor.py:829} INFO - Processing file /opt/airflow/dags/projet2/my_dag_name2.py for tasks to queue
[2024-06-24T02:27:25.225+0000] {logging_mixin.py:154} INFO - [2024-06-24T02:27:25.225+0000] {dagbag.py:536} INFO - Filling up the DagBag from /opt/airflow/dags/projet2/my_dag_name2.py
[2024-06-24T02:27:25.246+0000] {processor.py:839} INFO - DAG(s) dict_keys(['my_dag_name2']) retrieved from /opt/airflow/dags/projet2/my_dag_name2.py
[2024-06-24T02:27:25.291+0000] {logging_mixin.py:154} INFO - [2024-06-24T02:27:25.291+0000] {dag.py:2941} INFO - Sync 1 DAGs
[2024-06-24T02:27:25.327+0000] {logging_mixin.py:154} INFO - [2024-06-24T02:27:25.326+0000] {dag.py:3722} INFO - Setting next_dagrun for my_dag_name2 to 2021-02-02T00:00:00+00:00, run_after=2021-02-03T00:00:00+00:00
[2024-06-24T02:27:25.357+0000] {processor.py:179} INFO - Processing /opt/airflow/dags/projet2/my_dag_name2.py took 0.142 seconds
[2024-06-24T02:27:55.615+0000] {processor.py:157} INFO - Started process (PID=670) to work on /opt/airflow/dags/projet2/my_dag_name2.py
[2024-06-24T02:27:55.616+0000] {processor.py:829} INFO - Processing file /opt/airflow/dags/projet2/my_dag_name2.py for tasks to queue
[2024-06-24T02:27:55.618+0000] {logging_mixin.py:154} INFO - [2024-06-24T02:27:55.617+0000] {dagbag.py:536} INFO - Filling up the DagBag from /opt/airflow/dags/projet2/my_dag_name2.py
[2024-06-24T02:27:55.636+0000] {processor.py:839} INFO - DAG(s) dict_keys(['my_dag_name2']) retrieved from /opt/airflow/dags/projet2/my_dag_name2.py
[2024-06-24T02:27:55.673+0000] {logging_mixin.py:154} INFO - [2024-06-24T02:27:55.673+0000] {dag.py:2941} INFO - Sync 1 DAGs
[2024-06-24T02:27:55.705+0000] {logging_mixin.py:154} INFO - [2024-06-24T02:27:55.705+0000] {dag.py:3722} INFO - Setting next_dagrun for my_dag_name2 to 2021-02-24T00:00:00+00:00, run_after=2021-02-25T00:00:00+00:00
[2024-06-24T02:27:55.731+0000] {processor.py:179} INFO - Processing /opt/airflow/dags/projet2/my_dag_name2.py took 0.121 seconds
[2024-06-24T02:28:25.839+0000] {processor.py:157} INFO - Started process (PID=679) to work on /opt/airflow/dags/projet2/my_dag_name2.py
[2024-06-24T02:28:25.841+0000] {processor.py:829} INFO - Processing file /opt/airflow/dags/projet2/my_dag_name2.py for tasks to queue
[2024-06-24T02:28:25.843+0000] {logging_mixin.py:154} INFO - [2024-06-24T02:28:25.842+0000] {dagbag.py:536} INFO - Filling up the DagBag from /opt/airflow/dags/projet2/my_dag_name2.py
[2024-06-24T02:28:25.864+0000] {processor.py:839} INFO - DAG(s) dict_keys(['my_dag_name2']) retrieved from /opt/airflow/dags/projet2/my_dag_name2.py
[2024-06-24T02:28:25.901+0000] {logging_mixin.py:154} INFO - [2024-06-24T02:28:25.900+0000] {dag.py:2941} INFO - Sync 1 DAGs
[2024-06-24T02:28:25.939+0000] {logging_mixin.py:154} INFO - [2024-06-24T02:28:25.938+0000] {dag.py:3722} INFO - Setting next_dagrun for my_dag_name2 to 2021-03-17T00:00:00+00:00, run_after=2021-03-18T00:00:00+00:00
[2024-06-24T02:28:25.968+0000] {processor.py:179} INFO - Processing /opt/airflow/dags/projet2/my_dag_name2.py took 0.134 seconds
[2024-06-24T02:28:56.613+0000] {processor.py:157} INFO - Started process (PID=688) to work on /opt/airflow/dags/projet2/my_dag_name2.py
[2024-06-24T02:28:56.656+0000] {processor.py:829} INFO - Processing file /opt/airflow/dags/projet2/my_dag_name2.py for tasks to queue
[2024-06-24T02:28:56.700+0000] {logging_mixin.py:154} INFO - [2024-06-24T02:28:56.697+0000] {dagbag.py:536} INFO - Filling up the DagBag from /opt/airflow/dags/projet2/my_dag_name2.py
[2024-06-24T02:28:56.807+0000] {processor.py:839} INFO - DAG(s) dict_keys(['my_dag_name2']) retrieved from /opt/airflow/dags/projet2/my_dag_name2.py
[2024-06-24T02:28:56.866+0000] {logging_mixin.py:154} INFO - [2024-06-24T02:28:56.865+0000] {dag.py:2941} INFO - Sync 1 DAGs
[2024-06-24T02:28:56.924+0000] {logging_mixin.py:154} INFO - [2024-06-24T02:28:56.924+0000] {dag.py:3722} INFO - Setting next_dagrun for my_dag_name2 to 2021-04-04T00:00:00+00:00, run_after=2021-04-05T00:00:00+00:00
[2024-06-24T02:28:56.961+0000] {processor.py:179} INFO - Processing /opt/airflow/dags/projet2/my_dag_name2.py took 0.366 seconds
[2024-06-24T02:29:27.259+0000] {processor.py:157} INFO - Started process (PID=697) to work on /opt/airflow/dags/projet2/my_dag_name2.py
[2024-06-24T02:29:27.260+0000] {processor.py:829} INFO - Processing file /opt/airflow/dags/projet2/my_dag_name2.py for tasks to queue
[2024-06-24T02:29:27.262+0000] {logging_mixin.py:154} INFO - [2024-06-24T02:29:27.261+0000] {dagbag.py:536} INFO - Filling up the DagBag from /opt/airflow/dags/projet2/my_dag_name2.py
[2024-06-24T02:29:27.281+0000] {processor.py:839} INFO - DAG(s) dict_keys(['my_dag_name2']) retrieved from /opt/airflow/dags/projet2/my_dag_name2.py
[2024-06-24T02:29:27.320+0000] {logging_mixin.py:154} INFO - [2024-06-24T02:29:27.320+0000] {dag.py:2941} INFO - Sync 1 DAGs
[2024-06-24T02:29:27.353+0000] {logging_mixin.py:154} INFO - [2024-06-24T02:29:27.352+0000] {dag.py:3722} INFO - Setting next_dagrun for my_dag_name2 to 2021-04-26T00:00:00+00:00, run_after=2021-04-27T00:00:00+00:00
[2024-06-24T02:29:27.379+0000] {processor.py:179} INFO - Processing /opt/airflow/dags/projet2/my_dag_name2.py took 0.124 seconds
[2024-06-24T02:29:57.610+0000] {processor.py:157} INFO - Started process (PID=706) to work on /opt/airflow/dags/projet2/my_dag_name2.py
[2024-06-24T02:29:57.611+0000] {processor.py:829} INFO - Processing file /opt/airflow/dags/projet2/my_dag_name2.py for tasks to queue
[2024-06-24T02:29:57.613+0000] {logging_mixin.py:154} INFO - [2024-06-24T02:29:57.613+0000] {dagbag.py:536} INFO - Filling up the DagBag from /opt/airflow/dags/projet2/my_dag_name2.py
[2024-06-24T02:29:57.632+0000] {processor.py:839} INFO - DAG(s) dict_keys(['my_dag_name2']) retrieved from /opt/airflow/dags/projet2/my_dag_name2.py
[2024-06-24T02:29:57.671+0000] {logging_mixin.py:154} INFO - [2024-06-24T02:29:57.671+0000] {dag.py:2941} INFO - Sync 1 DAGs
[2024-06-24T02:29:57.704+0000] {logging_mixin.py:154} INFO - [2024-06-24T02:29:57.703+0000] {dag.py:3722} INFO - Setting next_dagrun for my_dag_name2 to 2021-05-18T00:00:00+00:00, run_after=2021-05-19T00:00:00+00:00
[2024-06-24T02:29:57.729+0000] {processor.py:179} INFO - Processing /opt/airflow/dags/projet2/my_dag_name2.py took 0.124 seconds
[2024-06-24T02:30:27.915+0000] {processor.py:157} INFO - Started process (PID=715) to work on /opt/airflow/dags/projet2/my_dag_name2.py
[2024-06-24T02:30:27.917+0000] {processor.py:829} INFO - Processing file /opt/airflow/dags/projet2/my_dag_name2.py for tasks to queue
[2024-06-24T02:30:27.918+0000] {logging_mixin.py:154} INFO - [2024-06-24T02:30:27.918+0000] {dagbag.py:536} INFO - Filling up the DagBag from /opt/airflow/dags/projet2/my_dag_name2.py
[2024-06-24T02:30:27.937+0000] {processor.py:839} INFO - DAG(s) dict_keys(['my_dag_name2']) retrieved from /opt/airflow/dags/projet2/my_dag_name2.py
[2024-06-24T02:30:27.975+0000] {logging_mixin.py:154} INFO - [2024-06-24T02:30:27.975+0000] {dag.py:2941} INFO - Sync 1 DAGs
[2024-06-24T02:30:28.006+0000] {logging_mixin.py:154} INFO - [2024-06-24T02:30:28.006+0000] {dag.py:3722} INFO - Setting next_dagrun for my_dag_name2 to 2021-06-08T00:00:00+00:00, run_after=2021-06-09T00:00:00+00:00
[2024-06-24T02:30:28.029+0000] {processor.py:179} INFO - Processing /opt/airflow/dags/projet2/my_dag_name2.py took 0.119 seconds
[2024-06-24T02:30:58.148+0000] {processor.py:157} INFO - Started process (PID=724) to work on /opt/airflow/dags/projet2/my_dag_name2.py
[2024-06-24T02:30:58.150+0000] {processor.py:829} INFO - Processing file /opt/airflow/dags/projet2/my_dag_name2.py for tasks to queue
[2024-06-24T02:30:58.151+0000] {logging_mixin.py:154} INFO - [2024-06-24T02:30:58.151+0000] {dagbag.py:536} INFO - Filling up the DagBag from /opt/airflow/dags/projet2/my_dag_name2.py
[2024-06-24T02:30:58.170+0000] {processor.py:839} INFO - DAG(s) dict_keys(['my_dag_name2']) retrieved from /opt/airflow/dags/projet2/my_dag_name2.py
[2024-06-24T02:30:58.208+0000] {logging_mixin.py:154} INFO - [2024-06-24T02:30:58.207+0000] {dag.py:2941} INFO - Sync 1 DAGs
[2024-06-24T02:30:58.241+0000] {logging_mixin.py:154} INFO - [2024-06-24T02:30:58.241+0000] {dag.py:3722} INFO - Setting next_dagrun for my_dag_name2 to 2021-06-30T00:00:00+00:00, run_after=2021-07-01T00:00:00+00:00
[2024-06-24T02:30:58.264+0000] {processor.py:179} INFO - Processing /opt/airflow/dags/projet2/my_dag_name2.py took 0.121 seconds
[2024-06-24T02:31:28.476+0000] {processor.py:157} INFO - Started process (PID=733) to work on /opt/airflow/dags/projet2/my_dag_name2.py
[2024-06-24T02:31:28.478+0000] {processor.py:829} INFO - Processing file /opt/airflow/dags/projet2/my_dag_name2.py for tasks to queue
[2024-06-24T02:31:28.479+0000] {logging_mixin.py:154} INFO - [2024-06-24T02:31:28.479+0000] {dagbag.py:536} INFO - Filling up the DagBag from /opt/airflow/dags/projet2/my_dag_name2.py
[2024-06-24T02:31:28.497+0000] {processor.py:839} INFO - DAG(s) dict_keys(['my_dag_name2']) retrieved from /opt/airflow/dags/projet2/my_dag_name2.py
[2024-06-24T02:31:28.532+0000] {logging_mixin.py:154} INFO - [2024-06-24T02:31:28.532+0000] {dag.py:2941} INFO - Sync 1 DAGs
[2024-06-24T02:31:28.565+0000] {logging_mixin.py:154} INFO - [2024-06-24T02:31:28.565+0000] {dag.py:3722} INFO - Setting next_dagrun for my_dag_name2 to 2021-07-22T00:00:00+00:00, run_after=2021-07-23T00:00:00+00:00
[2024-06-24T02:31:28.585+0000] {processor.py:179} INFO - Processing /opt/airflow/dags/projet2/my_dag_name2.py took 0.113 seconds
[2024-06-24T02:31:58.699+0000] {processor.py:157} INFO - Started process (PID=742) to work on /opt/airflow/dags/projet2/my_dag_name2.py
[2024-06-24T02:31:58.701+0000] {processor.py:829} INFO - Processing file /opt/airflow/dags/projet2/my_dag_name2.py for tasks to queue
[2024-06-24T02:31:58.703+0000] {logging_mixin.py:154} INFO - [2024-06-24T02:31:58.703+0000] {dagbag.py:536} INFO - Filling up the DagBag from /opt/airflow/dags/projet2/my_dag_name2.py
[2024-06-24T02:31:58.722+0000] {processor.py:839} INFO - DAG(s) dict_keys(['my_dag_name2']) retrieved from /opt/airflow/dags/projet2/my_dag_name2.py
[2024-06-24T02:31:58.761+0000] {logging_mixin.py:154} INFO - [2024-06-24T02:31:58.760+0000] {dag.py:2941} INFO - Sync 1 DAGs
[2024-06-24T02:31:58.793+0000] {logging_mixin.py:154} INFO - [2024-06-24T02:31:58.792+0000] {dag.py:3722} INFO - Setting next_dagrun for my_dag_name2 to 2021-08-12T00:00:00+00:00, run_after=2021-08-13T00:00:00+00:00
[2024-06-24T02:31:58.819+0000] {processor.py:179} INFO - Processing /opt/airflow/dags/projet2/my_dag_name2.py took 0.124 seconds
[2024-06-24T02:32:28.962+0000] {processor.py:157} INFO - Started process (PID=751) to work on /opt/airflow/dags/projet2/my_dag_name2.py
[2024-06-24T02:32:28.964+0000] {processor.py:829} INFO - Processing file /opt/airflow/dags/projet2/my_dag_name2.py for tasks to queue
[2024-06-24T02:32:28.966+0000] {logging_mixin.py:154} INFO - [2024-06-24T02:32:28.966+0000] {dagbag.py:536} INFO - Filling up the DagBag from /opt/airflow/dags/projet2/my_dag_name2.py
[2024-06-24T02:32:28.984+0000] {processor.py:839} INFO - DAG(s) dict_keys(['my_dag_name2']) retrieved from /opt/airflow/dags/projet2/my_dag_name2.py
[2024-06-24T02:32:29.021+0000] {logging_mixin.py:154} INFO - [2024-06-24T02:32:29.021+0000] {dag.py:2941} INFO - Sync 1 DAGs
[2024-06-24T02:32:29.053+0000] {logging_mixin.py:154} INFO - [2024-06-24T02:32:29.053+0000] {dag.py:3722} INFO - Setting next_dagrun for my_dag_name2 to 2021-09-03T00:00:00+00:00, run_after=2021-09-04T00:00:00+00:00
[2024-06-24T02:32:29.079+0000] {processor.py:179} INFO - Processing /opt/airflow/dags/projet2/my_dag_name2.py took 0.121 seconds
[2024-06-24T02:32:59.196+0000] {processor.py:157} INFO - Started process (PID=760) to work on /opt/airflow/dags/projet2/my_dag_name2.py
[2024-06-24T02:32:59.198+0000] {processor.py:829} INFO - Processing file /opt/airflow/dags/projet2/my_dag_name2.py for tasks to queue
[2024-06-24T02:32:59.199+0000] {logging_mixin.py:154} INFO - [2024-06-24T02:32:59.199+0000] {dagbag.py:536} INFO - Filling up the DagBag from /opt/airflow/dags/projet2/my_dag_name2.py
[2024-06-24T02:32:59.220+0000] {processor.py:839} INFO - DAG(s) dict_keys(['my_dag_name2']) retrieved from /opt/airflow/dags/projet2/my_dag_name2.py
[2024-06-24T02:32:59.257+0000] {logging_mixin.py:154} INFO - [2024-06-24T02:32:59.257+0000] {dag.py:2941} INFO - Sync 1 DAGs
[2024-06-24T02:32:59.289+0000] {logging_mixin.py:154} INFO - [2024-06-24T02:32:59.288+0000] {dag.py:3722} INFO - Setting next_dagrun for my_dag_name2 to 2021-09-26T00:00:00+00:00, run_after=2021-09-27T00:00:00+00:00
[2024-06-24T02:32:59.314+0000] {processor.py:179} INFO - Processing /opt/airflow/dags/projet2/my_dag_name2.py took 0.123 seconds
