[2024-06-24T05:08:08.910+0000] {taskinstance.py:1159} INFO - Dependencies all met for dep_context=non-requeueable deps ti=<TaskInstance: rbroker_instrument_dag.snowfalke_task1 manual__2024-06-24T05:08:06.968425+00:00 [queued]>
[2024-06-24T05:08:08.922+0000] {taskinstance.py:1159} INFO - Dependencies all met for dep_context=requeueable deps ti=<TaskInstance: rbroker_instrument_dag.snowfalke_task1 manual__2024-06-24T05:08:06.968425+00:00 [queued]>
[2024-06-24T05:08:08.923+0000] {taskinstance.py:1361} INFO - Starting attempt 1 of 1
[2024-06-24T05:08:08.942+0000] {taskinstance.py:1382} INFO - Executing <Task(SnowflakeOperator): snowfalke_task1> on 2024-06-24 05:08:06.968425+00:00
[2024-06-24T05:08:08.951+0000] {standard_task_runner.py:57} INFO - Started process 2846 to run task
[2024-06-24T05:08:08.956+0000] {standard_task_runner.py:84} INFO - Running: ['***', 'tasks', 'run', 'rbroker_instrument_dag', 'snowfalke_task1', 'manual__2024-06-24T05:08:06.968425+00:00', '--job-id', '49', '--raw', '--subdir', 'DAGS_FOLDER/staging/rbroker/rbroker_instrument_dag.py', '--cfg-path', '/tmp/tmplt09mv64']
[2024-06-24T05:08:08.961+0000] {standard_task_runner.py:85} INFO - Job 49: Subtask snowfalke_task1
[2024-06-24T05:08:09.026+0000] {task_command.py:416} INFO - Running <TaskInstance: rbroker_instrument_dag.snowfalke_task1 manual__2024-06-24T05:08:06.968425+00:00 [running]> on host b00a3d1afa8e
[2024-06-24T05:08:09.136+0000] {taskinstance.py:1662} INFO - Exporting env vars: AIRFLOW_CTX_DAG_OWNER='rbroker' AIRFLOW_CTX_DAG_ID='rbroker_instrument_dag' AIRFLOW_CTX_TASK_ID='snowfalke_task1' AIRFLOW_CTX_EXECUTION_DATE='2024-06-24T05:08:06.968425+00:00' AIRFLOW_CTX_TRY_NUMBER='1' AIRFLOW_CTX_DAG_RUN_ID='manual__2024-06-24T05:08:06.968425+00:00'
[2024-06-24T05:08:09.138+0000] {sql.py:274} INFO - Executing: ['select 1;', 'show tables in database wdp_staging;']
[2024-06-24T05:08:09.152+0000] {base.py:73} INFO - Using connection ID 'my_snowflake_conn' for task execution.
[2024-06-24T05:08:09.164+0000] {base.py:73} INFO - Using connection ID 'my_snowflake_conn' for task execution.
[2024-06-24T05:08:09.166+0000] {connection.py:334} INFO - Snowflake Connector for Python Version: 3.3.1, Python Version: 3.8.18, Platform: Linux-6.3.13-linuxkit-x86_64-with-glibc2.2.5
[2024-06-24T05:08:09.167+0000] {connection.py:1103} INFO - This connection is in OCSP Fail Open Mode. TLS Certificates would be checked for validity and revocation status. Any other Certificate Revocation related exceptions or OCSP Responder failures would be disregarded in favor of connectivity.
[2024-06-24T05:08:09.168+0000] {connection.py:1113} INFO - THIS CONNECTION IS IN INSECURE MODE. IT MEANS THE CERTIFICATE WILL BE VALIDATED BUT THE CERTIFICATE REVOCATION STATUS WILL NOT BE CHECKED.
[2024-06-24T05:08:09.168+0000] {connection.py:1121} INFO - Setting use_openssl_only mode to False
[2024-06-24T05:08:09.279+0000] {ssl_wrap_socket.py:100} INFO - THIS CONNECTION IS IN INSECURE MODE. IT MEANS THE CERTIFICATE WILL BE VALIDATED BUT THE CERTIFICATE REVOCATION STATUS WILL NOT BE CHECKED.
[2024-06-24T05:08:09.549+0000] {cursor.py:833} INFO - query: [ALTER SESSION SET autocommit=False]
[2024-06-24T05:08:09.630+0000] {cursor.py:846} INFO - query execution done
[2024-06-24T05:08:09.632+0000] {cursor.py:988} INFO - Number of results in first chunk: 1
[2024-06-24T05:08:09.633+0000] {sql.py:418} INFO - Running statement: select 1;, parameters: None
[2024-06-24T05:08:09.634+0000] {cursor.py:833} INFO - query: [select 1;]
[2024-06-24T05:08:09.697+0000] {cursor.py:846} INFO - query execution done
[2024-06-24T05:08:09.698+0000] {cursor.py:988} INFO - Number of results in first chunk: 1
[2024-06-24T05:08:09.698+0000] {sql.py:427} INFO - Rows affected: 1
[2024-06-24T05:08:09.702+0000] {snowflake.py:400} INFO - Rows affected: 1
[2024-06-24T05:08:09.702+0000] {snowflake.py:401} INFO - Snowflake query id: 01b53774-3201-46f7-0005-573a000311c2
[2024-06-24T05:08:09.703+0000] {sql.py:418} INFO - Running statement: show tables in database wdp_staging;, parameters: None
[2024-06-24T05:08:09.704+0000] {cursor.py:833} INFO - query: [show tables in database wdp_staging;]
[2024-06-24T05:08:09.801+0000] {cursor.py:846} INFO - query execution done
[2024-06-24T05:08:09.805+0000] {cursor.py:988} INFO - Number of results in first chunk: 1
[2024-06-24T05:08:09.806+0000] {sql.py:427} INFO - Rows affected: 1
[2024-06-24T05:08:09.806+0000] {snowflake.py:400} INFO - Rows affected: 1
[2024-06-24T05:08:09.807+0000] {snowflake.py:401} INFO - Snowflake query id: 01b53774-3201-46f6-0005-573a000321c6
[2024-06-24T05:08:09.807+0000] {cursor.py:833} INFO - query: [COMMIT]
[2024-06-24T05:08:09.857+0000] {cursor.py:846} INFO - query execution done
[2024-06-24T05:08:09.858+0000] {cursor.py:988} INFO - Number of results in first chunk: 1
[2024-06-24T05:08:09.860+0000] {connection.py:677} INFO - closed
[2024-06-24T05:08:09.885+0000] {connection.py:683} INFO - No async queries seem to be running, deleting session
[2024-06-24T05:08:09.956+0000] {taskinstance.py:1400} INFO - Marking task as SUCCESS. dag_id=rbroker_instrument_dag, task_id=snowfalke_task1, execution_date=20240624T050806, start_date=20240624T050808, end_date=20240624T050809
[2024-06-24T05:08:10.017+0000] {local_task_job_runner.py:228} INFO - Task exited with return code 0
[2024-06-24T05:08:10.073+0000] {taskinstance.py:2778} INFO - 1 downstream tasks scheduled from follow-on schedule check
