[2024-06-24T04:10:25.986+0000] {processor.py:157} INFO - Started process (PID=2444) to work on /opt/airflow/dags/staging/rbroker/dag.py
[2024-06-24T04:10:25.988+0000] {processor.py:829} INFO - Processing file /opt/airflow/dags/staging/rbroker/dag.py for tasks to queue
[2024-06-24T04:10:25.990+0000] {logging_mixin.py:154} INFO - [2024-06-24T04:10:25.990+0000] {dagbag.py:536} INFO - Filling up the DagBag from /opt/airflow/dags/staging/rbroker/dag.py
[2024-06-24T04:10:26.019+0000] {processor.py:839} INFO - DAG(s) dict_keys(['snowflake_connector3']) retrieved from /opt/airflow/dags/staging/rbroker/dag.py
[2024-06-24T04:10:26.182+0000] {logging_mixin.py:154} INFO - [2024-06-24T04:10:26.182+0000] {dag.py:2941} INFO - Sync 1 DAGs
[2024-06-24T04:10:26.199+0000] {logging_mixin.py:154} INFO - [2024-06-24T04:10:26.199+0000] {dag.py:3722} INFO - Setting next_dagrun for snowflake_connector3 to None, run_after=None
[2024-06-24T04:10:26.231+0000] {processor.py:179} INFO - Processing /opt/airflow/dags/staging/rbroker/dag.py took 0.250 seconds
[2024-06-24T04:10:30.025+0000] {processor.py:157} INFO - Started process (PID=2445) to work on /opt/airflow/dags/staging/rbroker/dag.py
[2024-06-24T04:10:30.027+0000] {processor.py:829} INFO - Processing file /opt/airflow/dags/staging/rbroker/dag.py for tasks to queue
[2024-06-24T04:10:30.028+0000] {logging_mixin.py:154} INFO - [2024-06-24T04:10:30.028+0000] {dagbag.py:536} INFO - Filling up the DagBag from /opt/airflow/dags/staging/rbroker/dag.py
[2024-06-24T04:10:30.055+0000] {processor.py:839} INFO - DAG(s) dict_keys(['snowflake_connector3']) retrieved from /opt/airflow/dags/staging/rbroker/dag.py
[2024-06-24T04:10:30.073+0000] {logging_mixin.py:154} INFO - [2024-06-24T04:10:30.072+0000] {dag.py:2941} INFO - Sync 1 DAGs
[2024-06-24T04:10:30.091+0000] {logging_mixin.py:154} INFO - [2024-06-24T04:10:30.091+0000] {dag.py:3722} INFO - Setting next_dagrun for snowflake_connector3 to None, run_after=None
[2024-06-24T04:10:30.118+0000] {processor.py:179} INFO - Processing /opt/airflow/dags/staging/rbroker/dag.py took 0.098 seconds
[2024-06-24T04:10:48.432+0000] {processor.py:157} INFO - Started process (PID=2456) to work on /opt/airflow/dags/staging/rbroker/dag.py
[2024-06-24T04:10:48.433+0000] {processor.py:829} INFO - Processing file /opt/airflow/dags/staging/rbroker/dag.py for tasks to queue
[2024-06-24T04:10:48.435+0000] {logging_mixin.py:154} INFO - [2024-06-24T04:10:48.434+0000] {dagbag.py:536} INFO - Filling up the DagBag from /opt/airflow/dags/staging/rbroker/dag.py
[2024-06-24T04:10:48.459+0000] {processor.py:839} INFO - DAG(s) dict_keys(['snowflake_connector3']) retrieved from /opt/airflow/dags/staging/rbroker/dag.py
[2024-06-24T04:10:48.476+0000] {logging_mixin.py:154} INFO - [2024-06-24T04:10:48.476+0000] {dag.py:2941} INFO - Sync 1 DAGs
[2024-06-24T04:10:48.495+0000] {logging_mixin.py:154} INFO - [2024-06-24T04:10:48.495+0000] {dag.py:3722} INFO - Setting next_dagrun for snowflake_connector3 to None, run_after=None
[2024-06-24T04:10:48.521+0000] {processor.py:179} INFO - Processing /opt/airflow/dags/staging/rbroker/dag.py took 0.094 seconds
[2024-06-24T04:10:54.589+0000] {processor.py:157} INFO - Started process (PID=2458) to work on /opt/airflow/dags/staging/rbroker/dag.py
[2024-06-24T04:10:54.591+0000] {processor.py:829} INFO - Processing file /opt/airflow/dags/staging/rbroker/dag.py for tasks to queue
[2024-06-24T04:10:54.593+0000] {logging_mixin.py:154} INFO - [2024-06-24T04:10:54.592+0000] {dagbag.py:536} INFO - Filling up the DagBag from /opt/airflow/dags/staging/rbroker/dag.py
[2024-06-24T04:10:54.619+0000] {processor.py:839} INFO - DAG(s) dict_keys(['snowflake_connector3']) retrieved from /opt/airflow/dags/staging/rbroker/dag.py
[2024-06-24T04:10:54.636+0000] {logging_mixin.py:154} INFO - [2024-06-24T04:10:54.636+0000] {dag.py:2941} INFO - Sync 1 DAGs
[2024-06-24T04:10:54.654+0000] {logging_mixin.py:154} INFO - [2024-06-24T04:10:54.654+0000] {dag.py:3722} INFO - Setting next_dagrun for snowflake_connector3 to None, run_after=None
[2024-06-24T04:10:54.681+0000] {processor.py:179} INFO - Processing /opt/airflow/dags/staging/rbroker/dag.py took 0.096 seconds
[2024-06-24T04:11:25.092+0000] {processor.py:157} INFO - Started process (PID=2470) to work on /opt/airflow/dags/staging/rbroker/dag.py
[2024-06-24T04:11:25.094+0000] {processor.py:829} INFO - Processing file /opt/airflow/dags/staging/rbroker/dag.py for tasks to queue
[2024-06-24T04:11:25.095+0000] {logging_mixin.py:154} INFO - [2024-06-24T04:11:25.095+0000] {dagbag.py:536} INFO - Filling up the DagBag from /opt/airflow/dags/staging/rbroker/dag.py
[2024-06-24T04:11:25.119+0000] {processor.py:839} INFO - DAG(s) dict_keys(['snowflake_connector3']) retrieved from /opt/airflow/dags/staging/rbroker/dag.py
[2024-06-24T04:11:25.156+0000] {logging_mixin.py:154} INFO - [2024-06-24T04:11:25.156+0000] {dag.py:2941} INFO - Sync 1 DAGs
[2024-06-24T04:11:25.175+0000] {logging_mixin.py:154} INFO - [2024-06-24T04:11:25.175+0000] {dag.py:3722} INFO - Setting next_dagrun for snowflake_connector3 to None, run_after=None
[2024-06-24T04:11:25.227+0000] {processor.py:179} INFO - Processing /opt/airflow/dags/staging/rbroker/dag.py took 0.141 seconds
[2024-06-24T04:11:55.678+0000] {processor.py:157} INFO - Started process (PID=2482) to work on /opt/airflow/dags/staging/rbroker/dag.py
[2024-06-24T04:11:55.680+0000] {processor.py:829} INFO - Processing file /opt/airflow/dags/staging/rbroker/dag.py for tasks to queue
[2024-06-24T04:11:55.681+0000] {logging_mixin.py:154} INFO - [2024-06-24T04:11:55.681+0000] {dagbag.py:536} INFO - Filling up the DagBag from /opt/airflow/dags/staging/rbroker/dag.py
[2024-06-24T04:11:55.704+0000] {processor.py:839} INFO - DAG(s) dict_keys(['snowflake_connector3']) retrieved from /opt/airflow/dags/staging/rbroker/dag.py
[2024-06-24T04:11:55.744+0000] {logging_mixin.py:154} INFO - [2024-06-24T04:11:55.743+0000] {dag.py:2941} INFO - Sync 1 DAGs
[2024-06-24T04:11:55.762+0000] {logging_mixin.py:154} INFO - [2024-06-24T04:11:55.762+0000] {dag.py:3722} INFO - Setting next_dagrun for snowflake_connector3 to None, run_after=None
[2024-06-24T04:11:55.788+0000] {processor.py:179} INFO - Processing /opt/airflow/dags/staging/rbroker/dag.py took 0.115 seconds
[2024-06-24T04:12:26.252+0000] {processor.py:157} INFO - Started process (PID=2494) to work on /opt/airflow/dags/staging/rbroker/dag.py
[2024-06-24T04:12:26.254+0000] {processor.py:829} INFO - Processing file /opt/airflow/dags/staging/rbroker/dag.py for tasks to queue
[2024-06-24T04:12:26.255+0000] {logging_mixin.py:154} INFO - [2024-06-24T04:12:26.255+0000] {dagbag.py:536} INFO - Filling up the DagBag from /opt/airflow/dags/staging/rbroker/dag.py
[2024-06-24T04:12:26.281+0000] {processor.py:839} INFO - DAG(s) dict_keys(['snowflake_connector3']) retrieved from /opt/airflow/dags/staging/rbroker/dag.py
[2024-06-24T04:12:26.320+0000] {logging_mixin.py:154} INFO - [2024-06-24T04:12:26.320+0000] {dag.py:2941} INFO - Sync 1 DAGs
[2024-06-24T04:12:26.341+0000] {logging_mixin.py:154} INFO - [2024-06-24T04:12:26.340+0000] {dag.py:3722} INFO - Setting next_dagrun for snowflake_connector3 to None, run_after=None
[2024-06-24T04:12:26.368+0000] {processor.py:179} INFO - Processing /opt/airflow/dags/staging/rbroker/dag.py took 0.121 seconds
[2024-06-24T04:12:56.825+0000] {processor.py:157} INFO - Started process (PID=2506) to work on /opt/airflow/dags/staging/rbroker/dag.py
[2024-06-24T04:12:56.827+0000] {processor.py:829} INFO - Processing file /opt/airflow/dags/staging/rbroker/dag.py for tasks to queue
[2024-06-24T04:12:56.828+0000] {logging_mixin.py:154} INFO - [2024-06-24T04:12:56.828+0000] {dagbag.py:536} INFO - Filling up the DagBag from /opt/airflow/dags/staging/rbroker/dag.py
[2024-06-24T04:12:56.852+0000] {processor.py:839} INFO - DAG(s) dict_keys(['snowflake_connector3']) retrieved from /opt/airflow/dags/staging/rbroker/dag.py
[2024-06-24T04:12:56.888+0000] {logging_mixin.py:154} INFO - [2024-06-24T04:12:56.888+0000] {dag.py:2941} INFO - Sync 1 DAGs
[2024-06-24T04:12:56.908+0000] {logging_mixin.py:154} INFO - [2024-06-24T04:12:56.907+0000] {dag.py:3722} INFO - Setting next_dagrun for snowflake_connector3 to None, run_after=None
[2024-06-24T04:12:56.933+0000] {processor.py:179} INFO - Processing /opt/airflow/dags/staging/rbroker/dag.py took 0.113 seconds
[2024-06-24T04:13:27.417+0000] {processor.py:157} INFO - Started process (PID=2518) to work on /opt/airflow/dags/staging/rbroker/dag.py
[2024-06-24T04:13:27.419+0000] {processor.py:829} INFO - Processing file /opt/airflow/dags/staging/rbroker/dag.py for tasks to queue
[2024-06-24T04:13:27.421+0000] {logging_mixin.py:154} INFO - [2024-06-24T04:13:27.421+0000] {dagbag.py:536} INFO - Filling up the DagBag from /opt/airflow/dags/staging/rbroker/dag.py
[2024-06-24T04:13:27.449+0000] {processor.py:839} INFO - DAG(s) dict_keys(['snowflake_connector3']) retrieved from /opt/airflow/dags/staging/rbroker/dag.py
[2024-06-24T04:13:27.492+0000] {logging_mixin.py:154} INFO - [2024-06-24T04:13:27.491+0000] {dag.py:2941} INFO - Sync 1 DAGs
[2024-06-24T04:13:27.512+0000] {logging_mixin.py:154} INFO - [2024-06-24T04:13:27.512+0000] {dag.py:3722} INFO - Setting next_dagrun for snowflake_connector3 to None, run_after=None
[2024-06-24T04:13:27.540+0000] {processor.py:179} INFO - Processing /opt/airflow/dags/staging/rbroker/dag.py took 0.128 seconds
[2024-06-24T04:13:51.802+0000] {processor.py:157} INFO - Started process (PID=2529) to work on /opt/airflow/dags/staging/rbroker/dag.py
[2024-06-24T04:13:51.804+0000] {processor.py:829} INFO - Processing file /opt/airflow/dags/staging/rbroker/dag.py for tasks to queue
[2024-06-24T04:13:51.806+0000] {logging_mixin.py:154} INFO - [2024-06-24T04:13:51.806+0000] {dagbag.py:536} INFO - Filling up the DagBag from /opt/airflow/dags/staging/rbroker/dag.py
[2024-06-24T04:13:51.835+0000] {processor.py:839} INFO - DAG(s) dict_keys(['snowflake_connector3']) retrieved from /opt/airflow/dags/staging/rbroker/dag.py
[2024-06-24T04:13:51.877+0000] {logging_mixin.py:154} INFO - [2024-06-24T04:13:51.876+0000] {dag.py:2941} INFO - Sync 1 DAGs
[2024-06-24T04:13:51.897+0000] {logging_mixin.py:154} INFO - [2024-06-24T04:13:51.897+0000] {dag.py:3722} INFO - Setting next_dagrun for snowflake_connector3 to None, run_after=None
[2024-06-24T04:13:51.932+0000] {processor.py:179} INFO - Processing /opt/airflow/dags/staging/rbroker/dag.py took 0.135 seconds
[2024-06-24T04:14:22.412+0000] {processor.py:157} INFO - Started process (PID=2541) to work on /opt/airflow/dags/staging/rbroker/dag.py
[2024-06-24T04:14:22.413+0000] {processor.py:829} INFO - Processing file /opt/airflow/dags/staging/rbroker/dag.py for tasks to queue
[2024-06-24T04:14:22.415+0000] {logging_mixin.py:154} INFO - [2024-06-24T04:14:22.414+0000] {dagbag.py:536} INFO - Filling up the DagBag from /opt/airflow/dags/staging/rbroker/dag.py
[2024-06-24T04:14:22.435+0000] {processor.py:839} INFO - DAG(s) dict_keys(['snowflake_connector3']) retrieved from /opt/airflow/dags/staging/rbroker/dag.py
[2024-06-24T04:14:22.473+0000] {logging_mixin.py:154} INFO - [2024-06-24T04:14:22.472+0000] {dag.py:2941} INFO - Sync 1 DAGs
[2024-06-24T04:14:22.492+0000] {logging_mixin.py:154} INFO - [2024-06-24T04:14:22.492+0000] {dag.py:3722} INFO - Setting next_dagrun for snowflake_connector3 to None, run_after=None
[2024-06-24T04:14:22.518+0000] {processor.py:179} INFO - Processing /opt/airflow/dags/staging/rbroker/dag.py took 0.111 seconds
[2024-06-24T04:14:52.961+0000] {processor.py:157} INFO - Started process (PID=2553) to work on /opt/airflow/dags/staging/rbroker/dag.py
[2024-06-24T04:14:52.962+0000] {processor.py:829} INFO - Processing file /opt/airflow/dags/staging/rbroker/dag.py for tasks to queue
[2024-06-24T04:14:52.963+0000] {logging_mixin.py:154} INFO - [2024-06-24T04:14:52.963+0000] {dagbag.py:536} INFO - Filling up the DagBag from /opt/airflow/dags/staging/rbroker/dag.py
[2024-06-24T04:14:52.986+0000] {processor.py:839} INFO - DAG(s) dict_keys(['snowflake_connector3']) retrieved from /opt/airflow/dags/staging/rbroker/dag.py
[2024-06-24T04:14:53.026+0000] {logging_mixin.py:154} INFO - [2024-06-24T04:14:53.025+0000] {dag.py:2941} INFO - Sync 1 DAGs
[2024-06-24T04:14:53.047+0000] {logging_mixin.py:154} INFO - [2024-06-24T04:14:53.047+0000] {dag.py:3722} INFO - Setting next_dagrun for snowflake_connector3 to None, run_after=None
[2024-06-24T04:14:53.078+0000] {processor.py:179} INFO - Processing /opt/airflow/dags/staging/rbroker/dag.py took 0.122 seconds
[2024-06-24T04:15:23.498+0000] {processor.py:157} INFO - Started process (PID=2564) to work on /opt/airflow/dags/staging/rbroker/dag.py
[2024-06-24T04:15:23.500+0000] {processor.py:829} INFO - Processing file /opt/airflow/dags/staging/rbroker/dag.py for tasks to queue
[2024-06-24T04:15:23.501+0000] {logging_mixin.py:154} INFO - [2024-06-24T04:15:23.501+0000] {dagbag.py:536} INFO - Filling up the DagBag from /opt/airflow/dags/staging/rbroker/dag.py
[2024-06-24T04:15:23.522+0000] {processor.py:839} INFO - DAG(s) dict_keys(['snowflake_connector3']) retrieved from /opt/airflow/dags/staging/rbroker/dag.py
[2024-06-24T04:15:23.557+0000] {logging_mixin.py:154} INFO - [2024-06-24T04:15:23.556+0000] {dag.py:2941} INFO - Sync 1 DAGs
[2024-06-24T04:15:23.574+0000] {logging_mixin.py:154} INFO - [2024-06-24T04:15:23.574+0000] {dag.py:3722} INFO - Setting next_dagrun for snowflake_connector3 to None, run_after=None
[2024-06-24T04:15:23.601+0000] {processor.py:179} INFO - Processing /opt/airflow/dags/staging/rbroker/dag.py took 0.107 seconds
[2024-06-24T04:15:54.087+0000] {processor.py:157} INFO - Started process (PID=2576) to work on /opt/airflow/dags/staging/rbroker/dag.py
[2024-06-24T04:15:54.089+0000] {processor.py:829} INFO - Processing file /opt/airflow/dags/staging/rbroker/dag.py for tasks to queue
[2024-06-24T04:15:54.090+0000] {logging_mixin.py:154} INFO - [2024-06-24T04:15:54.090+0000] {dagbag.py:536} INFO - Filling up the DagBag from /opt/airflow/dags/staging/rbroker/dag.py
[2024-06-24T04:15:54.111+0000] {processor.py:839} INFO - DAG(s) dict_keys(['snowflake_connector3']) retrieved from /opt/airflow/dags/staging/rbroker/dag.py
[2024-06-24T04:15:54.145+0000] {logging_mixin.py:154} INFO - [2024-06-24T04:15:54.145+0000] {dag.py:2941} INFO - Sync 1 DAGs
[2024-06-24T04:15:54.162+0000] {logging_mixin.py:154} INFO - [2024-06-24T04:15:54.162+0000] {dag.py:3722} INFO - Setting next_dagrun for snowflake_connector3 to None, run_after=None
[2024-06-24T04:15:54.189+0000] {processor.py:179} INFO - Processing /opt/airflow/dags/staging/rbroker/dag.py took 0.107 seconds
[2024-06-24T04:15:59.146+0000] {processor.py:157} INFO - Started process (PID=2577) to work on /opt/airflow/dags/staging/rbroker/dag.py
[2024-06-24T04:15:59.147+0000] {processor.py:829} INFO - Processing file /opt/airflow/dags/staging/rbroker/dag.py for tasks to queue
[2024-06-24T04:15:59.149+0000] {logging_mixin.py:154} INFO - [2024-06-24T04:15:59.149+0000] {dagbag.py:536} INFO - Filling up the DagBag from /opt/airflow/dags/staging/rbroker/dag.py
[2024-06-24T04:15:59.175+0000] {processor.py:839} INFO - DAG(s) dict_keys(['snowflake_connector3']) retrieved from /opt/airflow/dags/staging/rbroker/dag.py
[2024-06-24T04:15:59.210+0000] {logging_mixin.py:154} INFO - [2024-06-24T04:15:59.210+0000] {dag.py:2941} INFO - Sync 1 DAGs
[2024-06-24T04:15:59.228+0000] {logging_mixin.py:154} INFO - [2024-06-24T04:15:59.228+0000] {dag.py:3722} INFO - Setting next_dagrun for snowflake_connector3 to None, run_after=None
[2024-06-24T04:15:59.256+0000] {processor.py:179} INFO - Processing /opt/airflow/dags/staging/rbroker/dag.py took 0.115 seconds
[2024-06-24T04:16:29.721+0000] {processor.py:157} INFO - Started process (PID=2589) to work on /opt/airflow/dags/staging/rbroker/dag.py
[2024-06-24T04:16:29.722+0000] {processor.py:829} INFO - Processing file /opt/airflow/dags/staging/rbroker/dag.py for tasks to queue
[2024-06-24T04:16:29.724+0000] {logging_mixin.py:154} INFO - [2024-06-24T04:16:29.723+0000] {dagbag.py:536} INFO - Filling up the DagBag from /opt/airflow/dags/staging/rbroker/dag.py
[2024-06-24T04:16:29.747+0000] {processor.py:839} INFO - DAG(s) dict_keys(['snowflake_connector3']) retrieved from /opt/airflow/dags/staging/rbroker/dag.py
[2024-06-24T04:16:29.787+0000] {logging_mixin.py:154} INFO - [2024-06-24T04:16:29.787+0000] {dag.py:2941} INFO - Sync 1 DAGs
[2024-06-24T04:16:29.807+0000] {logging_mixin.py:154} INFO - [2024-06-24T04:16:29.807+0000] {dag.py:3722} INFO - Setting next_dagrun for snowflake_connector3 to None, run_after=None
[2024-06-24T04:16:29.834+0000] {processor.py:179} INFO - Processing /opt/airflow/dags/staging/rbroker/dag.py took 0.118 seconds
[2024-06-24T04:17:00.288+0000] {processor.py:157} INFO - Started process (PID=2601) to work on /opt/airflow/dags/staging/rbroker/dag.py
[2024-06-24T04:17:00.291+0000] {processor.py:829} INFO - Processing file /opt/airflow/dags/staging/rbroker/dag.py for tasks to queue
[2024-06-24T04:17:00.293+0000] {logging_mixin.py:154} INFO - [2024-06-24T04:17:00.293+0000] {dagbag.py:536} INFO - Filling up the DagBag from /opt/airflow/dags/staging/rbroker/dag.py
[2024-06-24T04:17:00.319+0000] {processor.py:839} INFO - DAG(s) dict_keys(['snowflake_connector3']) retrieved from /opt/airflow/dags/staging/rbroker/dag.py
[2024-06-24T04:17:00.362+0000] {logging_mixin.py:154} INFO - [2024-06-24T04:17:00.362+0000] {dag.py:2941} INFO - Sync 1 DAGs
[2024-06-24T04:17:00.381+0000] {logging_mixin.py:154} INFO - [2024-06-24T04:17:00.381+0000] {dag.py:3722} INFO - Setting next_dagrun for snowflake_connector3 to None, run_after=None
[2024-06-24T04:17:00.404+0000] {processor.py:179} INFO - Processing /opt/airflow/dags/staging/rbroker/dag.py took 0.124 seconds
[2024-06-24T04:17:30.834+0000] {processor.py:157} INFO - Started process (PID=2613) to work on /opt/airflow/dags/staging/rbroker/dag.py
[2024-06-24T04:17:30.835+0000] {processor.py:829} INFO - Processing file /opt/airflow/dags/staging/rbroker/dag.py for tasks to queue
[2024-06-24T04:17:30.837+0000] {logging_mixin.py:154} INFO - [2024-06-24T04:17:30.836+0000] {dagbag.py:536} INFO - Filling up the DagBag from /opt/airflow/dags/staging/rbroker/dag.py
[2024-06-24T04:17:30.860+0000] {processor.py:839} INFO - DAG(s) dict_keys(['snowflake_connector3']) retrieved from /opt/airflow/dags/staging/rbroker/dag.py
[2024-06-24T04:17:30.899+0000] {logging_mixin.py:154} INFO - [2024-06-24T04:17:30.899+0000] {dag.py:2941} INFO - Sync 1 DAGs
[2024-06-24T04:17:30.917+0000] {logging_mixin.py:154} INFO - [2024-06-24T04:17:30.917+0000] {dag.py:3722} INFO - Setting next_dagrun for snowflake_connector3 to None, run_after=None
[2024-06-24T04:17:30.942+0000] {processor.py:179} INFO - Processing /opt/airflow/dags/staging/rbroker/dag.py took 0.114 seconds
[2024-06-24T04:18:01.390+0000] {processor.py:157} INFO - Started process (PID=2625) to work on /opt/airflow/dags/staging/rbroker/dag.py
[2024-06-24T04:18:01.391+0000] {processor.py:829} INFO - Processing file /opt/airflow/dags/staging/rbroker/dag.py for tasks to queue
[2024-06-24T04:18:01.393+0000] {logging_mixin.py:154} INFO - [2024-06-24T04:18:01.392+0000] {dagbag.py:536} INFO - Filling up the DagBag from /opt/airflow/dags/staging/rbroker/dag.py
[2024-06-24T04:18:01.414+0000] {processor.py:839} INFO - DAG(s) dict_keys(['snowflake_connector3']) retrieved from /opt/airflow/dags/staging/rbroker/dag.py
[2024-06-24T04:18:01.450+0000] {logging_mixin.py:154} INFO - [2024-06-24T04:18:01.450+0000] {dag.py:2941} INFO - Sync 1 DAGs
[2024-06-24T04:18:01.468+0000] {logging_mixin.py:154} INFO - [2024-06-24T04:18:01.467+0000] {dag.py:3722} INFO - Setting next_dagrun for snowflake_connector3 to None, run_after=None
[2024-06-24T04:18:01.492+0000] {processor.py:179} INFO - Processing /opt/airflow/dags/staging/rbroker/dag.py took 0.107 seconds
[2024-06-24T04:18:32.087+0000] {processor.py:157} INFO - Started process (PID=2637) to work on /opt/airflow/dags/staging/rbroker/dag.py
[2024-06-24T04:18:32.088+0000] {processor.py:829} INFO - Processing file /opt/airflow/dags/staging/rbroker/dag.py for tasks to queue
[2024-06-24T04:18:32.090+0000] {logging_mixin.py:154} INFO - [2024-06-24T04:18:32.089+0000] {dagbag.py:536} INFO - Filling up the DagBag from /opt/airflow/dags/staging/rbroker/dag.py
[2024-06-24T04:18:32.114+0000] {processor.py:839} INFO - DAG(s) dict_keys(['snowflake_connector3']) retrieved from /opt/airflow/dags/staging/rbroker/dag.py
[2024-06-24T04:18:32.151+0000] {logging_mixin.py:154} INFO - [2024-06-24T04:18:32.150+0000] {dag.py:2941} INFO - Sync 1 DAGs
[2024-06-24T04:18:32.170+0000] {logging_mixin.py:154} INFO - [2024-06-24T04:18:32.169+0000] {dag.py:3722} INFO - Setting next_dagrun for snowflake_connector3 to None, run_after=None
[2024-06-24T04:18:32.196+0000] {processor.py:179} INFO - Processing /opt/airflow/dags/staging/rbroker/dag.py took 0.115 seconds
[2024-06-24T04:19:02.638+0000] {processor.py:157} INFO - Started process (PID=2649) to work on /opt/airflow/dags/staging/rbroker/dag.py
[2024-06-24T04:19:02.642+0000] {processor.py:829} INFO - Processing file /opt/airflow/dags/staging/rbroker/dag.py for tasks to queue
[2024-06-24T04:19:02.643+0000] {logging_mixin.py:154} INFO - [2024-06-24T04:19:02.643+0000] {dagbag.py:536} INFO - Filling up the DagBag from /opt/airflow/dags/staging/rbroker/dag.py
[2024-06-24T04:19:02.666+0000] {processor.py:839} INFO - DAG(s) dict_keys(['snowflake_connector3']) retrieved from /opt/airflow/dags/staging/rbroker/dag.py
[2024-06-24T04:19:02.704+0000] {logging_mixin.py:154} INFO - [2024-06-24T04:19:02.704+0000] {dag.py:2941} INFO - Sync 1 DAGs
[2024-06-24T04:19:02.723+0000] {logging_mixin.py:154} INFO - [2024-06-24T04:19:02.723+0000] {dag.py:3722} INFO - Setting next_dagrun for snowflake_connector3 to None, run_after=None
[2024-06-24T04:19:02.749+0000] {processor.py:179} INFO - Processing /opt/airflow/dags/staging/rbroker/dag.py took 0.116 seconds
[2024-06-24T04:19:33.182+0000] {processor.py:157} INFO - Started process (PID=2661) to work on /opt/airflow/dags/staging/rbroker/dag.py
[2024-06-24T04:19:33.183+0000] {processor.py:829} INFO - Processing file /opt/airflow/dags/staging/rbroker/dag.py for tasks to queue
[2024-06-24T04:19:33.185+0000] {logging_mixin.py:154} INFO - [2024-06-24T04:19:33.184+0000] {dagbag.py:536} INFO - Filling up the DagBag from /opt/airflow/dags/staging/rbroker/dag.py
[2024-06-24T04:19:33.207+0000] {processor.py:839} INFO - DAG(s) dict_keys(['snowflake_connector3']) retrieved from /opt/airflow/dags/staging/rbroker/dag.py
[2024-06-24T04:19:33.244+0000] {logging_mixin.py:154} INFO - [2024-06-24T04:19:33.244+0000] {dag.py:2941} INFO - Sync 1 DAGs
[2024-06-24T04:19:33.261+0000] {logging_mixin.py:154} INFO - [2024-06-24T04:19:33.261+0000] {dag.py:3722} INFO - Setting next_dagrun for snowflake_connector3 to None, run_after=None
[2024-06-24T04:19:33.285+0000] {processor.py:179} INFO - Processing /opt/airflow/dags/staging/rbroker/dag.py took 0.108 seconds
[2024-06-24T04:20:03.722+0000] {processor.py:157} INFO - Started process (PID=2673) to work on /opt/airflow/dags/staging/rbroker/dag.py
[2024-06-24T04:20:03.724+0000] {processor.py:829} INFO - Processing file /opt/airflow/dags/staging/rbroker/dag.py for tasks to queue
[2024-06-24T04:20:03.726+0000] {logging_mixin.py:154} INFO - [2024-06-24T04:20:03.725+0000] {dagbag.py:536} INFO - Filling up the DagBag from /opt/airflow/dags/staging/rbroker/dag.py
[2024-06-24T04:20:03.756+0000] {processor.py:839} INFO - DAG(s) dict_keys(['snowflake_connector3']) retrieved from /opt/airflow/dags/staging/rbroker/dag.py
[2024-06-24T04:20:03.797+0000] {logging_mixin.py:154} INFO - [2024-06-24T04:20:03.797+0000] {dag.py:2941} INFO - Sync 1 DAGs
[2024-06-24T04:20:03.815+0000] {logging_mixin.py:154} INFO - [2024-06-24T04:20:03.815+0000] {dag.py:3722} INFO - Setting next_dagrun for snowflake_connector3 to None, run_after=None
[2024-06-24T04:20:03.836+0000] {processor.py:179} INFO - Processing /opt/airflow/dags/staging/rbroker/dag.py took 0.120 seconds
[2024-06-24T04:20:34.409+0000] {processor.py:157} INFO - Started process (PID=2685) to work on /opt/airflow/dags/staging/rbroker/dag.py
[2024-06-24T04:20:34.411+0000] {processor.py:829} INFO - Processing file /opt/airflow/dags/staging/rbroker/dag.py for tasks to queue
[2024-06-24T04:20:34.412+0000] {logging_mixin.py:154} INFO - [2024-06-24T04:20:34.412+0000] {dagbag.py:536} INFO - Filling up the DagBag from /opt/airflow/dags/staging/rbroker/dag.py
[2024-06-24T04:20:34.437+0000] {processor.py:839} INFO - DAG(s) dict_keys(['snowflake_connector3']) retrieved from /opt/airflow/dags/staging/rbroker/dag.py
[2024-06-24T04:20:34.488+0000] {logging_mixin.py:154} INFO - [2024-06-24T04:20:34.487+0000] {dag.py:2941} INFO - Sync 1 DAGs
[2024-06-24T04:20:34.516+0000] {logging_mixin.py:154} INFO - [2024-06-24T04:20:34.515+0000] {dag.py:3722} INFO - Setting next_dagrun for snowflake_connector3 to None, run_after=None
[2024-06-24T04:20:34.537+0000] {processor.py:179} INFO - Processing /opt/airflow/dags/staging/rbroker/dag.py took 0.134 seconds
[2024-06-24T04:21:04.987+0000] {processor.py:157} INFO - Started process (PID=2704) to work on /opt/airflow/dags/staging/rbroker/dag.py
[2024-06-24T04:21:04.988+0000] {processor.py:829} INFO - Processing file /opt/airflow/dags/staging/rbroker/dag.py for tasks to queue
[2024-06-24T04:21:04.990+0000] {logging_mixin.py:154} INFO - [2024-06-24T04:21:04.989+0000] {dagbag.py:536} INFO - Filling up the DagBag from /opt/airflow/dags/staging/rbroker/dag.py
[2024-06-24T04:21:05.013+0000] {processor.py:839} INFO - DAG(s) dict_keys(['snowflake_connector3']) retrieved from /opt/airflow/dags/staging/rbroker/dag.py
[2024-06-24T04:21:05.049+0000] {logging_mixin.py:154} INFO - [2024-06-24T04:21:05.049+0000] {dag.py:2941} INFO - Sync 1 DAGs
[2024-06-24T04:21:05.066+0000] {logging_mixin.py:154} INFO - [2024-06-24T04:21:05.066+0000] {dag.py:3722} INFO - Setting next_dagrun for snowflake_connector3 to None, run_after=None
[2024-06-24T04:21:05.092+0000] {processor.py:179} INFO - Processing /opt/airflow/dags/staging/rbroker/dag.py took 0.110 seconds
[2024-06-24T04:21:35.541+0000] {processor.py:157} INFO - Started process (PID=2716) to work on /opt/airflow/dags/staging/rbroker/dag.py
[2024-06-24T04:21:35.543+0000] {processor.py:829} INFO - Processing file /opt/airflow/dags/staging/rbroker/dag.py for tasks to queue
[2024-06-24T04:21:35.544+0000] {logging_mixin.py:154} INFO - [2024-06-24T04:21:35.544+0000] {dagbag.py:536} INFO - Filling up the DagBag from /opt/airflow/dags/staging/rbroker/dag.py
[2024-06-24T04:21:35.567+0000] {processor.py:839} INFO - DAG(s) dict_keys(['snowflake_connector3']) retrieved from /opt/airflow/dags/staging/rbroker/dag.py
[2024-06-24T04:21:35.604+0000] {logging_mixin.py:154} INFO - [2024-06-24T04:21:35.604+0000] {dag.py:2941} INFO - Sync 1 DAGs
[2024-06-24T04:21:35.624+0000] {logging_mixin.py:154} INFO - [2024-06-24T04:21:35.624+0000] {dag.py:3722} INFO - Setting next_dagrun for snowflake_connector3 to None, run_after=None
[2024-06-24T04:21:35.651+0000] {processor.py:179} INFO - Processing /opt/airflow/dags/staging/rbroker/dag.py took 0.116 seconds
[2024-06-24T04:22:06.087+0000] {processor.py:157} INFO - Started process (PID=2728) to work on /opt/airflow/dags/staging/rbroker/dag.py
[2024-06-24T04:22:06.089+0000] {processor.py:829} INFO - Processing file /opt/airflow/dags/staging/rbroker/dag.py for tasks to queue
[2024-06-24T04:22:06.090+0000] {logging_mixin.py:154} INFO - [2024-06-24T04:22:06.090+0000] {dagbag.py:536} INFO - Filling up the DagBag from /opt/airflow/dags/staging/rbroker/dag.py
[2024-06-24T04:22:06.114+0000] {processor.py:839} INFO - DAG(s) dict_keys(['snowflake_connector3']) retrieved from /opt/airflow/dags/staging/rbroker/dag.py
[2024-06-24T04:22:06.155+0000] {logging_mixin.py:154} INFO - [2024-06-24T04:22:06.155+0000] {dag.py:2941} INFO - Sync 1 DAGs
[2024-06-24T04:22:06.176+0000] {logging_mixin.py:154} INFO - [2024-06-24T04:22:06.176+0000] {dag.py:3722} INFO - Setting next_dagrun for snowflake_connector3 to None, run_after=None
[2024-06-24T04:22:06.203+0000] {processor.py:179} INFO - Processing /opt/airflow/dags/staging/rbroker/dag.py took 0.121 seconds
[2024-06-24T04:22:36.638+0000] {processor.py:157} INFO - Started process (PID=2740) to work on /opt/airflow/dags/staging/rbroker/dag.py
[2024-06-24T04:22:36.640+0000] {processor.py:829} INFO - Processing file /opt/airflow/dags/staging/rbroker/dag.py for tasks to queue
[2024-06-24T04:22:36.641+0000] {logging_mixin.py:154} INFO - [2024-06-24T04:22:36.641+0000] {dagbag.py:536} INFO - Filling up the DagBag from /opt/airflow/dags/staging/rbroker/dag.py
[2024-06-24T04:22:36.664+0000] {processor.py:839} INFO - DAG(s) dict_keys(['snowflake_connector3']) retrieved from /opt/airflow/dags/staging/rbroker/dag.py
[2024-06-24T04:22:36.700+0000] {logging_mixin.py:154} INFO - [2024-06-24T04:22:36.699+0000] {dag.py:2941} INFO - Sync 1 DAGs
[2024-06-24T04:22:36.717+0000] {logging_mixin.py:154} INFO - [2024-06-24T04:22:36.717+0000] {dag.py:3722} INFO - Setting next_dagrun for snowflake_connector3 to None, run_after=None
[2024-06-24T04:22:36.744+0000] {processor.py:179} INFO - Processing /opt/airflow/dags/staging/rbroker/dag.py took 0.110 seconds
[2024-06-24T04:23:07.154+0000] {processor.py:157} INFO - Started process (PID=2752) to work on /opt/airflow/dags/staging/rbroker/dag.py
[2024-06-24T04:23:07.156+0000] {processor.py:829} INFO - Processing file /opt/airflow/dags/staging/rbroker/dag.py for tasks to queue
[2024-06-24T04:23:07.157+0000] {logging_mixin.py:154} INFO - [2024-06-24T04:23:07.156+0000] {dagbag.py:536} INFO - Filling up the DagBag from /opt/airflow/dags/staging/rbroker/dag.py
[2024-06-24T04:23:07.179+0000] {processor.py:839} INFO - DAG(s) dict_keys(['snowflake_connector3']) retrieved from /opt/airflow/dags/staging/rbroker/dag.py
[2024-06-24T04:23:07.216+0000] {logging_mixin.py:154} INFO - [2024-06-24T04:23:07.215+0000] {dag.py:2941} INFO - Sync 1 DAGs
[2024-06-24T04:23:07.233+0000] {logging_mixin.py:154} INFO - [2024-06-24T04:23:07.233+0000] {dag.py:3722} INFO - Setting next_dagrun for snowflake_connector3 to None, run_after=None
[2024-06-24T04:23:07.256+0000] {processor.py:179} INFO - Processing /opt/airflow/dags/staging/rbroker/dag.py took 0.107 seconds
[2024-06-24T04:23:37.743+0000] {processor.py:157} INFO - Started process (PID=2764) to work on /opt/airflow/dags/staging/rbroker/dag.py
[2024-06-24T04:23:37.745+0000] {processor.py:829} INFO - Processing file /opt/airflow/dags/staging/rbroker/dag.py for tasks to queue
[2024-06-24T04:23:37.746+0000] {logging_mixin.py:154} INFO - [2024-06-24T04:23:37.746+0000] {dagbag.py:536} INFO - Filling up the DagBag from /opt/airflow/dags/staging/rbroker/dag.py
[2024-06-24T04:23:37.769+0000] {processor.py:839} INFO - DAG(s) dict_keys(['snowflake_connector3']) retrieved from /opt/airflow/dags/staging/rbroker/dag.py
[2024-06-24T04:23:37.809+0000] {logging_mixin.py:154} INFO - [2024-06-24T04:23:37.808+0000] {dag.py:2941} INFO - Sync 1 DAGs
[2024-06-24T04:23:37.827+0000] {logging_mixin.py:154} INFO - [2024-06-24T04:23:37.827+0000] {dag.py:3722} INFO - Setting next_dagrun for snowflake_connector3 to None, run_after=None
[2024-06-24T04:23:37.854+0000] {processor.py:179} INFO - Processing /opt/airflow/dags/staging/rbroker/dag.py took 0.116 seconds
[2024-06-24T04:24:08.301+0000] {processor.py:157} INFO - Started process (PID=2776) to work on /opt/airflow/dags/staging/rbroker/dag.py
[2024-06-24T04:24:08.303+0000] {processor.py:829} INFO - Processing file /opt/airflow/dags/staging/rbroker/dag.py for tasks to queue
[2024-06-24T04:24:08.304+0000] {logging_mixin.py:154} INFO - [2024-06-24T04:24:08.304+0000] {dagbag.py:536} INFO - Filling up the DagBag from /opt/airflow/dags/staging/rbroker/dag.py
[2024-06-24T04:24:08.329+0000] {processor.py:839} INFO - DAG(s) dict_keys(['snowflake_connector3']) retrieved from /opt/airflow/dags/staging/rbroker/dag.py
[2024-06-24T04:24:08.370+0000] {logging_mixin.py:154} INFO - [2024-06-24T04:24:08.370+0000] {dag.py:2941} INFO - Sync 1 DAGs
[2024-06-24T04:24:08.391+0000] {logging_mixin.py:154} INFO - [2024-06-24T04:24:08.390+0000] {dag.py:3722} INFO - Setting next_dagrun for snowflake_connector3 to None, run_after=None
[2024-06-24T04:24:08.416+0000] {processor.py:179} INFO - Processing /opt/airflow/dags/staging/rbroker/dag.py took 0.120 seconds
[2024-06-24T04:24:38.865+0000] {processor.py:157} INFO - Started process (PID=2788) to work on /opt/airflow/dags/staging/rbroker/dag.py
[2024-06-24T04:24:38.867+0000] {processor.py:829} INFO - Processing file /opt/airflow/dags/staging/rbroker/dag.py for tasks to queue
[2024-06-24T04:24:38.870+0000] {logging_mixin.py:154} INFO - [2024-06-24T04:24:38.869+0000] {dagbag.py:536} INFO - Filling up the DagBag from /opt/airflow/dags/staging/rbroker/dag.py
[2024-06-24T04:24:38.907+0000] {processor.py:839} INFO - DAG(s) dict_keys(['snowflake_connector3']) retrieved from /opt/airflow/dags/staging/rbroker/dag.py
[2024-06-24T04:24:38.960+0000] {logging_mixin.py:154} INFO - [2024-06-24T04:24:38.958+0000] {dag.py:2941} INFO - Sync 1 DAGs
[2024-06-24T04:24:38.988+0000] {logging_mixin.py:154} INFO - [2024-06-24T04:24:38.988+0000] {dag.py:3722} INFO - Setting next_dagrun for snowflake_connector3 to None, run_after=None
[2024-06-24T04:24:39.082+0000] {processor.py:179} INFO - Processing /opt/airflow/dags/staging/rbroker/dag.py took 0.224 seconds
[2024-06-24T04:25:09.523+0000] {processor.py:157} INFO - Started process (PID=2800) to work on /opt/airflow/dags/staging/rbroker/dag.py
[2024-06-24T04:25:09.525+0000] {processor.py:829} INFO - Processing file /opt/airflow/dags/staging/rbroker/dag.py for tasks to queue
[2024-06-24T04:25:09.527+0000] {logging_mixin.py:154} INFO - [2024-06-24T04:25:09.526+0000] {dagbag.py:536} INFO - Filling up the DagBag from /opt/airflow/dags/staging/rbroker/dag.py
[2024-06-24T04:25:09.550+0000] {processor.py:839} INFO - DAG(s) dict_keys(['snowflake_connector3']) retrieved from /opt/airflow/dags/staging/rbroker/dag.py
[2024-06-24T04:25:09.588+0000] {logging_mixin.py:154} INFO - [2024-06-24T04:25:09.587+0000] {dag.py:2941} INFO - Sync 1 DAGs
[2024-06-24T04:25:09.608+0000] {logging_mixin.py:154} INFO - [2024-06-24T04:25:09.608+0000] {dag.py:3722} INFO - Setting next_dagrun for snowflake_connector3 to None, run_after=None
[2024-06-24T04:25:09.633+0000] {processor.py:179} INFO - Processing /opt/airflow/dags/staging/rbroker/dag.py took 0.114 seconds
[2024-06-24T04:25:40.029+0000] {processor.py:157} INFO - Started process (PID=2812) to work on /opt/airflow/dags/staging/rbroker/dag.py
[2024-06-24T04:25:40.033+0000] {processor.py:829} INFO - Processing file /opt/airflow/dags/staging/rbroker/dag.py for tasks to queue
[2024-06-24T04:25:40.034+0000] {logging_mixin.py:154} INFO - [2024-06-24T04:25:40.034+0000] {dagbag.py:536} INFO - Filling up the DagBag from /opt/airflow/dags/staging/rbroker/dag.py
[2024-06-24T04:25:40.064+0000] {processor.py:839} INFO - DAG(s) dict_keys(['snowflake_connector3']) retrieved from /opt/airflow/dags/staging/rbroker/dag.py
[2024-06-24T04:25:40.112+0000] {logging_mixin.py:154} INFO - [2024-06-24T04:25:40.111+0000] {dag.py:2941} INFO - Sync 1 DAGs
[2024-06-24T04:25:40.138+0000] {logging_mixin.py:154} INFO - [2024-06-24T04:25:40.138+0000] {dag.py:3722} INFO - Setting next_dagrun for snowflake_connector3 to None, run_after=None
[2024-06-24T04:25:40.165+0000] {processor.py:179} INFO - Processing /opt/airflow/dags/staging/rbroker/dag.py took 0.145 seconds
[2024-06-24T04:26:10.721+0000] {processor.py:157} INFO - Started process (PID=2825) to work on /opt/airflow/dags/staging/rbroker/dag.py
[2024-06-24T04:26:10.723+0000] {processor.py:829} INFO - Processing file /opt/airflow/dags/staging/rbroker/dag.py for tasks to queue
[2024-06-24T04:26:10.725+0000] {logging_mixin.py:154} INFO - [2024-06-24T04:26:10.724+0000] {dagbag.py:536} INFO - Filling up the DagBag from /opt/airflow/dags/staging/rbroker/dag.py
[2024-06-24T04:26:10.750+0000] {processor.py:839} INFO - DAG(s) dict_keys(['snowflake_connector3']) retrieved from /opt/airflow/dags/staging/rbroker/dag.py
[2024-06-24T04:26:10.789+0000] {logging_mixin.py:154} INFO - [2024-06-24T04:26:10.789+0000] {dag.py:2941} INFO - Sync 1 DAGs
[2024-06-24T04:26:10.812+0000] {logging_mixin.py:154} INFO - [2024-06-24T04:26:10.811+0000] {dag.py:3722} INFO - Setting next_dagrun for snowflake_connector3 to None, run_after=None
[2024-06-24T04:26:10.837+0000] {processor.py:179} INFO - Processing /opt/airflow/dags/staging/rbroker/dag.py took 0.121 seconds
[2024-06-24T04:26:41.281+0000] {processor.py:157} INFO - Started process (PID=2837) to work on /opt/airflow/dags/staging/rbroker/dag.py
[2024-06-24T04:26:41.282+0000] {processor.py:829} INFO - Processing file /opt/airflow/dags/staging/rbroker/dag.py for tasks to queue
[2024-06-24T04:26:41.284+0000] {logging_mixin.py:154} INFO - [2024-06-24T04:26:41.283+0000] {dagbag.py:536} INFO - Filling up the DagBag from /opt/airflow/dags/staging/rbroker/dag.py
[2024-06-24T04:26:41.305+0000] {processor.py:839} INFO - DAG(s) dict_keys(['snowflake_connector3']) retrieved from /opt/airflow/dags/staging/rbroker/dag.py
[2024-06-24T04:26:41.343+0000] {logging_mixin.py:154} INFO - [2024-06-24T04:26:41.342+0000] {dag.py:2941} INFO - Sync 1 DAGs
[2024-06-24T04:26:41.362+0000] {logging_mixin.py:154} INFO - [2024-06-24T04:26:41.361+0000] {dag.py:3722} INFO - Setting next_dagrun for snowflake_connector3 to None, run_after=None
[2024-06-24T04:26:41.388+0000] {processor.py:179} INFO - Processing /opt/airflow/dags/staging/rbroker/dag.py took 0.112 seconds
[2024-06-24T04:27:11.827+0000] {processor.py:157} INFO - Started process (PID=2849) to work on /opt/airflow/dags/staging/rbroker/dag.py
[2024-06-24T04:27:11.829+0000] {processor.py:829} INFO - Processing file /opt/airflow/dags/staging/rbroker/dag.py for tasks to queue
[2024-06-24T04:27:11.830+0000] {logging_mixin.py:154} INFO - [2024-06-24T04:27:11.830+0000] {dagbag.py:536} INFO - Filling up the DagBag from /opt/airflow/dags/staging/rbroker/dag.py
[2024-06-24T04:27:11.851+0000] {processor.py:839} INFO - DAG(s) dict_keys(['snowflake_connector3']) retrieved from /opt/airflow/dags/staging/rbroker/dag.py
[2024-06-24T04:27:11.888+0000] {logging_mixin.py:154} INFO - [2024-06-24T04:27:11.887+0000] {dag.py:2941} INFO - Sync 1 DAGs
[2024-06-24T04:27:11.905+0000] {logging_mixin.py:154} INFO - [2024-06-24T04:27:11.905+0000] {dag.py:3722} INFO - Setting next_dagrun for snowflake_connector3 to None, run_after=None
[2024-06-24T04:27:11.929+0000] {processor.py:179} INFO - Processing /opt/airflow/dags/staging/rbroker/dag.py took 0.106 seconds
[2024-06-24T04:27:42.344+0000] {processor.py:157} INFO - Started process (PID=2861) to work on /opt/airflow/dags/staging/rbroker/dag.py
[2024-06-24T04:27:42.346+0000] {processor.py:829} INFO - Processing file /opt/airflow/dags/staging/rbroker/dag.py for tasks to queue
[2024-06-24T04:27:42.347+0000] {logging_mixin.py:154} INFO - [2024-06-24T04:27:42.347+0000] {dagbag.py:536} INFO - Filling up the DagBag from /opt/airflow/dags/staging/rbroker/dag.py
[2024-06-24T04:27:42.371+0000] {processor.py:839} INFO - DAG(s) dict_keys(['snowflake_connector3']) retrieved from /opt/airflow/dags/staging/rbroker/dag.py
[2024-06-24T04:27:42.408+0000] {logging_mixin.py:154} INFO - [2024-06-24T04:27:42.408+0000] {dag.py:2941} INFO - Sync 1 DAGs
[2024-06-24T04:27:42.426+0000] {logging_mixin.py:154} INFO - [2024-06-24T04:27:42.426+0000] {dag.py:3722} INFO - Setting next_dagrun for snowflake_connector3 to None, run_after=None
[2024-06-24T04:27:42.451+0000] {processor.py:179} INFO - Processing /opt/airflow/dags/staging/rbroker/dag.py took 0.112 seconds
[2024-06-24T04:28:12.884+0000] {processor.py:157} INFO - Started process (PID=2873) to work on /opt/airflow/dags/staging/rbroker/dag.py
[2024-06-24T04:28:12.886+0000] {processor.py:829} INFO - Processing file /opt/airflow/dags/staging/rbroker/dag.py for tasks to queue
[2024-06-24T04:28:12.887+0000] {logging_mixin.py:154} INFO - [2024-06-24T04:28:12.887+0000] {dagbag.py:536} INFO - Filling up the DagBag from /opt/airflow/dags/staging/rbroker/dag.py
[2024-06-24T04:28:12.909+0000] {processor.py:839} INFO - DAG(s) dict_keys(['snowflake_connector3']) retrieved from /opt/airflow/dags/staging/rbroker/dag.py
[2024-06-24T04:28:12.950+0000] {logging_mixin.py:154} INFO - [2024-06-24T04:28:12.950+0000] {dag.py:2941} INFO - Sync 1 DAGs
[2024-06-24T04:28:12.969+0000] {logging_mixin.py:154} INFO - [2024-06-24T04:28:12.969+0000] {dag.py:3722} INFO - Setting next_dagrun for snowflake_connector3 to None, run_after=None
[2024-06-24T04:28:12.990+0000] {processor.py:179} INFO - Processing /opt/airflow/dags/staging/rbroker/dag.py took 0.111 seconds
[2024-06-24T04:28:43.413+0000] {processor.py:157} INFO - Started process (PID=2886) to work on /opt/airflow/dags/staging/rbroker/dag.py
[2024-06-24T04:28:43.415+0000] {processor.py:829} INFO - Processing file /opt/airflow/dags/staging/rbroker/dag.py for tasks to queue
[2024-06-24T04:28:43.416+0000] {logging_mixin.py:154} INFO - [2024-06-24T04:28:43.416+0000] {dagbag.py:536} INFO - Filling up the DagBag from /opt/airflow/dags/staging/rbroker/dag.py
[2024-06-24T04:28:43.439+0000] {processor.py:839} INFO - DAG(s) dict_keys(['snowflake_connector3']) retrieved from /opt/airflow/dags/staging/rbroker/dag.py
[2024-06-24T04:28:43.477+0000] {logging_mixin.py:154} INFO - [2024-06-24T04:28:43.476+0000] {dag.py:2941} INFO - Sync 1 DAGs
[2024-06-24T04:28:43.494+0000] {logging_mixin.py:154} INFO - [2024-06-24T04:28:43.494+0000] {dag.py:3722} INFO - Setting next_dagrun for snowflake_connector3 to None, run_after=None
[2024-06-24T04:28:43.519+0000] {processor.py:179} INFO - Processing /opt/airflow/dags/staging/rbroker/dag.py took 0.111 seconds
[2024-06-24T04:29:13.960+0000] {processor.py:157} INFO - Started process (PID=2898) to work on /opt/airflow/dags/staging/rbroker/dag.py
[2024-06-24T04:29:13.962+0000] {processor.py:829} INFO - Processing file /opt/airflow/dags/staging/rbroker/dag.py for tasks to queue
[2024-06-24T04:29:13.964+0000] {logging_mixin.py:154} INFO - [2024-06-24T04:29:13.963+0000] {dagbag.py:536} INFO - Filling up the DagBag from /opt/airflow/dags/staging/rbroker/dag.py
[2024-06-24T04:29:13.986+0000] {processor.py:839} INFO - DAG(s) dict_keys(['snowflake_connector3']) retrieved from /opt/airflow/dags/staging/rbroker/dag.py
[2024-06-24T04:29:14.021+0000] {logging_mixin.py:154} INFO - [2024-06-24T04:29:14.021+0000] {dag.py:2941} INFO - Sync 1 DAGs
[2024-06-24T04:29:14.040+0000] {logging_mixin.py:154} INFO - [2024-06-24T04:29:14.040+0000] {dag.py:3722} INFO - Setting next_dagrun for snowflake_connector3 to None, run_after=None
[2024-06-24T04:29:14.067+0000] {processor.py:179} INFO - Processing /opt/airflow/dags/staging/rbroker/dag.py took 0.111 seconds
[2024-06-24T04:29:44.500+0000] {processor.py:157} INFO - Started process (PID=2910) to work on /opt/airflow/dags/staging/rbroker/dag.py
[2024-06-24T04:29:44.502+0000] {processor.py:829} INFO - Processing file /opt/airflow/dags/staging/rbroker/dag.py for tasks to queue
[2024-06-24T04:29:44.503+0000] {logging_mixin.py:154} INFO - [2024-06-24T04:29:44.503+0000] {dagbag.py:536} INFO - Filling up the DagBag from /opt/airflow/dags/staging/rbroker/dag.py
[2024-06-24T04:29:44.527+0000] {processor.py:839} INFO - DAG(s) dict_keys(['snowflake_connector3']) retrieved from /opt/airflow/dags/staging/rbroker/dag.py
[2024-06-24T04:29:44.564+0000] {logging_mixin.py:154} INFO - [2024-06-24T04:29:44.563+0000] {dag.py:2941} INFO - Sync 1 DAGs
[2024-06-24T04:29:44.582+0000] {logging_mixin.py:154} INFO - [2024-06-24T04:29:44.582+0000] {dag.py:3722} INFO - Setting next_dagrun for snowflake_connector3 to None, run_after=None
[2024-06-24T04:29:44.607+0000] {processor.py:179} INFO - Processing /opt/airflow/dags/staging/rbroker/dag.py took 0.111 seconds
[2024-06-24T04:30:15.039+0000] {processor.py:157} INFO - Started process (PID=2922) to work on /opt/airflow/dags/staging/rbroker/dag.py
[2024-06-24T04:30:15.041+0000] {processor.py:829} INFO - Processing file /opt/airflow/dags/staging/rbroker/dag.py for tasks to queue
[2024-06-24T04:30:15.043+0000] {logging_mixin.py:154} INFO - [2024-06-24T04:30:15.042+0000] {dagbag.py:536} INFO - Filling up the DagBag from /opt/airflow/dags/staging/rbroker/dag.py
[2024-06-24T04:30:15.065+0000] {processor.py:839} INFO - DAG(s) dict_keys(['snowflake_connector3']) retrieved from /opt/airflow/dags/staging/rbroker/dag.py
[2024-06-24T04:30:15.103+0000] {logging_mixin.py:154} INFO - [2024-06-24T04:30:15.102+0000] {dag.py:2941} INFO - Sync 1 DAGs
[2024-06-24T04:30:15.120+0000] {logging_mixin.py:154} INFO - [2024-06-24T04:30:15.120+0000] {dag.py:3722} INFO - Setting next_dagrun for snowflake_connector3 to None, run_after=None
[2024-06-24T04:30:15.146+0000] {processor.py:179} INFO - Processing /opt/airflow/dags/staging/rbroker/dag.py took 0.111 seconds
[2024-06-24T04:30:45.610+0000] {processor.py:157} INFO - Started process (PID=2934) to work on /opt/airflow/dags/staging/rbroker/dag.py
[2024-06-24T04:30:45.612+0000] {processor.py:829} INFO - Processing file /opt/airflow/dags/staging/rbroker/dag.py for tasks to queue
[2024-06-24T04:30:45.613+0000] {logging_mixin.py:154} INFO - [2024-06-24T04:30:45.613+0000] {dagbag.py:536} INFO - Filling up the DagBag from /opt/airflow/dags/staging/rbroker/dag.py
[2024-06-24T04:30:45.636+0000] {processor.py:839} INFO - DAG(s) dict_keys(['snowflake_connector3']) retrieved from /opt/airflow/dags/staging/rbroker/dag.py
[2024-06-24T04:30:45.672+0000] {logging_mixin.py:154} INFO - [2024-06-24T04:30:45.672+0000] {dag.py:2941} INFO - Sync 1 DAGs
[2024-06-24T04:30:45.690+0000] {logging_mixin.py:154} INFO - [2024-06-24T04:30:45.690+0000] {dag.py:3722} INFO - Setting next_dagrun for snowflake_connector3 to None, run_after=None
[2024-06-24T04:30:45.714+0000] {processor.py:179} INFO - Processing /opt/airflow/dags/staging/rbroker/dag.py took 0.108 seconds
[2024-06-24T04:31:16.125+0000] {processor.py:157} INFO - Started process (PID=2946) to work on /opt/airflow/dags/staging/rbroker/dag.py
[2024-06-24T04:31:16.126+0000] {processor.py:829} INFO - Processing file /opt/airflow/dags/staging/rbroker/dag.py for tasks to queue
[2024-06-24T04:31:16.128+0000] {logging_mixin.py:154} INFO - [2024-06-24T04:31:16.127+0000] {dagbag.py:536} INFO - Filling up the DagBag from /opt/airflow/dags/staging/rbroker/dag.py
[2024-06-24T04:31:16.151+0000] {processor.py:839} INFO - DAG(s) dict_keys(['snowflake_connector3']) retrieved from /opt/airflow/dags/staging/rbroker/dag.py
[2024-06-24T04:31:16.186+0000] {logging_mixin.py:154} INFO - [2024-06-24T04:31:16.186+0000] {dag.py:2941} INFO - Sync 1 DAGs
[2024-06-24T04:31:16.204+0000] {logging_mixin.py:154} INFO - [2024-06-24T04:31:16.204+0000] {dag.py:3722} INFO - Setting next_dagrun for snowflake_connector3 to None, run_after=None
[2024-06-24T04:31:16.228+0000] {processor.py:179} INFO - Processing /opt/airflow/dags/staging/rbroker/dag.py took 0.108 seconds
[2024-06-24T04:31:46.672+0000] {processor.py:157} INFO - Started process (PID=2958) to work on /opt/airflow/dags/staging/rbroker/dag.py
[2024-06-24T04:31:46.674+0000] {processor.py:829} INFO - Processing file /opt/airflow/dags/staging/rbroker/dag.py for tasks to queue
[2024-06-24T04:31:46.677+0000] {logging_mixin.py:154} INFO - [2024-06-24T04:31:46.676+0000] {dagbag.py:536} INFO - Filling up the DagBag from /opt/airflow/dags/staging/rbroker/dag.py
[2024-06-24T04:31:46.703+0000] {processor.py:839} INFO - DAG(s) dict_keys(['snowflake_connector3']) retrieved from /opt/airflow/dags/staging/rbroker/dag.py
[2024-06-24T04:31:46.744+0000] {logging_mixin.py:154} INFO - [2024-06-24T04:31:46.744+0000] {dag.py:2941} INFO - Sync 1 DAGs
[2024-06-24T04:31:46.764+0000] {logging_mixin.py:154} INFO - [2024-06-24T04:31:46.764+0000] {dag.py:3722} INFO - Setting next_dagrun for snowflake_connector3 to None, run_after=None
[2024-06-24T04:31:46.790+0000] {processor.py:179} INFO - Processing /opt/airflow/dags/staging/rbroker/dag.py took 0.122 seconds
[2024-06-24T04:32:17.346+0000] {processor.py:157} INFO - Started process (PID=2969) to work on /opt/airflow/dags/staging/rbroker/dag.py
[2024-06-24T04:32:17.349+0000] {processor.py:829} INFO - Processing file /opt/airflow/dags/staging/rbroker/dag.py for tasks to queue
[2024-06-24T04:32:17.351+0000] {logging_mixin.py:154} INFO - [2024-06-24T04:32:17.350+0000] {dagbag.py:536} INFO - Filling up the DagBag from /opt/airflow/dags/staging/rbroker/dag.py
[2024-06-24T04:32:17.375+0000] {processor.py:839} INFO - DAG(s) dict_keys(['snowflake_connector3']) retrieved from /opt/airflow/dags/staging/rbroker/dag.py
[2024-06-24T04:32:17.416+0000] {logging_mixin.py:154} INFO - [2024-06-24T04:32:17.416+0000] {dag.py:2941} INFO - Sync 1 DAGs
[2024-06-24T04:32:17.436+0000] {logging_mixin.py:154} INFO - [2024-06-24T04:32:17.436+0000] {dag.py:3722} INFO - Setting next_dagrun for snowflake_connector3 to None, run_after=None
[2024-06-24T04:32:17.463+0000] {processor.py:179} INFO - Processing /opt/airflow/dags/staging/rbroker/dag.py took 0.123 seconds
[2024-06-24T04:32:48.040+0000] {processor.py:157} INFO - Started process (PID=2981) to work on /opt/airflow/dags/staging/rbroker/dag.py
[2024-06-24T04:32:48.042+0000] {processor.py:829} INFO - Processing file /opt/airflow/dags/staging/rbroker/dag.py for tasks to queue
[2024-06-24T04:32:48.043+0000] {logging_mixin.py:154} INFO - [2024-06-24T04:32:48.043+0000] {dagbag.py:536} INFO - Filling up the DagBag from /opt/airflow/dags/staging/rbroker/dag.py
[2024-06-24T04:32:48.067+0000] {processor.py:839} INFO - DAG(s) dict_keys(['snowflake_connector3']) retrieved from /opt/airflow/dags/staging/rbroker/dag.py
[2024-06-24T04:32:48.104+0000] {logging_mixin.py:154} INFO - [2024-06-24T04:32:48.104+0000] {dag.py:2941} INFO - Sync 1 DAGs
[2024-06-24T04:32:48.123+0000] {logging_mixin.py:154} INFO - [2024-06-24T04:32:48.122+0000] {dag.py:3722} INFO - Setting next_dagrun for snowflake_connector3 to None, run_after=None
[2024-06-24T04:32:48.146+0000] {processor.py:179} INFO - Processing /opt/airflow/dags/staging/rbroker/dag.py took 0.111 seconds
[2024-06-24T04:33:18.600+0000] {processor.py:157} INFO - Started process (PID=2993) to work on /opt/airflow/dags/staging/rbroker/dag.py
[2024-06-24T04:33:18.602+0000] {processor.py:829} INFO - Processing file /opt/airflow/dags/staging/rbroker/dag.py for tasks to queue
[2024-06-24T04:33:18.605+0000] {logging_mixin.py:154} INFO - [2024-06-24T04:33:18.604+0000] {dagbag.py:536} INFO - Filling up the DagBag from /opt/airflow/dags/staging/rbroker/dag.py
[2024-06-24T04:33:18.631+0000] {processor.py:839} INFO - DAG(s) dict_keys(['snowflake_connector3']) retrieved from /opt/airflow/dags/staging/rbroker/dag.py
[2024-06-24T04:33:18.674+0000] {logging_mixin.py:154} INFO - [2024-06-24T04:33:18.674+0000] {dag.py:2941} INFO - Sync 1 DAGs
[2024-06-24T04:33:18.693+0000] {logging_mixin.py:154} INFO - [2024-06-24T04:33:18.692+0000] {dag.py:3722} INFO - Setting next_dagrun for snowflake_connector3 to None, run_after=None
[2024-06-24T04:33:18.714+0000] {processor.py:179} INFO - Processing /opt/airflow/dags/staging/rbroker/dag.py took 0.118 seconds
[2024-06-24T04:33:49.167+0000] {processor.py:157} INFO - Started process (PID=3005) to work on /opt/airflow/dags/staging/rbroker/dag.py
[2024-06-24T04:33:49.168+0000] {processor.py:829} INFO - Processing file /opt/airflow/dags/staging/rbroker/dag.py for tasks to queue
[2024-06-24T04:33:49.170+0000] {logging_mixin.py:154} INFO - [2024-06-24T04:33:49.169+0000] {dagbag.py:536} INFO - Filling up the DagBag from /opt/airflow/dags/staging/rbroker/dag.py
[2024-06-24T04:33:49.192+0000] {processor.py:839} INFO - DAG(s) dict_keys(['snowflake_connector3']) retrieved from /opt/airflow/dags/staging/rbroker/dag.py
[2024-06-24T04:33:49.230+0000] {logging_mixin.py:154} INFO - [2024-06-24T04:33:49.229+0000] {dag.py:2941} INFO - Sync 1 DAGs
[2024-06-24T04:33:49.249+0000] {logging_mixin.py:154} INFO - [2024-06-24T04:33:49.248+0000] {dag.py:3722} INFO - Setting next_dagrun for snowflake_connector3 to None, run_after=None
[2024-06-24T04:33:49.274+0000] {processor.py:179} INFO - Processing /opt/airflow/dags/staging/rbroker/dag.py took 0.113 seconds
[2024-06-24T04:34:19.731+0000] {processor.py:157} INFO - Started process (PID=3017) to work on /opt/airflow/dags/staging/rbroker/dag.py
[2024-06-24T04:34:19.733+0000] {processor.py:829} INFO - Processing file /opt/airflow/dags/staging/rbroker/dag.py for tasks to queue
[2024-06-24T04:34:19.734+0000] {logging_mixin.py:154} INFO - [2024-06-24T04:34:19.734+0000] {dagbag.py:536} INFO - Filling up the DagBag from /opt/airflow/dags/staging/rbroker/dag.py
[2024-06-24T04:34:19.758+0000] {processor.py:839} INFO - DAG(s) dict_keys(['snowflake_connector3']) retrieved from /opt/airflow/dags/staging/rbroker/dag.py
[2024-06-24T04:34:19.793+0000] {logging_mixin.py:154} INFO - [2024-06-24T04:34:19.793+0000] {dag.py:2941} INFO - Sync 1 DAGs
[2024-06-24T04:34:19.813+0000] {logging_mixin.py:154} INFO - [2024-06-24T04:34:19.813+0000] {dag.py:3722} INFO - Setting next_dagrun for snowflake_connector3 to None, run_after=None
[2024-06-24T04:34:19.834+0000] {processor.py:179} INFO - Processing /opt/airflow/dags/staging/rbroker/dag.py took 0.108 seconds
[2024-06-24T04:34:50.303+0000] {processor.py:157} INFO - Started process (PID=3029) to work on /opt/airflow/dags/staging/rbroker/dag.py
[2024-06-24T04:34:50.306+0000] {processor.py:829} INFO - Processing file /opt/airflow/dags/staging/rbroker/dag.py for tasks to queue
[2024-06-24T04:34:50.308+0000] {logging_mixin.py:154} INFO - [2024-06-24T04:34:50.307+0000] {dagbag.py:536} INFO - Filling up the DagBag from /opt/airflow/dags/staging/rbroker/dag.py
[2024-06-24T04:34:50.334+0000] {processor.py:839} INFO - DAG(s) dict_keys(['snowflake_connector3']) retrieved from /opt/airflow/dags/staging/rbroker/dag.py
[2024-06-24T04:34:50.372+0000] {logging_mixin.py:154} INFO - [2024-06-24T04:34:50.371+0000] {dag.py:2941} INFO - Sync 1 DAGs
[2024-06-24T04:34:50.390+0000] {logging_mixin.py:154} INFO - [2024-06-24T04:34:50.389+0000] {dag.py:3722} INFO - Setting next_dagrun for snowflake_connector3 to None, run_after=None
[2024-06-24T04:34:50.428+0000] {processor.py:179} INFO - Processing /opt/airflow/dags/staging/rbroker/dag.py took 0.130 seconds
[2024-06-24T04:35:20.966+0000] {processor.py:157} INFO - Started process (PID=3041) to work on /opt/airflow/dags/staging/rbroker/dag.py
[2024-06-24T04:35:20.968+0000] {processor.py:829} INFO - Processing file /opt/airflow/dags/staging/rbroker/dag.py for tasks to queue
[2024-06-24T04:35:20.969+0000] {logging_mixin.py:154} INFO - [2024-06-24T04:35:20.969+0000] {dagbag.py:536} INFO - Filling up the DagBag from /opt/airflow/dags/staging/rbroker/dag.py
[2024-06-24T04:35:20.996+0000] {processor.py:839} INFO - DAG(s) dict_keys(['snowflake_connector3']) retrieved from /opt/airflow/dags/staging/rbroker/dag.py
[2024-06-24T04:35:21.040+0000] {logging_mixin.py:154} INFO - [2024-06-24T04:35:21.040+0000] {dag.py:2941} INFO - Sync 1 DAGs
[2024-06-24T04:35:21.060+0000] {logging_mixin.py:154} INFO - [2024-06-24T04:35:21.060+0000] {dag.py:3722} INFO - Setting next_dagrun for snowflake_connector3 to None, run_after=None
[2024-06-24T04:35:21.088+0000] {processor.py:179} INFO - Processing /opt/airflow/dags/staging/rbroker/dag.py took 0.128 seconds
[2024-06-24T04:35:51.686+0000] {processor.py:157} INFO - Started process (PID=3053) to work on /opt/airflow/dags/staging/rbroker/dag.py
[2024-06-24T04:35:51.688+0000] {processor.py:829} INFO - Processing file /opt/airflow/dags/staging/rbroker/dag.py for tasks to queue
[2024-06-24T04:35:51.689+0000] {logging_mixin.py:154} INFO - [2024-06-24T04:35:51.689+0000] {dagbag.py:536} INFO - Filling up the DagBag from /opt/airflow/dags/staging/rbroker/dag.py
[2024-06-24T04:35:51.713+0000] {processor.py:839} INFO - DAG(s) dict_keys(['snowflake_connector3']) retrieved from /opt/airflow/dags/staging/rbroker/dag.py
[2024-06-24T04:35:51.756+0000] {logging_mixin.py:154} INFO - [2024-06-24T04:35:51.756+0000] {dag.py:2941} INFO - Sync 1 DAGs
[2024-06-24T04:35:51.777+0000] {logging_mixin.py:154} INFO - [2024-06-24T04:35:51.777+0000] {dag.py:3722} INFO - Setting next_dagrun for snowflake_connector3 to None, run_after=None
[2024-06-24T04:35:51.804+0000] {processor.py:179} INFO - Processing /opt/airflow/dags/staging/rbroker/dag.py took 0.123 seconds
[2024-06-24T04:36:22.239+0000] {processor.py:157} INFO - Started process (PID=3065) to work on /opt/airflow/dags/staging/rbroker/dag.py
[2024-06-24T04:36:22.240+0000] {processor.py:829} INFO - Processing file /opt/airflow/dags/staging/rbroker/dag.py for tasks to queue
[2024-06-24T04:36:22.242+0000] {logging_mixin.py:154} INFO - [2024-06-24T04:36:22.241+0000] {dagbag.py:536} INFO - Filling up the DagBag from /opt/airflow/dags/staging/rbroker/dag.py
[2024-06-24T04:36:22.264+0000] {processor.py:839} INFO - DAG(s) dict_keys(['snowflake_connector3']) retrieved from /opt/airflow/dags/staging/rbroker/dag.py
[2024-06-24T04:36:22.300+0000] {logging_mixin.py:154} INFO - [2024-06-24T04:36:22.300+0000] {dag.py:2941} INFO - Sync 1 DAGs
[2024-06-24T04:36:22.318+0000] {logging_mixin.py:154} INFO - [2024-06-24T04:36:22.318+0000] {dag.py:3722} INFO - Setting next_dagrun for snowflake_connector3 to None, run_after=None
[2024-06-24T04:36:22.342+0000] {processor.py:179} INFO - Processing /opt/airflow/dags/staging/rbroker/dag.py took 0.109 seconds
[2024-06-24T04:36:52.791+0000] {processor.py:157} INFO - Started process (PID=3077) to work on /opt/airflow/dags/staging/rbroker/dag.py
[2024-06-24T04:36:52.793+0000] {processor.py:829} INFO - Processing file /opt/airflow/dags/staging/rbroker/dag.py for tasks to queue
[2024-06-24T04:36:52.794+0000] {logging_mixin.py:154} INFO - [2024-06-24T04:36:52.794+0000] {dagbag.py:536} INFO - Filling up the DagBag from /opt/airflow/dags/staging/rbroker/dag.py
[2024-06-24T04:36:52.816+0000] {processor.py:839} INFO - DAG(s) dict_keys(['snowflake_connector3']) retrieved from /opt/airflow/dags/staging/rbroker/dag.py
[2024-06-24T04:36:52.852+0000] {logging_mixin.py:154} INFO - [2024-06-24T04:36:52.852+0000] {dag.py:2941} INFO - Sync 1 DAGs
[2024-06-24T04:36:52.870+0000] {logging_mixin.py:154} INFO - [2024-06-24T04:36:52.870+0000] {dag.py:3722} INFO - Setting next_dagrun for snowflake_connector3 to None, run_after=None
[2024-06-24T04:36:52.895+0000] {processor.py:179} INFO - Processing /opt/airflow/dags/staging/rbroker/dag.py took 0.109 seconds
[2024-06-24T04:37:23.370+0000] {processor.py:157} INFO - Started process (PID=3089) to work on /opt/airflow/dags/staging/rbroker/dag.py
[2024-06-24T04:37:23.371+0000] {processor.py:829} INFO - Processing file /opt/airflow/dags/staging/rbroker/dag.py for tasks to queue
[2024-06-24T04:37:23.373+0000] {logging_mixin.py:154} INFO - [2024-06-24T04:37:23.372+0000] {dagbag.py:536} INFO - Filling up the DagBag from /opt/airflow/dags/staging/rbroker/dag.py
[2024-06-24T04:37:23.401+0000] {processor.py:839} INFO - DAG(s) dict_keys(['snowflake_connector3']) retrieved from /opt/airflow/dags/staging/rbroker/dag.py
[2024-06-24T04:37:23.441+0000] {logging_mixin.py:154} INFO - [2024-06-24T04:37:23.441+0000] {dag.py:2941} INFO - Sync 1 DAGs
[2024-06-24T04:37:23.461+0000] {logging_mixin.py:154} INFO - [2024-06-24T04:37:23.461+0000] {dag.py:3722} INFO - Setting next_dagrun for snowflake_connector3 to None, run_after=None
[2024-06-24T04:37:23.486+0000] {processor.py:179} INFO - Processing /opt/airflow/dags/staging/rbroker/dag.py took 0.123 seconds
[2024-06-24T04:37:54.045+0000] {processor.py:157} INFO - Started process (PID=3102) to work on /opt/airflow/dags/staging/rbroker/dag.py
[2024-06-24T04:37:54.046+0000] {processor.py:829} INFO - Processing file /opt/airflow/dags/staging/rbroker/dag.py for tasks to queue
[2024-06-24T04:37:54.048+0000] {logging_mixin.py:154} INFO - [2024-06-24T04:37:54.047+0000] {dagbag.py:536} INFO - Filling up the DagBag from /opt/airflow/dags/staging/rbroker/dag.py
[2024-06-24T04:37:54.085+0000] {processor.py:839} INFO - DAG(s) dict_keys(['snowflake_connector3']) retrieved from /opt/airflow/dags/staging/rbroker/dag.py
[2024-06-24T04:37:54.155+0000] {logging_mixin.py:154} INFO - [2024-06-24T04:37:54.155+0000] {dag.py:2941} INFO - Sync 1 DAGs
[2024-06-24T04:37:54.186+0000] {logging_mixin.py:154} INFO - [2024-06-24T04:37:54.186+0000] {dag.py:3722} INFO - Setting next_dagrun for snowflake_connector3 to None, run_after=None
[2024-06-24T04:37:54.218+0000] {processor.py:179} INFO - Processing /opt/airflow/dags/staging/rbroker/dag.py took 0.181 seconds
[2024-06-24T04:38:24.665+0000] {processor.py:157} INFO - Started process (PID=3114) to work on /opt/airflow/dags/staging/rbroker/dag.py
[2024-06-24T04:38:24.667+0000] {processor.py:829} INFO - Processing file /opt/airflow/dags/staging/rbroker/dag.py for tasks to queue
[2024-06-24T04:38:24.669+0000] {logging_mixin.py:154} INFO - [2024-06-24T04:38:24.669+0000] {dagbag.py:536} INFO - Filling up the DagBag from /opt/airflow/dags/staging/rbroker/dag.py
[2024-06-24T04:38:24.694+0000] {processor.py:839} INFO - DAG(s) dict_keys(['snowflake_connector3']) retrieved from /opt/airflow/dags/staging/rbroker/dag.py
[2024-06-24T04:38:24.733+0000] {logging_mixin.py:154} INFO - [2024-06-24T04:38:24.733+0000] {dag.py:2941} INFO - Sync 1 DAGs
[2024-06-24T04:38:24.753+0000] {logging_mixin.py:154} INFO - [2024-06-24T04:38:24.753+0000] {dag.py:3722} INFO - Setting next_dagrun for snowflake_connector3 to None, run_after=None
[2024-06-24T04:38:24.779+0000] {processor.py:179} INFO - Processing /opt/airflow/dags/staging/rbroker/dag.py took 0.122 seconds
[2024-06-24T04:38:55.247+0000] {processor.py:157} INFO - Started process (PID=3127) to work on /opt/airflow/dags/staging/rbroker/dag.py
[2024-06-24T04:38:55.250+0000] {processor.py:829} INFO - Processing file /opt/airflow/dags/staging/rbroker/dag.py for tasks to queue
[2024-06-24T04:38:55.251+0000] {logging_mixin.py:154} INFO - [2024-06-24T04:38:55.251+0000] {dagbag.py:536} INFO - Filling up the DagBag from /opt/airflow/dags/staging/rbroker/dag.py
[2024-06-24T04:38:55.278+0000] {processor.py:839} INFO - DAG(s) dict_keys(['snowflake_connector3']) retrieved from /opt/airflow/dags/staging/rbroker/dag.py
[2024-06-24T04:38:55.323+0000] {logging_mixin.py:154} INFO - [2024-06-24T04:38:55.322+0000] {dag.py:2941} INFO - Sync 1 DAGs
[2024-06-24T04:38:55.346+0000] {logging_mixin.py:154} INFO - [2024-06-24T04:38:55.346+0000] {dag.py:3722} INFO - Setting next_dagrun for snowflake_connector3 to None, run_after=None
[2024-06-24T04:38:55.372+0000] {processor.py:179} INFO - Processing /opt/airflow/dags/staging/rbroker/dag.py took 0.132 seconds
[2024-06-24T04:39:25.841+0000] {processor.py:157} INFO - Started process (PID=3140) to work on /opt/airflow/dags/staging/rbroker/dag.py
[2024-06-24T04:39:25.843+0000] {processor.py:829} INFO - Processing file /opt/airflow/dags/staging/rbroker/dag.py for tasks to queue
[2024-06-24T04:39:25.845+0000] {logging_mixin.py:154} INFO - [2024-06-24T04:39:25.844+0000] {dagbag.py:536} INFO - Filling up the DagBag from /opt/airflow/dags/staging/rbroker/dag.py
[2024-06-24T04:39:25.869+0000] {processor.py:839} INFO - DAG(s) dict_keys(['snowflake_connector3']) retrieved from /opt/airflow/dags/staging/rbroker/dag.py
[2024-06-24T04:39:25.906+0000] {logging_mixin.py:154} INFO - [2024-06-24T04:39:25.906+0000] {dag.py:2941} INFO - Sync 1 DAGs
[2024-06-24T04:39:25.925+0000] {logging_mixin.py:154} INFO - [2024-06-24T04:39:25.925+0000] {dag.py:3722} INFO - Setting next_dagrun for snowflake_connector3 to None, run_after=None
[2024-06-24T04:39:25.952+0000] {processor.py:179} INFO - Processing /opt/airflow/dags/staging/rbroker/dag.py took 0.115 seconds
[2024-06-24T04:39:56.387+0000] {processor.py:157} INFO - Started process (PID=3152) to work on /opt/airflow/dags/staging/rbroker/dag.py
[2024-06-24T04:39:56.388+0000] {processor.py:829} INFO - Processing file /opt/airflow/dags/staging/rbroker/dag.py for tasks to queue
[2024-06-24T04:39:56.390+0000] {logging_mixin.py:154} INFO - [2024-06-24T04:39:56.389+0000] {dagbag.py:536} INFO - Filling up the DagBag from /opt/airflow/dags/staging/rbroker/dag.py
[2024-06-24T04:39:56.414+0000] {processor.py:839} INFO - DAG(s) dict_keys(['snowflake_connector3']) retrieved from /opt/airflow/dags/staging/rbroker/dag.py
[2024-06-24T04:39:56.449+0000] {logging_mixin.py:154} INFO - [2024-06-24T04:39:56.449+0000] {dag.py:2941} INFO - Sync 1 DAGs
[2024-06-24T04:39:56.469+0000] {logging_mixin.py:154} INFO - [2024-06-24T04:39:56.469+0000] {dag.py:3722} INFO - Setting next_dagrun for snowflake_connector3 to None, run_after=None
[2024-06-24T04:39:56.495+0000] {processor.py:179} INFO - Processing /opt/airflow/dags/staging/rbroker/dag.py took 0.113 seconds
[2024-06-24T04:40:26.965+0000] {processor.py:157} INFO - Started process (PID=3164) to work on /opt/airflow/dags/staging/rbroker/dag.py
[2024-06-24T04:40:26.967+0000] {processor.py:829} INFO - Processing file /opt/airflow/dags/staging/rbroker/dag.py for tasks to queue
[2024-06-24T04:40:26.969+0000] {logging_mixin.py:154} INFO - [2024-06-24T04:40:26.968+0000] {dagbag.py:536} INFO - Filling up the DagBag from /opt/airflow/dags/staging/rbroker/dag.py
[2024-06-24T04:40:26.996+0000] {processor.py:839} INFO - DAG(s) dict_keys(['snowflake_connector3']) retrieved from /opt/airflow/dags/staging/rbroker/dag.py
[2024-06-24T04:40:27.034+0000] {logging_mixin.py:154} INFO - [2024-06-24T04:40:27.033+0000] {dag.py:2941} INFO - Sync 1 DAGs
[2024-06-24T04:40:27.052+0000] {logging_mixin.py:154} INFO - [2024-06-24T04:40:27.052+0000] {dag.py:3722} INFO - Setting next_dagrun for snowflake_connector3 to None, run_after=None
[2024-06-24T04:40:27.075+0000] {processor.py:179} INFO - Processing /opt/airflow/dags/staging/rbroker/dag.py took 0.115 seconds
[2024-06-24T04:40:57.575+0000] {processor.py:157} INFO - Started process (PID=3176) to work on /opt/airflow/dags/staging/rbroker/dag.py
[2024-06-24T04:40:57.576+0000] {processor.py:829} INFO - Processing file /opt/airflow/dags/staging/rbroker/dag.py for tasks to queue
[2024-06-24T04:40:57.578+0000] {logging_mixin.py:154} INFO - [2024-06-24T04:40:57.577+0000] {dagbag.py:536} INFO - Filling up the DagBag from /opt/airflow/dags/staging/rbroker/dag.py
[2024-06-24T04:40:57.601+0000] {processor.py:839} INFO - DAG(s) dict_keys(['snowflake_connector3']) retrieved from /opt/airflow/dags/staging/rbroker/dag.py
[2024-06-24T04:40:57.638+0000] {logging_mixin.py:154} INFO - [2024-06-24T04:40:57.638+0000] {dag.py:2941} INFO - Sync 1 DAGs
[2024-06-24T04:40:57.659+0000] {logging_mixin.py:154} INFO - [2024-06-24T04:40:57.659+0000] {dag.py:3722} INFO - Setting next_dagrun for snowflake_connector3 to None, run_after=None
[2024-06-24T04:40:57.686+0000] {processor.py:179} INFO - Processing /opt/airflow/dags/staging/rbroker/dag.py took 0.116 seconds
[2024-06-24T04:41:28.131+0000] {processor.py:157} INFO - Started process (PID=3188) to work on /opt/airflow/dags/staging/rbroker/dag.py
[2024-06-24T04:41:28.133+0000] {processor.py:829} INFO - Processing file /opt/airflow/dags/staging/rbroker/dag.py for tasks to queue
[2024-06-24T04:41:28.134+0000] {logging_mixin.py:154} INFO - [2024-06-24T04:41:28.134+0000] {dagbag.py:536} INFO - Filling up the DagBag from /opt/airflow/dags/staging/rbroker/dag.py
[2024-06-24T04:41:28.157+0000] {processor.py:839} INFO - DAG(s) dict_keys(['snowflake_connector3']) retrieved from /opt/airflow/dags/staging/rbroker/dag.py
[2024-06-24T04:41:28.195+0000] {logging_mixin.py:154} INFO - [2024-06-24T04:41:28.195+0000] {dag.py:2941} INFO - Sync 1 DAGs
[2024-06-24T04:41:28.213+0000] {logging_mixin.py:154} INFO - [2024-06-24T04:41:28.213+0000] {dag.py:3722} INFO - Setting next_dagrun for snowflake_connector3 to None, run_after=None
[2024-06-24T04:41:28.239+0000] {processor.py:179} INFO - Processing /opt/airflow/dags/staging/rbroker/dag.py took 0.113 seconds
[2024-06-24T04:41:58.796+0000] {processor.py:157} INFO - Started process (PID=3200) to work on /opt/airflow/dags/staging/rbroker/dag.py
[2024-06-24T04:41:58.798+0000] {processor.py:829} INFO - Processing file /opt/airflow/dags/staging/rbroker/dag.py for tasks to queue
[2024-06-24T04:41:58.799+0000] {logging_mixin.py:154} INFO - [2024-06-24T04:41:58.799+0000] {dagbag.py:536} INFO - Filling up the DagBag from /opt/airflow/dags/staging/rbroker/dag.py
[2024-06-24T04:41:58.821+0000] {processor.py:839} INFO - DAG(s) dict_keys(['snowflake_connector3']) retrieved from /opt/airflow/dags/staging/rbroker/dag.py
[2024-06-24T04:41:58.857+0000] {logging_mixin.py:154} INFO - [2024-06-24T04:41:58.857+0000] {dag.py:2941} INFO - Sync 1 DAGs
[2024-06-24T04:41:58.876+0000] {logging_mixin.py:154} INFO - [2024-06-24T04:41:58.876+0000] {dag.py:3722} INFO - Setting next_dagrun for snowflake_connector3 to None, run_after=None
[2024-06-24T04:41:58.900+0000] {processor.py:179} INFO - Processing /opt/airflow/dags/staging/rbroker/dag.py took 0.109 seconds
[2024-06-24T04:42:29.347+0000] {processor.py:157} INFO - Started process (PID=3212) to work on /opt/airflow/dags/staging/rbroker/dag.py
[2024-06-24T04:42:29.348+0000] {processor.py:829} INFO - Processing file /opt/airflow/dags/staging/rbroker/dag.py for tasks to queue
[2024-06-24T04:42:29.350+0000] {logging_mixin.py:154} INFO - [2024-06-24T04:42:29.349+0000] {dagbag.py:536} INFO - Filling up the DagBag from /opt/airflow/dags/staging/rbroker/dag.py
[2024-06-24T04:42:29.376+0000] {processor.py:839} INFO - DAG(s) dict_keys(['snowflake_connector3']) retrieved from /opt/airflow/dags/staging/rbroker/dag.py
[2024-06-24T04:42:29.421+0000] {logging_mixin.py:154} INFO - [2024-06-24T04:42:29.421+0000] {dag.py:2941} INFO - Sync 1 DAGs
[2024-06-24T04:42:29.442+0000] {logging_mixin.py:154} INFO - [2024-06-24T04:42:29.442+0000] {dag.py:3722} INFO - Setting next_dagrun for snowflake_connector3 to None, run_after=None
[2024-06-24T04:42:29.470+0000] {processor.py:179} INFO - Processing /opt/airflow/dags/staging/rbroker/dag.py took 0.129 seconds
[2024-06-24T04:42:59.887+0000] {processor.py:157} INFO - Started process (PID=3224) to work on /opt/airflow/dags/staging/rbroker/dag.py
[2024-06-24T04:42:59.889+0000] {processor.py:829} INFO - Processing file /opt/airflow/dags/staging/rbroker/dag.py for tasks to queue
[2024-06-24T04:42:59.890+0000] {logging_mixin.py:154} INFO - [2024-06-24T04:42:59.890+0000] {dagbag.py:536} INFO - Filling up the DagBag from /opt/airflow/dags/staging/rbroker/dag.py
[2024-06-24T04:42:59.914+0000] {processor.py:839} INFO - DAG(s) dict_keys(['snowflake_connector3']) retrieved from /opt/airflow/dags/staging/rbroker/dag.py
[2024-06-24T04:42:59.950+0000] {logging_mixin.py:154} INFO - [2024-06-24T04:42:59.949+0000] {dag.py:2941} INFO - Sync 1 DAGs
[2024-06-24T04:42:59.967+0000] {logging_mixin.py:154} INFO - [2024-06-24T04:42:59.967+0000] {dag.py:3722} INFO - Setting next_dagrun for snowflake_connector3 to None, run_after=None
[2024-06-24T04:42:59.993+0000] {processor.py:179} INFO - Processing /opt/airflow/dags/staging/rbroker/dag.py took 0.111 seconds
[2024-06-24T04:43:30.525+0000] {processor.py:157} INFO - Started process (PID=3236) to work on /opt/airflow/dags/staging/rbroker/dag.py
[2024-06-24T04:43:30.526+0000] {processor.py:829} INFO - Processing file /opt/airflow/dags/staging/rbroker/dag.py for tasks to queue
[2024-06-24T04:43:30.527+0000] {logging_mixin.py:154} INFO - [2024-06-24T04:43:30.527+0000] {dagbag.py:536} INFO - Filling up the DagBag from /opt/airflow/dags/staging/rbroker/dag.py
[2024-06-24T04:43:30.549+0000] {processor.py:839} INFO - DAG(s) dict_keys(['snowflake_connector3']) retrieved from /opt/airflow/dags/staging/rbroker/dag.py
[2024-06-24T04:43:30.587+0000] {logging_mixin.py:154} INFO - [2024-06-24T04:43:30.586+0000] {dag.py:2941} INFO - Sync 1 DAGs
[2024-06-24T04:43:30.605+0000] {logging_mixin.py:154} INFO - [2024-06-24T04:43:30.605+0000] {dag.py:3722} INFO - Setting next_dagrun for snowflake_connector3 to None, run_after=None
[2024-06-24T04:43:30.629+0000] {processor.py:179} INFO - Processing /opt/airflow/dags/staging/rbroker/dag.py took 0.109 seconds
[2024-06-24T04:44:01.079+0000] {processor.py:157} INFO - Started process (PID=3248) to work on /opt/airflow/dags/staging/rbroker/dag.py
[2024-06-24T04:44:01.081+0000] {processor.py:829} INFO - Processing file /opt/airflow/dags/staging/rbroker/dag.py for tasks to queue
[2024-06-24T04:44:01.083+0000] {logging_mixin.py:154} INFO - [2024-06-24T04:44:01.083+0000] {dagbag.py:536} INFO - Filling up the DagBag from /opt/airflow/dags/staging/rbroker/dag.py
[2024-06-24T04:44:01.109+0000] {processor.py:839} INFO - DAG(s) dict_keys(['snowflake_connector3']) retrieved from /opt/airflow/dags/staging/rbroker/dag.py
[2024-06-24T04:44:01.151+0000] {logging_mixin.py:154} INFO - [2024-06-24T04:44:01.151+0000] {dag.py:2941} INFO - Sync 1 DAGs
[2024-06-24T04:44:01.173+0000] {logging_mixin.py:154} INFO - [2024-06-24T04:44:01.172+0000] {dag.py:3722} INFO - Setting next_dagrun for snowflake_connector3 to None, run_after=None
[2024-06-24T04:44:01.201+0000] {processor.py:179} INFO - Processing /opt/airflow/dags/staging/rbroker/dag.py took 0.127 seconds
[2024-06-24T04:44:31.664+0000] {processor.py:157} INFO - Started process (PID=3260) to work on /opt/airflow/dags/staging/rbroker/dag.py
[2024-06-24T04:44:31.666+0000] {processor.py:829} INFO - Processing file /opt/airflow/dags/staging/rbroker/dag.py for tasks to queue
[2024-06-24T04:44:31.667+0000] {logging_mixin.py:154} INFO - [2024-06-24T04:44:31.667+0000] {dagbag.py:536} INFO - Filling up the DagBag from /opt/airflow/dags/staging/rbroker/dag.py
[2024-06-24T04:44:31.694+0000] {processor.py:839} INFO - DAG(s) dict_keys(['snowflake_connector3']) retrieved from /opt/airflow/dags/staging/rbroker/dag.py
[2024-06-24T04:44:31.737+0000] {logging_mixin.py:154} INFO - [2024-06-24T04:44:31.737+0000] {dag.py:2941} INFO - Sync 1 DAGs
[2024-06-24T04:44:31.758+0000] {logging_mixin.py:154} INFO - [2024-06-24T04:44:31.758+0000] {dag.py:3722} INFO - Setting next_dagrun for snowflake_connector3 to None, run_after=None
[2024-06-24T04:44:31.788+0000] {processor.py:179} INFO - Processing /opt/airflow/dags/staging/rbroker/dag.py took 0.130 seconds
[2024-06-24T04:45:02.298+0000] {processor.py:157} INFO - Started process (PID=3272) to work on /opt/airflow/dags/staging/rbroker/dag.py
[2024-06-24T04:45:02.300+0000] {processor.py:829} INFO - Processing file /opt/airflow/dags/staging/rbroker/dag.py for tasks to queue
[2024-06-24T04:45:02.301+0000] {logging_mixin.py:154} INFO - [2024-06-24T04:45:02.301+0000] {dagbag.py:536} INFO - Filling up the DagBag from /opt/airflow/dags/staging/rbroker/dag.py
[2024-06-24T04:45:02.328+0000] {processor.py:839} INFO - DAG(s) dict_keys(['snowflake_connector3']) retrieved from /opt/airflow/dags/staging/rbroker/dag.py
[2024-06-24T04:45:02.367+0000] {logging_mixin.py:154} INFO - [2024-06-24T04:45:02.367+0000] {dag.py:2941} INFO - Sync 1 DAGs
[2024-06-24T04:45:02.389+0000] {logging_mixin.py:154} INFO - [2024-06-24T04:45:02.389+0000] {dag.py:3722} INFO - Setting next_dagrun for snowflake_connector3 to None, run_after=None
[2024-06-24T04:45:02.414+0000] {processor.py:179} INFO - Processing /opt/airflow/dags/staging/rbroker/dag.py took 0.121 seconds
[2024-06-24T04:45:32.944+0000] {processor.py:157} INFO - Started process (PID=3284) to work on /opt/airflow/dags/staging/rbroker/dag.py
[2024-06-24T04:45:32.945+0000] {processor.py:829} INFO - Processing file /opt/airflow/dags/staging/rbroker/dag.py for tasks to queue
[2024-06-24T04:45:32.947+0000] {logging_mixin.py:154} INFO - [2024-06-24T04:45:32.946+0000] {dagbag.py:536} INFO - Filling up the DagBag from /opt/airflow/dags/staging/rbroker/dag.py
[2024-06-24T04:45:32.988+0000] {processor.py:839} INFO - DAG(s) dict_keys(['snowflake_connector3']) retrieved from /opt/airflow/dags/staging/rbroker/dag.py
[2024-06-24T04:45:33.027+0000] {logging_mixin.py:154} INFO - [2024-06-24T04:45:33.026+0000] {dag.py:2941} INFO - Sync 1 DAGs
[2024-06-24T04:45:33.044+0000] {logging_mixin.py:154} INFO - [2024-06-24T04:45:33.044+0000] {dag.py:3722} INFO - Setting next_dagrun for snowflake_connector3 to None, run_after=None
[2024-06-24T04:45:33.068+0000] {processor.py:179} INFO - Processing /opt/airflow/dags/staging/rbroker/dag.py took 0.131 seconds
[2024-06-24T04:46:03.525+0000] {processor.py:157} INFO - Started process (PID=3296) to work on /opt/airflow/dags/staging/rbroker/dag.py
[2024-06-24T04:46:03.527+0000] {processor.py:829} INFO - Processing file /opt/airflow/dags/staging/rbroker/dag.py for tasks to queue
[2024-06-24T04:46:03.528+0000] {logging_mixin.py:154} INFO - [2024-06-24T04:46:03.528+0000] {dagbag.py:536} INFO - Filling up the DagBag from /opt/airflow/dags/staging/rbroker/dag.py
[2024-06-24T04:46:03.555+0000] {processor.py:839} INFO - DAG(s) dict_keys(['snowflake_connector3']) retrieved from /opt/airflow/dags/staging/rbroker/dag.py
[2024-06-24T04:46:03.596+0000] {logging_mixin.py:154} INFO - [2024-06-24T04:46:03.595+0000] {dag.py:2941} INFO - Sync 1 DAGs
[2024-06-24T04:46:03.617+0000] {logging_mixin.py:154} INFO - [2024-06-24T04:46:03.616+0000] {dag.py:3722} INFO - Setting next_dagrun for snowflake_connector3 to None, run_after=None
[2024-06-24T04:46:03.645+0000] {processor.py:179} INFO - Processing /opt/airflow/dags/staging/rbroker/dag.py took 0.125 seconds
[2024-06-24T04:46:34.099+0000] {processor.py:157} INFO - Started process (PID=3308) to work on /opt/airflow/dags/staging/rbroker/dag.py
[2024-06-24T04:46:34.100+0000] {processor.py:829} INFO - Processing file /opt/airflow/dags/staging/rbroker/dag.py for tasks to queue
[2024-06-24T04:46:34.103+0000] {logging_mixin.py:154} INFO - [2024-06-24T04:46:34.102+0000] {dagbag.py:536} INFO - Filling up the DagBag from /opt/airflow/dags/staging/rbroker/dag.py
[2024-06-24T04:46:34.125+0000] {processor.py:839} INFO - DAG(s) dict_keys(['snowflake_connector3']) retrieved from /opt/airflow/dags/staging/rbroker/dag.py
[2024-06-24T04:46:34.163+0000] {logging_mixin.py:154} INFO - [2024-06-24T04:46:34.163+0000] {dag.py:2941} INFO - Sync 1 DAGs
[2024-06-24T04:46:34.182+0000] {logging_mixin.py:154} INFO - [2024-06-24T04:46:34.182+0000] {dag.py:3722} INFO - Setting next_dagrun for snowflake_connector3 to None, run_after=None
[2024-06-24T04:46:34.208+0000] {processor.py:179} INFO - Processing /opt/airflow/dags/staging/rbroker/dag.py took 0.115 seconds
[2024-06-24T04:47:04.657+0000] {processor.py:157} INFO - Started process (PID=3320) to work on /opt/airflow/dags/staging/rbroker/dag.py
[2024-06-24T04:47:04.658+0000] {processor.py:829} INFO - Processing file /opt/airflow/dags/staging/rbroker/dag.py for tasks to queue
[2024-06-24T04:47:04.660+0000] {logging_mixin.py:154} INFO - [2024-06-24T04:47:04.659+0000] {dagbag.py:536} INFO - Filling up the DagBag from /opt/airflow/dags/staging/rbroker/dag.py
[2024-06-24T04:47:04.682+0000] {processor.py:839} INFO - DAG(s) dict_keys(['snowflake_connector3']) retrieved from /opt/airflow/dags/staging/rbroker/dag.py
[2024-06-24T04:47:04.716+0000] {logging_mixin.py:154} INFO - [2024-06-24T04:47:04.716+0000] {dag.py:2941} INFO - Sync 1 DAGs
[2024-06-24T04:47:04.735+0000] {logging_mixin.py:154} INFO - [2024-06-24T04:47:04.734+0000] {dag.py:3722} INFO - Setting next_dagrun for snowflake_connector3 to None, run_after=None
[2024-06-24T04:47:04.756+0000] {processor.py:179} INFO - Processing /opt/airflow/dags/staging/rbroker/dag.py took 0.105 seconds
[2024-06-24T04:47:35.187+0000] {processor.py:157} INFO - Started process (PID=3332) to work on /opt/airflow/dags/staging/rbroker/dag.py
[2024-06-24T04:47:35.189+0000] {processor.py:829} INFO - Processing file /opt/airflow/dags/staging/rbroker/dag.py for tasks to queue
[2024-06-24T04:47:35.190+0000] {logging_mixin.py:154} INFO - [2024-06-24T04:47:35.190+0000] {dagbag.py:536} INFO - Filling up the DagBag from /opt/airflow/dags/staging/rbroker/dag.py
[2024-06-24T04:47:35.214+0000] {processor.py:839} INFO - DAG(s) dict_keys(['snowflake_connector3']) retrieved from /opt/airflow/dags/staging/rbroker/dag.py
[2024-06-24T04:47:35.249+0000] {logging_mixin.py:154} INFO - [2024-06-24T04:47:35.249+0000] {dag.py:2941} INFO - Sync 1 DAGs
[2024-06-24T04:47:35.267+0000] {logging_mixin.py:154} INFO - [2024-06-24T04:47:35.266+0000] {dag.py:3722} INFO - Setting next_dagrun for snowflake_connector3 to None, run_after=None
[2024-06-24T04:47:35.287+0000] {processor.py:179} INFO - Processing /opt/airflow/dags/staging/rbroker/dag.py took 0.104 seconds
[2024-06-24T04:48:05.741+0000] {processor.py:157} INFO - Started process (PID=3344) to work on /opt/airflow/dags/staging/rbroker/dag.py
[2024-06-24T04:48:05.743+0000] {processor.py:829} INFO - Processing file /opt/airflow/dags/staging/rbroker/dag.py for tasks to queue
[2024-06-24T04:48:05.745+0000] {logging_mixin.py:154} INFO - [2024-06-24T04:48:05.744+0000] {dagbag.py:536} INFO - Filling up the DagBag from /opt/airflow/dags/staging/rbroker/dag.py
[2024-06-24T04:48:05.767+0000] {processor.py:839} INFO - DAG(s) dict_keys(['snowflake_connector3']) retrieved from /opt/airflow/dags/staging/rbroker/dag.py
[2024-06-24T04:48:05.805+0000] {logging_mixin.py:154} INFO - [2024-06-24T04:48:05.805+0000] {dag.py:2941} INFO - Sync 1 DAGs
[2024-06-24T04:48:05.824+0000] {logging_mixin.py:154} INFO - [2024-06-24T04:48:05.823+0000] {dag.py:3722} INFO - Setting next_dagrun for snowflake_connector3 to None, run_after=None
[2024-06-24T04:48:05.848+0000] {processor.py:179} INFO - Processing /opt/airflow/dags/staging/rbroker/dag.py took 0.112 seconds
[2024-06-24T04:48:36.337+0000] {processor.py:157} INFO - Started process (PID=3356) to work on /opt/airflow/dags/staging/rbroker/dag.py
[2024-06-24T04:48:36.339+0000] {processor.py:829} INFO - Processing file /opt/airflow/dags/staging/rbroker/dag.py for tasks to queue
[2024-06-24T04:48:36.340+0000] {logging_mixin.py:154} INFO - [2024-06-24T04:48:36.340+0000] {dagbag.py:536} INFO - Filling up the DagBag from /opt/airflow/dags/staging/rbroker/dag.py
[2024-06-24T04:48:36.366+0000] {processor.py:839} INFO - DAG(s) dict_keys(['snowflake_connector3']) retrieved from /opt/airflow/dags/staging/rbroker/dag.py
[2024-06-24T04:48:36.406+0000] {logging_mixin.py:154} INFO - [2024-06-24T04:48:36.405+0000] {dag.py:2941} INFO - Sync 1 DAGs
[2024-06-24T04:48:36.423+0000] {logging_mixin.py:154} INFO - [2024-06-24T04:48:36.423+0000] {dag.py:3722} INFO - Setting next_dagrun for snowflake_connector3 to None, run_after=None
[2024-06-24T04:48:36.445+0000] {processor.py:179} INFO - Processing /opt/airflow/dags/staging/rbroker/dag.py took 0.114 seconds
[2024-06-24T04:49:06.906+0000] {processor.py:157} INFO - Started process (PID=3368) to work on /opt/airflow/dags/staging/rbroker/dag.py
[2024-06-24T04:49:06.908+0000] {processor.py:829} INFO - Processing file /opt/airflow/dags/staging/rbroker/dag.py for tasks to queue
[2024-06-24T04:49:06.910+0000] {logging_mixin.py:154} INFO - [2024-06-24T04:49:06.910+0000] {dagbag.py:536} INFO - Filling up the DagBag from /opt/airflow/dags/staging/rbroker/dag.py
[2024-06-24T04:49:06.933+0000] {processor.py:839} INFO - DAG(s) dict_keys(['snowflake_connector3']) retrieved from /opt/airflow/dags/staging/rbroker/dag.py
[2024-06-24T04:49:06.976+0000] {logging_mixin.py:154} INFO - [2024-06-24T04:49:06.975+0000] {dag.py:2941} INFO - Sync 1 DAGs
[2024-06-24T04:49:06.995+0000] {logging_mixin.py:154} INFO - [2024-06-24T04:49:06.994+0000] {dag.py:3722} INFO - Setting next_dagrun for snowflake_connector3 to None, run_after=None
[2024-06-24T04:49:07.020+0000] {processor.py:179} INFO - Processing /opt/airflow/dags/staging/rbroker/dag.py took 0.119 seconds
[2024-06-24T04:49:37.480+0000] {processor.py:157} INFO - Started process (PID=3380) to work on /opt/airflow/dags/staging/rbroker/dag.py
[2024-06-24T04:49:37.482+0000] {processor.py:829} INFO - Processing file /opt/airflow/dags/staging/rbroker/dag.py for tasks to queue
[2024-06-24T04:49:37.483+0000] {logging_mixin.py:154} INFO - [2024-06-24T04:49:37.483+0000] {dagbag.py:536} INFO - Filling up the DagBag from /opt/airflow/dags/staging/rbroker/dag.py
[2024-06-24T04:49:37.506+0000] {processor.py:839} INFO - DAG(s) dict_keys(['snowflake_connector3']) retrieved from /opt/airflow/dags/staging/rbroker/dag.py
[2024-06-24T04:49:37.543+0000] {logging_mixin.py:154} INFO - [2024-06-24T04:49:37.543+0000] {dag.py:2941} INFO - Sync 1 DAGs
[2024-06-24T04:49:37.563+0000] {logging_mixin.py:154} INFO - [2024-06-24T04:49:37.563+0000] {dag.py:3722} INFO - Setting next_dagrun for snowflake_connector3 to None, run_after=None
[2024-06-24T04:49:37.587+0000] {processor.py:179} INFO - Processing /opt/airflow/dags/staging/rbroker/dag.py took 0.113 seconds
[2024-06-24T04:50:08.050+0000] {processor.py:157} INFO - Started process (PID=3392) to work on /opt/airflow/dags/staging/rbroker/dag.py
[2024-06-24T04:50:08.052+0000] {processor.py:829} INFO - Processing file /opt/airflow/dags/staging/rbroker/dag.py for tasks to queue
[2024-06-24T04:50:08.054+0000] {logging_mixin.py:154} INFO - [2024-06-24T04:50:08.053+0000] {dagbag.py:536} INFO - Filling up the DagBag from /opt/airflow/dags/staging/rbroker/dag.py
[2024-06-24T04:50:08.079+0000] {processor.py:839} INFO - DAG(s) dict_keys(['snowflake_connector3']) retrieved from /opt/airflow/dags/staging/rbroker/dag.py
[2024-06-24T04:50:08.117+0000] {logging_mixin.py:154} INFO - [2024-06-24T04:50:08.116+0000] {dag.py:2941} INFO - Sync 1 DAGs
[2024-06-24T04:50:08.137+0000] {logging_mixin.py:154} INFO - [2024-06-24T04:50:08.136+0000] {dag.py:3722} INFO - Setting next_dagrun for snowflake_connector3 to None, run_after=None
[2024-06-24T04:50:08.160+0000] {processor.py:179} INFO - Processing /opt/airflow/dags/staging/rbroker/dag.py took 0.116 seconds
[2024-06-24T04:50:38.650+0000] {processor.py:157} INFO - Started process (PID=3404) to work on /opt/airflow/dags/staging/rbroker/dag.py
[2024-06-24T04:50:38.652+0000] {processor.py:829} INFO - Processing file /opt/airflow/dags/staging/rbroker/dag.py for tasks to queue
[2024-06-24T04:50:38.654+0000] {logging_mixin.py:154} INFO - [2024-06-24T04:50:38.653+0000] {dagbag.py:536} INFO - Filling up the DagBag from /opt/airflow/dags/staging/rbroker/dag.py
[2024-06-24T04:50:38.681+0000] {processor.py:839} INFO - DAG(s) dict_keys(['snowflake_connector3']) retrieved from /opt/airflow/dags/staging/rbroker/dag.py
[2024-06-24T04:50:38.771+0000] {logging_mixin.py:154} INFO - [2024-06-24T04:50:38.770+0000] {dag.py:2941} INFO - Sync 1 DAGs
[2024-06-24T04:50:38.817+0000] {logging_mixin.py:154} INFO - [2024-06-24T04:50:38.817+0000] {dag.py:3722} INFO - Setting next_dagrun for snowflake_connector3 to None, run_after=None
[2024-06-24T04:50:38.852+0000] {processor.py:179} INFO - Processing /opt/airflow/dags/staging/rbroker/dag.py took 0.208 seconds
[2024-06-24T04:51:09.322+0000] {processor.py:157} INFO - Started process (PID=3423) to work on /opt/airflow/dags/staging/rbroker/dag.py
[2024-06-24T04:51:09.324+0000] {processor.py:829} INFO - Processing file /opt/airflow/dags/staging/rbroker/dag.py for tasks to queue
[2024-06-24T04:51:09.325+0000] {logging_mixin.py:154} INFO - [2024-06-24T04:51:09.325+0000] {dagbag.py:536} INFO - Filling up the DagBag from /opt/airflow/dags/staging/rbroker/dag.py
[2024-06-24T04:51:09.348+0000] {processor.py:839} INFO - DAG(s) dict_keys(['snowflake_connector3']) retrieved from /opt/airflow/dags/staging/rbroker/dag.py
[2024-06-24T04:51:09.384+0000] {logging_mixin.py:154} INFO - [2024-06-24T04:51:09.384+0000] {dag.py:2941} INFO - Sync 1 DAGs
[2024-06-24T04:51:09.403+0000] {logging_mixin.py:154} INFO - [2024-06-24T04:51:09.402+0000] {dag.py:3722} INFO - Setting next_dagrun for snowflake_connector3 to None, run_after=None
[2024-06-24T04:51:09.428+0000] {processor.py:179} INFO - Processing /opt/airflow/dags/staging/rbroker/dag.py took 0.111 seconds
[2024-06-24T04:51:39.882+0000] {processor.py:157} INFO - Started process (PID=3435) to work on /opt/airflow/dags/staging/rbroker/dag.py
[2024-06-24T04:51:39.883+0000] {processor.py:829} INFO - Processing file /opt/airflow/dags/staging/rbroker/dag.py for tasks to queue
[2024-06-24T04:51:39.884+0000] {logging_mixin.py:154} INFO - [2024-06-24T04:51:39.884+0000] {dagbag.py:536} INFO - Filling up the DagBag from /opt/airflow/dags/staging/rbroker/dag.py
[2024-06-24T04:51:39.909+0000] {processor.py:839} INFO - DAG(s) dict_keys(['snowflake_connector3']) retrieved from /opt/airflow/dags/staging/rbroker/dag.py
[2024-06-24T04:51:39.949+0000] {logging_mixin.py:154} INFO - [2024-06-24T04:51:39.949+0000] {dag.py:2941} INFO - Sync 1 DAGs
[2024-06-24T04:51:39.968+0000] {logging_mixin.py:154} INFO - [2024-06-24T04:51:39.968+0000] {dag.py:3722} INFO - Setting next_dagrun for snowflake_connector3 to None, run_after=None
[2024-06-24T04:51:39.996+0000] {processor.py:179} INFO - Processing /opt/airflow/dags/staging/rbroker/dag.py took 0.120 seconds
[2024-06-24T04:52:10.445+0000] {processor.py:157} INFO - Started process (PID=3447) to work on /opt/airflow/dags/staging/rbroker/dag.py
[2024-06-24T04:52:10.447+0000] {processor.py:829} INFO - Processing file /opt/airflow/dags/staging/rbroker/dag.py for tasks to queue
[2024-06-24T04:52:10.448+0000] {logging_mixin.py:154} INFO - [2024-06-24T04:52:10.448+0000] {dagbag.py:536} INFO - Filling up the DagBag from /opt/airflow/dags/staging/rbroker/dag.py
[2024-06-24T04:52:10.469+0000] {processor.py:839} INFO - DAG(s) dict_keys(['snowflake_connector3']) retrieved from /opt/airflow/dags/staging/rbroker/dag.py
[2024-06-24T04:52:10.503+0000] {logging_mixin.py:154} INFO - [2024-06-24T04:52:10.503+0000] {dag.py:2941} INFO - Sync 1 DAGs
[2024-06-24T04:52:10.521+0000] {logging_mixin.py:154} INFO - [2024-06-24T04:52:10.520+0000] {dag.py:3722} INFO - Setting next_dagrun for snowflake_connector3 to None, run_after=None
[2024-06-24T04:52:10.542+0000] {processor.py:179} INFO - Processing /opt/airflow/dags/staging/rbroker/dag.py took 0.102 seconds
[2024-06-24T04:52:40.983+0000] {processor.py:157} INFO - Started process (PID=3459) to work on /opt/airflow/dags/staging/rbroker/dag.py
[2024-06-24T04:52:40.985+0000] {processor.py:829} INFO - Processing file /opt/airflow/dags/staging/rbroker/dag.py for tasks to queue
[2024-06-24T04:52:40.986+0000] {logging_mixin.py:154} INFO - [2024-06-24T04:52:40.986+0000] {dagbag.py:536} INFO - Filling up the DagBag from /opt/airflow/dags/staging/rbroker/dag.py
[2024-06-24T04:52:41.008+0000] {processor.py:839} INFO - DAG(s) dict_keys(['snowflake_connector3']) retrieved from /opt/airflow/dags/staging/rbroker/dag.py
[2024-06-24T04:52:41.046+0000] {logging_mixin.py:154} INFO - [2024-06-24T04:52:41.046+0000] {dag.py:2941} INFO - Sync 1 DAGs
[2024-06-24T04:52:41.064+0000] {logging_mixin.py:154} INFO - [2024-06-24T04:52:41.064+0000] {dag.py:3722} INFO - Setting next_dagrun for snowflake_connector3 to None, run_after=None
[2024-06-24T04:52:41.089+0000] {processor.py:179} INFO - Processing /opt/airflow/dags/staging/rbroker/dag.py took 0.111 seconds
[2024-06-24T04:53:11.556+0000] {processor.py:157} INFO - Started process (PID=3471) to work on /opt/airflow/dags/staging/rbroker/dag.py
[2024-06-24T04:53:11.558+0000] {processor.py:829} INFO - Processing file /opt/airflow/dags/staging/rbroker/dag.py for tasks to queue
[2024-06-24T04:53:11.560+0000] {logging_mixin.py:154} INFO - [2024-06-24T04:53:11.559+0000] {dagbag.py:536} INFO - Filling up the DagBag from /opt/airflow/dags/staging/rbroker/dag.py
[2024-06-24T04:53:11.585+0000] {processor.py:839} INFO - DAG(s) dict_keys(['snowflake_connector3']) retrieved from /opt/airflow/dags/staging/rbroker/dag.py
[2024-06-24T04:53:11.622+0000] {logging_mixin.py:154} INFO - [2024-06-24T04:53:11.622+0000] {dag.py:2941} INFO - Sync 1 DAGs
[2024-06-24T04:53:11.641+0000] {logging_mixin.py:154} INFO - [2024-06-24T04:53:11.641+0000] {dag.py:3722} INFO - Setting next_dagrun for snowflake_connector3 to None, run_after=None
[2024-06-24T04:53:11.669+0000] {processor.py:179} INFO - Processing /opt/airflow/dags/staging/rbroker/dag.py took 0.118 seconds
[2024-06-24T04:53:42.184+0000] {processor.py:157} INFO - Started process (PID=3483) to work on /opt/airflow/dags/staging/rbroker/dag.py
[2024-06-24T04:53:42.187+0000] {processor.py:829} INFO - Processing file /opt/airflow/dags/staging/rbroker/dag.py for tasks to queue
[2024-06-24T04:53:42.189+0000] {logging_mixin.py:154} INFO - [2024-06-24T04:53:42.188+0000] {dagbag.py:536} INFO - Filling up the DagBag from /opt/airflow/dags/staging/rbroker/dag.py
[2024-06-24T04:53:42.216+0000] {processor.py:839} INFO - DAG(s) dict_keys(['snowflake_connector3']) retrieved from /opt/airflow/dags/staging/rbroker/dag.py
[2024-06-24T04:53:42.260+0000] {logging_mixin.py:154} INFO - [2024-06-24T04:53:42.260+0000] {dag.py:2941} INFO - Sync 1 DAGs
[2024-06-24T04:53:42.281+0000] {logging_mixin.py:154} INFO - [2024-06-24T04:53:42.281+0000] {dag.py:3722} INFO - Setting next_dagrun for snowflake_connector3 to None, run_after=None
[2024-06-24T04:53:42.307+0000] {processor.py:179} INFO - Processing /opt/airflow/dags/staging/rbroker/dag.py took 0.128 seconds
[2024-06-24T04:54:05.686+0000] {processor.py:157} INFO - Started process (PID=3488) to work on /opt/airflow/dags/staging/rbroker/dag.py
[2024-06-24T04:54:05.687+0000] {processor.py:829} INFO - Processing file /opt/airflow/dags/staging/rbroker/dag.py for tasks to queue
[2024-06-24T04:54:05.689+0000] {logging_mixin.py:154} INFO - [2024-06-24T04:54:05.688+0000] {dagbag.py:536} INFO - Filling up the DagBag from /opt/airflow/dags/staging/rbroker/dag.py
[2024-06-24T04:54:05.713+0000] {processor.py:839} INFO - DAG(s) dict_keys(['snowflake_connector3']) retrieved from /opt/airflow/dags/staging/rbroker/dag.py
[2024-06-24T04:54:05.747+0000] {logging_mixin.py:154} INFO - [2024-06-24T04:54:05.746+0000] {dag.py:2941} INFO - Sync 1 DAGs
[2024-06-24T04:54:05.764+0000] {logging_mixin.py:154} INFO - [2024-06-24T04:54:05.763+0000] {dag.py:3722} INFO - Setting next_dagrun for snowflake_connector3 to None, run_after=None
[2024-06-24T04:54:05.791+0000] {processor.py:179} INFO - Processing /opt/airflow/dags/staging/rbroker/dag.py took 0.110 seconds
[2024-06-24T04:54:36.201+0000] {processor.py:157} INFO - Started process (PID=3500) to work on /opt/airflow/dags/staging/rbroker/dag.py
[2024-06-24T04:54:36.204+0000] {processor.py:829} INFO - Processing file /opt/airflow/dags/staging/rbroker/dag.py for tasks to queue
[2024-06-24T04:54:36.205+0000] {logging_mixin.py:154} INFO - [2024-06-24T04:54:36.205+0000] {dagbag.py:536} INFO - Filling up the DagBag from /opt/airflow/dags/staging/rbroker/dag.py
[2024-06-24T04:54:36.227+0000] {processor.py:839} INFO - DAG(s) dict_keys(['snowflake_connector3']) retrieved from /opt/airflow/dags/staging/rbroker/dag.py
[2024-06-24T04:54:36.261+0000] {logging_mixin.py:154} INFO - [2024-06-24T04:54:36.261+0000] {dag.py:2941} INFO - Sync 1 DAGs
[2024-06-24T04:54:36.278+0000] {logging_mixin.py:154} INFO - [2024-06-24T04:54:36.278+0000] {dag.py:3722} INFO - Setting next_dagrun for snowflake_connector3 to None, run_after=None
[2024-06-24T04:54:36.303+0000] {processor.py:179} INFO - Processing /opt/airflow/dags/staging/rbroker/dag.py took 0.107 seconds
