[2024-06-24T04:55:31.994+0000] {processor.py:157} INFO - Started process (PID=3520) to work on /opt/airflow/dags/staging/rbroker/rbroker_instrument_dag.py
[2024-06-24T04:55:31.996+0000] {processor.py:829} INFO - Processing file /opt/airflow/dags/staging/rbroker/rbroker_instrument_dag.py for tasks to queue
[2024-06-24T04:55:31.999+0000] {logging_mixin.py:154} INFO - [2024-06-24T04:55:31.999+0000] {dagbag.py:536} INFO - Filling up the DagBag from /opt/airflow/dags/staging/rbroker/rbroker_instrument_dag.py
[2024-06-24T04:55:32.028+0000] {processor.py:839} INFO - DAG(s) dict_keys(['snowflake_connector3']) retrieved from /opt/airflow/dags/staging/rbroker/rbroker_instrument_dag.py
[2024-06-24T04:55:32.200+0000] {logging_mixin.py:154} INFO - [2024-06-24T04:55:32.199+0000] {dag.py:2941} INFO - Sync 1 DAGs
[2024-06-24T04:55:32.217+0000] {logging_mixin.py:154} INFO - [2024-06-24T04:55:32.216+0000] {dag.py:3722} INFO - Setting next_dagrun for snowflake_connector3 to None, run_after=None
[2024-06-24T04:55:32.249+0000] {processor.py:179} INFO - Processing /opt/airflow/dags/staging/rbroker/rbroker_instrument_dag.py took 0.260 seconds
[2024-06-24T04:55:42.431+0000] {processor.py:157} INFO - Started process (PID=3531) to work on /opt/airflow/dags/staging/rbroker/rbroker_instrument_dag.py
[2024-06-24T04:55:42.432+0000] {processor.py:829} INFO - Processing file /opt/airflow/dags/staging/rbroker/rbroker_instrument_dag.py for tasks to queue
[2024-06-24T04:55:42.434+0000] {logging_mixin.py:154} INFO - [2024-06-24T04:55:42.433+0000] {dagbag.py:536} INFO - Filling up the DagBag from /opt/airflow/dags/staging/rbroker/rbroker_instrument_dag.py
[2024-06-24T04:55:42.459+0000] {processor.py:839} INFO - DAG(s) dict_keys(['snowflake_connector3']) retrieved from /opt/airflow/dags/staging/rbroker/rbroker_instrument_dag.py
[2024-06-24T04:55:42.475+0000] {logging_mixin.py:154} INFO - [2024-06-24T04:55:42.475+0000] {dag.py:2941} INFO - Sync 1 DAGs
[2024-06-24T04:55:42.493+0000] {logging_mixin.py:154} INFO - [2024-06-24T04:55:42.493+0000] {dag.py:3722} INFO - Setting next_dagrun for snowflake_connector3 to None, run_after=None
[2024-06-24T04:55:42.521+0000] {processor.py:179} INFO - Processing /opt/airflow/dags/staging/rbroker/rbroker_instrument_dag.py took 0.094 seconds
[2024-06-24T04:56:08.926+0000] {processor.py:157} INFO - Started process (PID=3536) to work on /opt/airflow/dags/staging/rbroker/rbroker_instrument_dag.py
[2024-06-24T04:56:08.927+0000] {processor.py:829} INFO - Processing file /opt/airflow/dags/staging/rbroker/rbroker_instrument_dag.py for tasks to queue
[2024-06-24T04:56:08.929+0000] {logging_mixin.py:154} INFO - [2024-06-24T04:56:08.928+0000] {dagbag.py:536} INFO - Filling up the DagBag from /opt/airflow/dags/staging/rbroker/rbroker_instrument_dag.py
[2024-06-24T04:56:08.953+0000] {processor.py:839} INFO - DAG(s) dict_keys(['snowflake_connector3']) retrieved from /opt/airflow/dags/staging/rbroker/rbroker_instrument_dag.py
[2024-06-24T04:56:09.093+0000] {logging_mixin.py:154} INFO - [2024-06-24T04:56:09.093+0000] {dag.py:2941} INFO - Sync 1 DAGs
[2024-06-24T04:56:09.108+0000] {logging_mixin.py:154} INFO - [2024-06-24T04:56:09.108+0000] {dag.py:3722} INFO - Setting next_dagrun for snowflake_connector3 to None, run_after=None
[2024-06-24T04:56:09.136+0000] {processor.py:179} INFO - Processing /opt/airflow/dags/staging/rbroker/rbroker_instrument_dag.py took 0.215 seconds
[2024-06-24T04:56:39.334+0000] {processor.py:157} INFO - Started process (PID=3548) to work on /opt/airflow/dags/staging/rbroker/rbroker_instrument_dag.py
[2024-06-24T04:56:39.336+0000] {processor.py:829} INFO - Processing file /opt/airflow/dags/staging/rbroker/rbroker_instrument_dag.py for tasks to queue
[2024-06-24T04:56:39.337+0000] {logging_mixin.py:154} INFO - [2024-06-24T04:56:39.337+0000] {dagbag.py:536} INFO - Filling up the DagBag from /opt/airflow/dags/staging/rbroker/rbroker_instrument_dag.py
[2024-06-24T04:56:39.361+0000] {processor.py:839} INFO - DAG(s) dict_keys(['snowflake_connector3']) retrieved from /opt/airflow/dags/staging/rbroker/rbroker_instrument_dag.py
[2024-06-24T04:56:39.399+0000] {logging_mixin.py:154} INFO - [2024-06-24T04:56:39.398+0000] {dag.py:2941} INFO - Sync 1 DAGs
[2024-06-24T04:56:39.416+0000] {logging_mixin.py:154} INFO - [2024-06-24T04:56:39.416+0000] {dag.py:3722} INFO - Setting next_dagrun for snowflake_connector3 to None, run_after=None
[2024-06-24T04:56:39.445+0000] {processor.py:179} INFO - Processing /opt/airflow/dags/staging/rbroker/rbroker_instrument_dag.py took 0.116 seconds
[2024-06-24T04:56:51.577+0000] {processor.py:157} INFO - Started process (PID=3557) to work on /opt/airflow/dags/staging/rbroker/rbroker_instrument_dag.py
[2024-06-24T04:56:51.579+0000] {processor.py:829} INFO - Processing file /opt/airflow/dags/staging/rbroker/rbroker_instrument_dag.py for tasks to queue
[2024-06-24T04:56:51.580+0000] {logging_mixin.py:154} INFO - [2024-06-24T04:56:51.580+0000] {dagbag.py:536} INFO - Filling up the DagBag from /opt/airflow/dags/staging/rbroker/rbroker_instrument_dag.py
[2024-06-24T04:56:51.608+0000] {processor.py:839} INFO - DAG(s) dict_keys(['rbroker_instrument_dag']) retrieved from /opt/airflow/dags/staging/rbroker/rbroker_instrument_dag.py
[2024-06-24T04:56:51.758+0000] {logging_mixin.py:154} INFO - [2024-06-24T04:56:51.757+0000] {manager.py:499} INFO - Created Permission View: %s
[2024-06-24T04:56:51.770+0000] {logging_mixin.py:154} INFO - [2024-06-24T04:56:51.770+0000] {manager.py:499} INFO - Created Permission View: %s
[2024-06-24T04:56:51.780+0000] {logging_mixin.py:154} INFO - [2024-06-24T04:56:51.779+0000] {manager.py:499} INFO - Created Permission View: %s
[2024-06-24T04:56:51.780+0000] {logging_mixin.py:154} INFO - [2024-06-24T04:56:51.780+0000] {dag.py:2941} INFO - Sync 1 DAGs
[2024-06-24T04:56:51.796+0000] {logging_mixin.py:154} INFO - [2024-06-24T04:56:51.796+0000] {dag.py:2963} INFO - Creating ORM DAG for rbroker_instrument_dag
[2024-06-24T04:56:51.797+0000] {logging_mixin.py:154} INFO - [2024-06-24T04:56:51.797+0000] {dag.py:3722} INFO - Setting next_dagrun for rbroker_instrument_dag to None, run_after=None
[2024-06-24T04:56:51.823+0000] {processor.py:179} INFO - Processing /opt/airflow/dags/staging/rbroker/rbroker_instrument_dag.py took 0.251 seconds
[2024-06-24T04:56:59.763+0000] {processor.py:157} INFO - Started process (PID=3558) to work on /opt/airflow/dags/staging/rbroker/rbroker_instrument_dag.py
[2024-06-24T04:56:59.765+0000] {processor.py:829} INFO - Processing file /opt/airflow/dags/staging/rbroker/rbroker_instrument_dag.py for tasks to queue
[2024-06-24T04:56:59.767+0000] {logging_mixin.py:154} INFO - [2024-06-24T04:56:59.767+0000] {dagbag.py:536} INFO - Filling up the DagBag from /opt/airflow/dags/staging/rbroker/rbroker_instrument_dag.py
[2024-06-24T04:56:59.795+0000] {processor.py:839} INFO - DAG(s) dict_keys(['rbroker_instrument_dag']) retrieved from /opt/airflow/dags/staging/rbroker/rbroker_instrument_dag.py
[2024-06-24T04:56:59.816+0000] {logging_mixin.py:154} INFO - [2024-06-24T04:56:59.816+0000] {dag.py:2941} INFO - Sync 1 DAGs
[2024-06-24T04:56:59.837+0000] {logging_mixin.py:154} INFO - [2024-06-24T04:56:59.837+0000] {dag.py:3722} INFO - Setting next_dagrun for rbroker_instrument_dag to None, run_after=None
[2024-06-24T04:56:59.870+0000] {processor.py:179} INFO - Processing /opt/airflow/dags/staging/rbroker/rbroker_instrument_dag.py took 0.113 seconds
[2024-06-24T04:57:10.174+0000] {processor.py:157} INFO - Started process (PID=3569) to work on /opt/airflow/dags/staging/rbroker/rbroker_instrument_dag.py
[2024-06-24T04:57:10.175+0000] {processor.py:829} INFO - Processing file /opt/airflow/dags/staging/rbroker/rbroker_instrument_dag.py for tasks to queue
[2024-06-24T04:57:10.177+0000] {logging_mixin.py:154} INFO - [2024-06-24T04:57:10.177+0000] {dagbag.py:536} INFO - Filling up the DagBag from /opt/airflow/dags/staging/rbroker/rbroker_instrument_dag.py
[2024-06-24T04:57:10.209+0000] {processor.py:839} INFO - DAG(s) dict_keys(['rbroker_instrument_dag']) retrieved from /opt/airflow/dags/staging/rbroker/rbroker_instrument_dag.py
[2024-06-24T04:57:10.229+0000] {logging_mixin.py:154} INFO - [2024-06-24T04:57:10.229+0000] {dag.py:2941} INFO - Sync 1 DAGs
[2024-06-24T04:57:10.248+0000] {logging_mixin.py:154} INFO - [2024-06-24T04:57:10.248+0000] {dag.py:3722} INFO - Setting next_dagrun for rbroker_instrument_dag to None, run_after=None
[2024-06-24T04:57:10.274+0000] {processor.py:179} INFO - Processing /opt/airflow/dags/staging/rbroker/rbroker_instrument_dag.py took 0.105 seconds
[2024-06-24T04:57:26.456+0000] {processor.py:157} INFO - Started process (PID=3571) to work on /opt/airflow/dags/staging/rbroker/rbroker_instrument_dag.py
[2024-06-24T04:57:26.458+0000] {processor.py:829} INFO - Processing file /opt/airflow/dags/staging/rbroker/rbroker_instrument_dag.py for tasks to queue
[2024-06-24T04:57:26.460+0000] {logging_mixin.py:154} INFO - [2024-06-24T04:57:26.460+0000] {dagbag.py:536} INFO - Filling up the DagBag from /opt/airflow/dags/staging/rbroker/rbroker_instrument_dag.py
[2024-06-24T04:57:26.502+0000] {processor.py:839} INFO - DAG(s) dict_keys(['rbroker_instrument_dag']) retrieved from /opt/airflow/dags/staging/rbroker/rbroker_instrument_dag.py
[2024-06-24T04:57:26.685+0000] {logging_mixin.py:154} INFO - [2024-06-24T04:57:26.685+0000] {dag.py:2941} INFO - Sync 1 DAGs
[2024-06-24T04:57:26.703+0000] {logging_mixin.py:154} INFO - [2024-06-24T04:57:26.703+0000] {dag.py:3722} INFO - Setting next_dagrun for rbroker_instrument_dag to None, run_after=None
[2024-06-24T04:57:26.734+0000] {processor.py:179} INFO - Processing /opt/airflow/dags/staging/rbroker/rbroker_instrument_dag.py took 0.284 seconds
[2024-06-24T04:57:56.949+0000] {processor.py:157} INFO - Started process (PID=3583) to work on /opt/airflow/dags/staging/rbroker/rbroker_instrument_dag.py
[2024-06-24T04:57:56.950+0000] {processor.py:829} INFO - Processing file /opt/airflow/dags/staging/rbroker/rbroker_instrument_dag.py for tasks to queue
[2024-06-24T04:57:56.952+0000] {logging_mixin.py:154} INFO - [2024-06-24T04:57:56.951+0000] {dagbag.py:536} INFO - Filling up the DagBag from /opt/airflow/dags/staging/rbroker/rbroker_instrument_dag.py
[2024-06-24T04:57:56.981+0000] {processor.py:839} INFO - DAG(s) dict_keys(['rbroker_instrument_dag']) retrieved from /opt/airflow/dags/staging/rbroker/rbroker_instrument_dag.py
[2024-06-24T04:57:57.022+0000] {logging_mixin.py:154} INFO - [2024-06-24T04:57:57.022+0000] {dag.py:2941} INFO - Sync 1 DAGs
[2024-06-24T04:57:57.043+0000] {logging_mixin.py:154} INFO - [2024-06-24T04:57:57.043+0000] {dag.py:3722} INFO - Setting next_dagrun for rbroker_instrument_dag to None, run_after=None
[2024-06-24T04:57:57.070+0000] {processor.py:179} INFO - Processing /opt/airflow/dags/staging/rbroker/rbroker_instrument_dag.py took 0.127 seconds
[2024-06-24T04:58:27.346+0000] {processor.py:157} INFO - Started process (PID=3595) to work on /opt/airflow/dags/staging/rbroker/rbroker_instrument_dag.py
[2024-06-24T04:58:27.348+0000] {processor.py:829} INFO - Processing file /opt/airflow/dags/staging/rbroker/rbroker_instrument_dag.py for tasks to queue
[2024-06-24T04:58:27.349+0000] {logging_mixin.py:154} INFO - [2024-06-24T04:58:27.349+0000] {dagbag.py:536} INFO - Filling up the DagBag from /opt/airflow/dags/staging/rbroker/rbroker_instrument_dag.py
[2024-06-24T04:58:27.381+0000] {processor.py:839} INFO - DAG(s) dict_keys(['rbroker_instrument_dag']) retrieved from /opt/airflow/dags/staging/rbroker/rbroker_instrument_dag.py
[2024-06-24T04:58:27.442+0000] {logging_mixin.py:154} INFO - [2024-06-24T04:58:27.441+0000] {dag.py:2941} INFO - Sync 1 DAGs
[2024-06-24T04:58:27.470+0000] {logging_mixin.py:154} INFO - [2024-06-24T04:58:27.470+0000] {dag.py:3722} INFO - Setting next_dagrun for rbroker_instrument_dag to None, run_after=None
[2024-06-24T04:58:27.501+0000] {processor.py:179} INFO - Processing /opt/airflow/dags/staging/rbroker/rbroker_instrument_dag.py took 0.162 seconds
[2024-06-24T04:58:57.957+0000] {processor.py:157} INFO - Started process (PID=3607) to work on /opt/airflow/dags/staging/rbroker/rbroker_instrument_dag.py
[2024-06-24T04:58:57.959+0000] {processor.py:829} INFO - Processing file /opt/airflow/dags/staging/rbroker/rbroker_instrument_dag.py for tasks to queue
[2024-06-24T04:58:57.961+0000] {logging_mixin.py:154} INFO - [2024-06-24T04:58:57.961+0000] {dagbag.py:536} INFO - Filling up the DagBag from /opt/airflow/dags/staging/rbroker/rbroker_instrument_dag.py
[2024-06-24T04:58:57.987+0000] {processor.py:839} INFO - DAG(s) dict_keys(['rbroker_instrument_dag']) retrieved from /opt/airflow/dags/staging/rbroker/rbroker_instrument_dag.py
[2024-06-24T04:58:58.026+0000] {logging_mixin.py:154} INFO - [2024-06-24T04:58:58.025+0000] {dag.py:2941} INFO - Sync 1 DAGs
[2024-06-24T04:58:58.045+0000] {logging_mixin.py:154} INFO - [2024-06-24T04:58:58.045+0000] {dag.py:3722} INFO - Setting next_dagrun for rbroker_instrument_dag to None, run_after=None
[2024-06-24T04:58:58.074+0000] {processor.py:179} INFO - Processing /opt/airflow/dags/staging/rbroker/rbroker_instrument_dag.py took 0.122 seconds
[2024-06-24T04:59:28.598+0000] {processor.py:157} INFO - Started process (PID=3619) to work on /opt/airflow/dags/staging/rbroker/rbroker_instrument_dag.py
[2024-06-24T04:59:28.600+0000] {processor.py:829} INFO - Processing file /opt/airflow/dags/staging/rbroker/rbroker_instrument_dag.py for tasks to queue
[2024-06-24T04:59:28.602+0000] {logging_mixin.py:154} INFO - [2024-06-24T04:59:28.601+0000] {dagbag.py:536} INFO - Filling up the DagBag from /opt/airflow/dags/staging/rbroker/rbroker_instrument_dag.py
[2024-06-24T04:59:28.628+0000] {processor.py:839} INFO - DAG(s) dict_keys(['rbroker_instrument_dag']) retrieved from /opt/airflow/dags/staging/rbroker/rbroker_instrument_dag.py
[2024-06-24T04:59:28.669+0000] {logging_mixin.py:154} INFO - [2024-06-24T04:59:28.669+0000] {dag.py:2941} INFO - Sync 1 DAGs
[2024-06-24T04:59:28.687+0000] {logging_mixin.py:154} INFO - [2024-06-24T04:59:28.687+0000] {dag.py:3722} INFO - Setting next_dagrun for rbroker_instrument_dag to None, run_after=None
[2024-06-24T04:59:28.713+0000] {processor.py:179} INFO - Processing /opt/airflow/dags/staging/rbroker/rbroker_instrument_dag.py took 0.120 seconds
[2024-06-24T04:59:59.138+0000] {processor.py:157} INFO - Started process (PID=3631) to work on /opt/airflow/dags/staging/rbroker/rbroker_instrument_dag.py
[2024-06-24T04:59:59.139+0000] {processor.py:829} INFO - Processing file /opt/airflow/dags/staging/rbroker/rbroker_instrument_dag.py for tasks to queue
[2024-06-24T04:59:59.141+0000] {logging_mixin.py:154} INFO - [2024-06-24T04:59:59.140+0000] {dagbag.py:536} INFO - Filling up the DagBag from /opt/airflow/dags/staging/rbroker/rbroker_instrument_dag.py
[2024-06-24T04:59:59.164+0000] {processor.py:839} INFO - DAG(s) dict_keys(['rbroker_instrument_dag']) retrieved from /opt/airflow/dags/staging/rbroker/rbroker_instrument_dag.py
[2024-06-24T04:59:59.200+0000] {logging_mixin.py:154} INFO - [2024-06-24T04:59:59.200+0000] {dag.py:2941} INFO - Sync 1 DAGs
[2024-06-24T04:59:59.219+0000] {logging_mixin.py:154} INFO - [2024-06-24T04:59:59.219+0000] {dag.py:3722} INFO - Setting next_dagrun for rbroker_instrument_dag to None, run_after=None
[2024-06-24T04:59:59.245+0000] {processor.py:179} INFO - Processing /opt/airflow/dags/staging/rbroker/rbroker_instrument_dag.py took 0.112 seconds
[2024-06-24T05:00:19.589+0000] {processor.py:157} INFO - Started process (PID=3642) to work on /opt/airflow/dags/staging/rbroker/rbroker_instrument_dag.py
[2024-06-24T05:00:19.590+0000] {processor.py:829} INFO - Processing file /opt/airflow/dags/staging/rbroker/rbroker_instrument_dag.py for tasks to queue
[2024-06-24T05:00:19.592+0000] {logging_mixin.py:154} INFO - [2024-06-24T05:00:19.591+0000] {dagbag.py:536} INFO - Filling up the DagBag from /opt/airflow/dags/staging/rbroker/rbroker_instrument_dag.py
[2024-06-24T05:00:19.615+0000] {logging_mixin.py:154} INFO - [2024-06-24T05:00:19.614+0000] {dagbag.py:443} ERROR - Failed to bag_dag: /opt/airflow/dags/staging/rbroker/rbroker_instrument_dag.py
Traceback (most recent call last):
  File "/home/airflow/.local/lib/python3.8/site-packages/airflow/models/dagbag.py", line 439, in _process_modules
    self.bag_dag(dag=dag, root_dag=dag)
  File "/home/airflow/.local/lib/python3.8/site-packages/airflow/models/dagbag.py", line 458, in bag_dag
    self._bag_dag(dag=dag, root_dag=root_dag, recursive=True)
  File "/home/airflow/.local/lib/python3.8/site-packages/airflow/models/dagbag.py", line 466, in _bag_dag
    check_cycle(dag)  # throws if a task cycle is found
  File "/home/airflow/.local/lib/python3.8/site-packages/airflow/utils/dag_cycle_tester.py", line 79, in check_cycle
    child_to_check = _check_adjacent_tasks(current_task_id, task)
  File "/home/airflow/.local/lib/python3.8/site-packages/airflow/utils/dag_cycle_tester.py", line 65, in _check_adjacent_tasks
    raise AirflowDagCycleException(msg)
airflow.exceptions.AirflowDagCycleException: Cycle detected in DAG: rbroker_instrument_dag. Faulty task: count_query
[2024-06-24T05:00:19.616+0000] {processor.py:841} WARNING - No viable dags retrieved from /opt/airflow/dags/staging/rbroker/rbroker_instrument_dag.py
[2024-06-24T05:00:19.642+0000] {processor.py:179} INFO - Processing /opt/airflow/dags/staging/rbroker/rbroker_instrument_dag.py took 0.058 seconds
[2024-06-24T05:00:50.261+0000] {processor.py:157} INFO - Started process (PID=3654) to work on /opt/airflow/dags/staging/rbroker/rbroker_instrument_dag.py
[2024-06-24T05:00:50.263+0000] {processor.py:829} INFO - Processing file /opt/airflow/dags/staging/rbroker/rbroker_instrument_dag.py for tasks to queue
[2024-06-24T05:00:50.264+0000] {logging_mixin.py:154} INFO - [2024-06-24T05:00:50.264+0000] {dagbag.py:536} INFO - Filling up the DagBag from /opt/airflow/dags/staging/rbroker/rbroker_instrument_dag.py
[2024-06-24T05:00:50.282+0000] {logging_mixin.py:154} INFO - [2024-06-24T05:00:50.281+0000] {dagbag.py:443} ERROR - Failed to bag_dag: /opt/airflow/dags/staging/rbroker/rbroker_instrument_dag.py
Traceback (most recent call last):
  File "/home/airflow/.local/lib/python3.8/site-packages/airflow/models/dagbag.py", line 439, in _process_modules
    self.bag_dag(dag=dag, root_dag=dag)
  File "/home/airflow/.local/lib/python3.8/site-packages/airflow/models/dagbag.py", line 458, in bag_dag
    self._bag_dag(dag=dag, root_dag=root_dag, recursive=True)
  File "/home/airflow/.local/lib/python3.8/site-packages/airflow/models/dagbag.py", line 466, in _bag_dag
    check_cycle(dag)  # throws if a task cycle is found
  File "/home/airflow/.local/lib/python3.8/site-packages/airflow/utils/dag_cycle_tester.py", line 79, in check_cycle
    child_to_check = _check_adjacent_tasks(current_task_id, task)
  File "/home/airflow/.local/lib/python3.8/site-packages/airflow/utils/dag_cycle_tester.py", line 65, in _check_adjacent_tasks
    raise AirflowDagCycleException(msg)
airflow.exceptions.AirflowDagCycleException: Cycle detected in DAG: rbroker_instrument_dag. Faulty task: count_query
[2024-06-24T05:00:50.283+0000] {processor.py:841} WARNING - No viable dags retrieved from /opt/airflow/dags/staging/rbroker/rbroker_instrument_dag.py
[2024-06-24T05:00:50.313+0000] {processor.py:179} INFO - Processing /opt/airflow/dags/staging/rbroker/rbroker_instrument_dag.py took 0.059 seconds
[2024-06-24T05:01:20.736+0000] {processor.py:157} INFO - Started process (PID=3666) to work on /opt/airflow/dags/staging/rbroker/rbroker_instrument_dag.py
[2024-06-24T05:01:20.737+0000] {processor.py:829} INFO - Processing file /opt/airflow/dags/staging/rbroker/rbroker_instrument_dag.py for tasks to queue
[2024-06-24T05:01:20.739+0000] {logging_mixin.py:154} INFO - [2024-06-24T05:01:20.738+0000] {dagbag.py:536} INFO - Filling up the DagBag from /opt/airflow/dags/staging/rbroker/rbroker_instrument_dag.py
[2024-06-24T05:01:20.755+0000] {logging_mixin.py:154} INFO - [2024-06-24T05:01:20.753+0000] {dagbag.py:443} ERROR - Failed to bag_dag: /opt/airflow/dags/staging/rbroker/rbroker_instrument_dag.py
Traceback (most recent call last):
  File "/home/airflow/.local/lib/python3.8/site-packages/airflow/models/dagbag.py", line 439, in _process_modules
    self.bag_dag(dag=dag, root_dag=dag)
  File "/home/airflow/.local/lib/python3.8/site-packages/airflow/models/dagbag.py", line 458, in bag_dag
    self._bag_dag(dag=dag, root_dag=root_dag, recursive=True)
  File "/home/airflow/.local/lib/python3.8/site-packages/airflow/models/dagbag.py", line 466, in _bag_dag
    check_cycle(dag)  # throws if a task cycle is found
  File "/home/airflow/.local/lib/python3.8/site-packages/airflow/utils/dag_cycle_tester.py", line 79, in check_cycle
    child_to_check = _check_adjacent_tasks(current_task_id, task)
  File "/home/airflow/.local/lib/python3.8/site-packages/airflow/utils/dag_cycle_tester.py", line 65, in _check_adjacent_tasks
    raise AirflowDagCycleException(msg)
airflow.exceptions.AirflowDagCycleException: Cycle detected in DAG: rbroker_instrument_dag. Faulty task: count_query
[2024-06-24T05:01:20.756+0000] {processor.py:841} WARNING - No viable dags retrieved from /opt/airflow/dags/staging/rbroker/rbroker_instrument_dag.py
[2024-06-24T05:01:20.783+0000] {processor.py:179} INFO - Processing /opt/airflow/dags/staging/rbroker/rbroker_instrument_dag.py took 0.053 seconds
[2024-06-24T05:01:27.862+0000] {processor.py:157} INFO - Started process (PID=3668) to work on /opt/airflow/dags/staging/rbroker/rbroker_instrument_dag.py
[2024-06-24T05:01:27.864+0000] {processor.py:829} INFO - Processing file /opt/airflow/dags/staging/rbroker/rbroker_instrument_dag.py for tasks to queue
[2024-06-24T05:01:27.866+0000] {logging_mixin.py:154} INFO - [2024-06-24T05:01:27.865+0000] {dagbag.py:536} INFO - Filling up the DagBag from /opt/airflow/dags/staging/rbroker/rbroker_instrument_dag.py
[2024-06-24T05:01:27.888+0000] {logging_mixin.py:154} INFO - [2024-06-24T05:01:27.884+0000] {dagbag.py:346} ERROR - Failed to import: /opt/airflow/dags/staging/rbroker/rbroker_instrument_dag.py
Traceback (most recent call last):
  File "/home/airflow/.local/lib/python3.8/site-packages/airflow/models/dagbag.py", line 342, in parse
    loader.exec_module(new_module)
  File "<frozen importlib._bootstrap_external>", line 843, in exec_module
  File "<frozen importlib._bootstrap>", line 219, in _call_with_frames_removed
  File "/opt/airflow/dags/staging/rbroker/rbroker_instrument_dag.py", line 39, in <module>
    count_query2 = PythonOperator(task_id="count_query", python_callable=count1)
  File "/home/airflow/.local/lib/python3.8/site-packages/airflow/models/baseoperator.py", line 437, in apply_defaults
    result = func(self, **kwargs, default_args=default_args)
  File "/home/airflow/.local/lib/python3.8/site-packages/airflow/operators/python.py", line 177, in __init__
    super().__init__(**kwargs)
  File "/home/airflow/.local/lib/python3.8/site-packages/airflow/models/baseoperator.py", line 437, in apply_defaults
    result = func(self, **kwargs, default_args=default_args)
  File "/home/airflow/.local/lib/python3.8/site-packages/airflow/models/baseoperator.py", line 812, in __init__
    task_group.add(self)
  File "/home/airflow/.local/lib/python3.8/site-packages/airflow/utils/task_group.py", line 231, in add
    raise DuplicateTaskIdFound(f"{node_type} id '{key}' has already been added to the DAG")
airflow.exceptions.DuplicateTaskIdFound: Task id 'count_query' has already been added to the DAG
[2024-06-24T05:01:27.889+0000] {processor.py:841} WARNING - No viable dags retrieved from /opt/airflow/dags/staging/rbroker/rbroker_instrument_dag.py
[2024-06-24T05:01:27.915+0000] {processor.py:179} INFO - Processing /opt/airflow/dags/staging/rbroker/rbroker_instrument_dag.py took 0.057 seconds
[2024-06-24T05:01:58.354+0000] {processor.py:157} INFO - Started process (PID=3680) to work on /opt/airflow/dags/staging/rbroker/rbroker_instrument_dag.py
[2024-06-24T05:01:58.355+0000] {processor.py:829} INFO - Processing file /opt/airflow/dags/staging/rbroker/rbroker_instrument_dag.py for tasks to queue
[2024-06-24T05:01:58.356+0000] {logging_mixin.py:154} INFO - [2024-06-24T05:01:58.356+0000] {dagbag.py:536} INFO - Filling up the DagBag from /opt/airflow/dags/staging/rbroker/rbroker_instrument_dag.py
[2024-06-24T05:01:58.372+0000] {logging_mixin.py:154} INFO - [2024-06-24T05:01:58.369+0000] {dagbag.py:346} ERROR - Failed to import: /opt/airflow/dags/staging/rbroker/rbroker_instrument_dag.py
Traceback (most recent call last):
  File "/home/airflow/.local/lib/python3.8/site-packages/airflow/models/dagbag.py", line 342, in parse
    loader.exec_module(new_module)
  File "<frozen importlib._bootstrap_external>", line 843, in exec_module
  File "<frozen importlib._bootstrap>", line 219, in _call_with_frames_removed
  File "/opt/airflow/dags/staging/rbroker/rbroker_instrument_dag.py", line 39, in <module>
    count_query2 = PythonOperator(task_id="count_query", python_callable=count1)
  File "/home/airflow/.local/lib/python3.8/site-packages/airflow/models/baseoperator.py", line 437, in apply_defaults
    result = func(self, **kwargs, default_args=default_args)
  File "/home/airflow/.local/lib/python3.8/site-packages/airflow/operators/python.py", line 177, in __init__
    super().__init__(**kwargs)
  File "/home/airflow/.local/lib/python3.8/site-packages/airflow/models/baseoperator.py", line 437, in apply_defaults
    result = func(self, **kwargs, default_args=default_args)
  File "/home/airflow/.local/lib/python3.8/site-packages/airflow/models/baseoperator.py", line 812, in __init__
    task_group.add(self)
  File "/home/airflow/.local/lib/python3.8/site-packages/airflow/utils/task_group.py", line 231, in add
    raise DuplicateTaskIdFound(f"{node_type} id '{key}' has already been added to the DAG")
airflow.exceptions.DuplicateTaskIdFound: Task id 'count_query' has already been added to the DAG
[2024-06-24T05:01:58.373+0000] {processor.py:841} WARNING - No viable dags retrieved from /opt/airflow/dags/staging/rbroker/rbroker_instrument_dag.py
[2024-06-24T05:01:58.399+0000] {processor.py:179} INFO - Processing /opt/airflow/dags/staging/rbroker/rbroker_instrument_dag.py took 0.050 seconds
[2024-06-24T05:02:22.776+0000] {processor.py:157} INFO - Started process (PID=3692) to work on /opt/airflow/dags/staging/rbroker/rbroker_instrument_dag.py
[2024-06-24T05:02:22.778+0000] {processor.py:829} INFO - Processing file /opt/airflow/dags/staging/rbroker/rbroker_instrument_dag.py for tasks to queue
[2024-06-24T05:02:22.779+0000] {logging_mixin.py:154} INFO - [2024-06-24T05:02:22.779+0000] {dagbag.py:536} INFO - Filling up the DagBag from /opt/airflow/dags/staging/rbroker/rbroker_instrument_dag.py
[2024-06-24T05:02:22.806+0000] {processor.py:839} INFO - DAG(s) dict_keys(['rbroker_instrument_dag']) retrieved from /opt/airflow/dags/staging/rbroker/rbroker_instrument_dag.py
[2024-06-24T05:02:22.958+0000] {logging_mixin.py:154} INFO - [2024-06-24T05:02:22.958+0000] {dag.py:2941} INFO - Sync 1 DAGs
[2024-06-24T05:02:22.974+0000] {logging_mixin.py:154} INFO - [2024-06-24T05:02:22.974+0000] {dag.py:3722} INFO - Setting next_dagrun for rbroker_instrument_dag to None, run_after=None
[2024-06-24T05:02:23.001+0000] {processor.py:179} INFO - Processing /opt/airflow/dags/staging/rbroker/rbroker_instrument_dag.py took 0.231 seconds
[2024-06-24T05:02:53.395+0000] {processor.py:157} INFO - Started process (PID=3704) to work on /opt/airflow/dags/staging/rbroker/rbroker_instrument_dag.py
[2024-06-24T05:02:53.397+0000] {processor.py:829} INFO - Processing file /opt/airflow/dags/staging/rbroker/rbroker_instrument_dag.py for tasks to queue
[2024-06-24T05:02:53.399+0000] {logging_mixin.py:154} INFO - [2024-06-24T05:02:53.398+0000] {dagbag.py:536} INFO - Filling up the DagBag from /opt/airflow/dags/staging/rbroker/rbroker_instrument_dag.py
[2024-06-24T05:02:53.422+0000] {processor.py:839} INFO - DAG(s) dict_keys(['rbroker_instrument_dag']) retrieved from /opt/airflow/dags/staging/rbroker/rbroker_instrument_dag.py
[2024-06-24T05:02:53.460+0000] {logging_mixin.py:154} INFO - [2024-06-24T05:02:53.460+0000] {dag.py:2941} INFO - Sync 1 DAGs
[2024-06-24T05:02:53.481+0000] {logging_mixin.py:154} INFO - [2024-06-24T05:02:53.480+0000] {dag.py:3722} INFO - Setting next_dagrun for rbroker_instrument_dag to None, run_after=None
[2024-06-24T05:02:53.506+0000] {processor.py:179} INFO - Processing /opt/airflow/dags/staging/rbroker/rbroker_instrument_dag.py took 0.116 seconds
[2024-06-24T05:03:19.915+0000] {processor.py:157} INFO - Started process (PID=3715) to work on /opt/airflow/dags/staging/rbroker/rbroker_instrument_dag.py
[2024-06-24T05:03:19.916+0000] {processor.py:829} INFO - Processing file /opt/airflow/dags/staging/rbroker/rbroker_instrument_dag.py for tasks to queue
[2024-06-24T05:03:19.918+0000] {logging_mixin.py:154} INFO - [2024-06-24T05:03:19.917+0000] {dagbag.py:536} INFO - Filling up the DagBag from /opt/airflow/dags/staging/rbroker/rbroker_instrument_dag.py
[2024-06-24T05:03:19.944+0000] {processor.py:839} INFO - DAG(s) dict_keys(['rbroker_instrument_dag']) retrieved from /opt/airflow/dags/staging/rbroker/rbroker_instrument_dag.py
[2024-06-24T05:03:19.980+0000] {logging_mixin.py:154} INFO - [2024-06-24T05:03:19.979+0000] {dag.py:2941} INFO - Sync 1 DAGs
[2024-06-24T05:03:19.997+0000] {logging_mixin.py:154} INFO - [2024-06-24T05:03:19.996+0000] {dag.py:3722} INFO - Setting next_dagrun for rbroker_instrument_dag to None, run_after=None
[2024-06-24T05:03:20.024+0000] {processor.py:179} INFO - Processing /opt/airflow/dags/staging/rbroker/rbroker_instrument_dag.py took 0.114 seconds
[2024-06-24T05:03:50.533+0000] {processor.py:157} INFO - Started process (PID=3727) to work on /opt/airflow/dags/staging/rbroker/rbroker_instrument_dag.py
[2024-06-24T05:03:50.535+0000] {processor.py:829} INFO - Processing file /opt/airflow/dags/staging/rbroker/rbroker_instrument_dag.py for tasks to queue
[2024-06-24T05:03:50.537+0000] {logging_mixin.py:154} INFO - [2024-06-24T05:03:50.536+0000] {dagbag.py:536} INFO - Filling up the DagBag from /opt/airflow/dags/staging/rbroker/rbroker_instrument_dag.py
[2024-06-24T05:03:50.560+0000] {processor.py:839} INFO - DAG(s) dict_keys(['rbroker_instrument_dag']) retrieved from /opt/airflow/dags/staging/rbroker/rbroker_instrument_dag.py
[2024-06-24T05:03:50.598+0000] {logging_mixin.py:154} INFO - [2024-06-24T05:03:50.597+0000] {dag.py:2941} INFO - Sync 1 DAGs
[2024-06-24T05:03:50.617+0000] {logging_mixin.py:154} INFO - [2024-06-24T05:03:50.617+0000] {dag.py:3722} INFO - Setting next_dagrun for rbroker_instrument_dag to None, run_after=None
[2024-06-24T05:03:50.641+0000] {processor.py:179} INFO - Processing /opt/airflow/dags/staging/rbroker/rbroker_instrument_dag.py took 0.112 seconds
[2024-06-24T05:04:21.078+0000] {processor.py:157} INFO - Started process (PID=3739) to work on /opt/airflow/dags/staging/rbroker/rbroker_instrument_dag.py
[2024-06-24T05:04:21.080+0000] {processor.py:829} INFO - Processing file /opt/airflow/dags/staging/rbroker/rbroker_instrument_dag.py for tasks to queue
[2024-06-24T05:04:21.081+0000] {logging_mixin.py:154} INFO - [2024-06-24T05:04:21.081+0000] {dagbag.py:536} INFO - Filling up the DagBag from /opt/airflow/dags/staging/rbroker/rbroker_instrument_dag.py
[2024-06-24T05:04:21.106+0000] {processor.py:839} INFO - DAG(s) dict_keys(['rbroker_instrument_dag']) retrieved from /opt/airflow/dags/staging/rbroker/rbroker_instrument_dag.py
[2024-06-24T05:04:21.145+0000] {logging_mixin.py:154} INFO - [2024-06-24T05:04:21.144+0000] {dag.py:2941} INFO - Sync 1 DAGs
[2024-06-24T05:04:21.165+0000] {logging_mixin.py:154} INFO - [2024-06-24T05:04:21.165+0000] {dag.py:3722} INFO - Setting next_dagrun for rbroker_instrument_dag to None, run_after=None
[2024-06-24T05:04:21.194+0000] {processor.py:179} INFO - Processing /opt/airflow/dags/staging/rbroker/rbroker_instrument_dag.py took 0.120 seconds
[2024-06-24T05:04:51.657+0000] {processor.py:157} INFO - Started process (PID=3751) to work on /opt/airflow/dags/staging/rbroker/rbroker_instrument_dag.py
[2024-06-24T05:04:51.658+0000] {processor.py:829} INFO - Processing file /opt/airflow/dags/staging/rbroker/rbroker_instrument_dag.py for tasks to queue
[2024-06-24T05:04:51.659+0000] {logging_mixin.py:154} INFO - [2024-06-24T05:04:51.659+0000] {dagbag.py:536} INFO - Filling up the DagBag from /opt/airflow/dags/staging/rbroker/rbroker_instrument_dag.py
[2024-06-24T05:04:51.681+0000] {processor.py:839} INFO - DAG(s) dict_keys(['rbroker_instrument_dag']) retrieved from /opt/airflow/dags/staging/rbroker/rbroker_instrument_dag.py
[2024-06-24T05:04:51.716+0000] {logging_mixin.py:154} INFO - [2024-06-24T05:04:51.716+0000] {dag.py:2941} INFO - Sync 1 DAGs
[2024-06-24T05:04:51.733+0000] {logging_mixin.py:154} INFO - [2024-06-24T05:04:51.733+0000] {dag.py:3722} INFO - Setting next_dagrun for rbroker_instrument_dag to None, run_after=None
[2024-06-24T05:04:51.757+0000] {processor.py:179} INFO - Processing /opt/airflow/dags/staging/rbroker/rbroker_instrument_dag.py took 0.105 seconds
[2024-06-24T05:05:22.231+0000] {processor.py:157} INFO - Started process (PID=3763) to work on /opt/airflow/dags/staging/rbroker/rbroker_instrument_dag.py
[2024-06-24T05:05:22.233+0000] {processor.py:829} INFO - Processing file /opt/airflow/dags/staging/rbroker/rbroker_instrument_dag.py for tasks to queue
[2024-06-24T05:05:22.234+0000] {logging_mixin.py:154} INFO - [2024-06-24T05:05:22.234+0000] {dagbag.py:536} INFO - Filling up the DagBag from /opt/airflow/dags/staging/rbroker/rbroker_instrument_dag.py
[2024-06-24T05:05:22.257+0000] {processor.py:839} INFO - DAG(s) dict_keys(['rbroker_instrument_dag']) retrieved from /opt/airflow/dags/staging/rbroker/rbroker_instrument_dag.py
[2024-06-24T05:05:22.293+0000] {logging_mixin.py:154} INFO - [2024-06-24T05:05:22.293+0000] {dag.py:2941} INFO - Sync 1 DAGs
[2024-06-24T05:05:22.311+0000] {logging_mixin.py:154} INFO - [2024-06-24T05:05:22.311+0000] {dag.py:3722} INFO - Setting next_dagrun for rbroker_instrument_dag to None, run_after=None
[2024-06-24T05:05:22.337+0000] {processor.py:179} INFO - Processing /opt/airflow/dags/staging/rbroker/rbroker_instrument_dag.py took 0.111 seconds
[2024-06-24T05:05:52.823+0000] {processor.py:157} INFO - Started process (PID=3775) to work on /opt/airflow/dags/staging/rbroker/rbroker_instrument_dag.py
[2024-06-24T05:05:52.824+0000] {processor.py:829} INFO - Processing file /opt/airflow/dags/staging/rbroker/rbroker_instrument_dag.py for tasks to queue
[2024-06-24T05:05:52.826+0000] {logging_mixin.py:154} INFO - [2024-06-24T05:05:52.825+0000] {dagbag.py:536} INFO - Filling up the DagBag from /opt/airflow/dags/staging/rbroker/rbroker_instrument_dag.py
[2024-06-24T05:05:52.848+0000] {processor.py:839} INFO - DAG(s) dict_keys(['rbroker_instrument_dag']) retrieved from /opt/airflow/dags/staging/rbroker/rbroker_instrument_dag.py
[2024-06-24T05:05:52.885+0000] {logging_mixin.py:154} INFO - [2024-06-24T05:05:52.885+0000] {dag.py:2941} INFO - Sync 1 DAGs
[2024-06-24T05:05:52.903+0000] {logging_mixin.py:154} INFO - [2024-06-24T05:05:52.903+0000] {dag.py:3722} INFO - Setting next_dagrun for rbroker_instrument_dag to None, run_after=None
[2024-06-24T05:05:52.929+0000] {processor.py:179} INFO - Processing /opt/airflow/dags/staging/rbroker/rbroker_instrument_dag.py took 0.110 seconds
[2024-06-24T05:06:14.109+0000] {processor.py:157} INFO - Started process (PID=3784) to work on /opt/airflow/dags/staging/rbroker/rbroker_instrument_dag.py
[2024-06-24T05:06:14.111+0000] {processor.py:829} INFO - Processing file /opt/airflow/dags/staging/rbroker/rbroker_instrument_dag.py for tasks to queue
[2024-06-24T05:06:14.112+0000] {logging_mixin.py:154} INFO - [2024-06-24T05:06:14.112+0000] {dagbag.py:536} INFO - Filling up the DagBag from /opt/airflow/dags/staging/rbroker/rbroker_instrument_dag.py
[2024-06-24T05:06:14.140+0000] {processor.py:839} INFO - DAG(s) dict_keys(['rbroker_instrument_dag']) retrieved from /opt/airflow/dags/staging/rbroker/rbroker_instrument_dag.py
[2024-06-24T05:06:14.177+0000] {logging_mixin.py:154} INFO - [2024-06-24T05:06:14.177+0000] {dag.py:2941} INFO - Sync 1 DAGs
[2024-06-24T05:06:14.196+0000] {logging_mixin.py:154} INFO - [2024-06-24T05:06:14.195+0000] {dag.py:3722} INFO - Setting next_dagrun for rbroker_instrument_dag to None, run_after=None
[2024-06-24T05:06:14.224+0000] {processor.py:179} INFO - Processing /opt/airflow/dags/staging/rbroker/rbroker_instrument_dag.py took 0.120 seconds
[2024-06-24T05:06:44.654+0000] {processor.py:157} INFO - Started process (PID=3796) to work on /opt/airflow/dags/staging/rbroker/rbroker_instrument_dag.py
[2024-06-24T05:06:44.655+0000] {processor.py:829} INFO - Processing file /opt/airflow/dags/staging/rbroker/rbroker_instrument_dag.py for tasks to queue
[2024-06-24T05:06:44.657+0000] {logging_mixin.py:154} INFO - [2024-06-24T05:06:44.656+0000] {dagbag.py:536} INFO - Filling up the DagBag from /opt/airflow/dags/staging/rbroker/rbroker_instrument_dag.py
[2024-06-24T05:06:44.688+0000] {processor.py:839} INFO - DAG(s) dict_keys(['rbroker_instrument_dag']) retrieved from /opt/airflow/dags/staging/rbroker/rbroker_instrument_dag.py
[2024-06-24T05:06:44.728+0000] {logging_mixin.py:154} INFO - [2024-06-24T05:06:44.728+0000] {dag.py:2941} INFO - Sync 1 DAGs
[2024-06-24T05:06:44.746+0000] {logging_mixin.py:154} INFO - [2024-06-24T05:06:44.746+0000] {dag.py:3722} INFO - Setting next_dagrun for rbroker_instrument_dag to None, run_after=None
[2024-06-24T05:06:44.769+0000] {processor.py:179} INFO - Processing /opt/airflow/dags/staging/rbroker/rbroker_instrument_dag.py took 0.122 seconds
[2024-06-24T05:07:15.382+0000] {processor.py:157} INFO - Started process (PID=3808) to work on /opt/airflow/dags/staging/rbroker/rbroker_instrument_dag.py
[2024-06-24T05:07:15.384+0000] {processor.py:829} INFO - Processing file /opt/airflow/dags/staging/rbroker/rbroker_instrument_dag.py for tasks to queue
[2024-06-24T05:07:15.387+0000] {logging_mixin.py:154} INFO - [2024-06-24T05:07:15.386+0000] {dagbag.py:536} INFO - Filling up the DagBag from /opt/airflow/dags/staging/rbroker/rbroker_instrument_dag.py
[2024-06-24T05:07:15.421+0000] {processor.py:839} INFO - DAG(s) dict_keys(['rbroker_instrument_dag']) retrieved from /opt/airflow/dags/staging/rbroker/rbroker_instrument_dag.py
[2024-06-24T05:07:15.465+0000] {logging_mixin.py:154} INFO - [2024-06-24T05:07:15.464+0000] {dag.py:2941} INFO - Sync 1 DAGs
[2024-06-24T05:07:15.483+0000] {logging_mixin.py:154} INFO - [2024-06-24T05:07:15.483+0000] {dag.py:3722} INFO - Setting next_dagrun for rbroker_instrument_dag to None, run_after=None
[2024-06-24T05:07:15.508+0000] {processor.py:179} INFO - Processing /opt/airflow/dags/staging/rbroker/rbroker_instrument_dag.py took 0.136 seconds
[2024-06-24T05:07:46.007+0000] {processor.py:157} INFO - Started process (PID=3820) to work on /opt/airflow/dags/staging/rbroker/rbroker_instrument_dag.py
[2024-06-24T05:07:46.009+0000] {processor.py:829} INFO - Processing file /opt/airflow/dags/staging/rbroker/rbroker_instrument_dag.py for tasks to queue
[2024-06-24T05:07:46.012+0000] {logging_mixin.py:154} INFO - [2024-06-24T05:07:46.011+0000] {dagbag.py:536} INFO - Filling up the DagBag from /opt/airflow/dags/staging/rbroker/rbroker_instrument_dag.py
[2024-06-24T05:07:46.038+0000] {processor.py:839} INFO - DAG(s) dict_keys(['rbroker_instrument_dag']) retrieved from /opt/airflow/dags/staging/rbroker/rbroker_instrument_dag.py
[2024-06-24T05:07:46.083+0000] {logging_mixin.py:154} INFO - [2024-06-24T05:07:46.083+0000] {dag.py:2941} INFO - Sync 1 DAGs
[2024-06-24T05:07:46.105+0000] {logging_mixin.py:154} INFO - [2024-06-24T05:07:46.105+0000] {dag.py:3722} INFO - Setting next_dagrun for rbroker_instrument_dag to None, run_after=None
[2024-06-24T05:07:46.131+0000] {processor.py:179} INFO - Processing /opt/airflow/dags/staging/rbroker/rbroker_instrument_dag.py took 0.130 seconds
[2024-06-24T05:08:16.522+0000] {processor.py:157} INFO - Started process (PID=3832) to work on /opt/airflow/dags/staging/rbroker/rbroker_instrument_dag.py
[2024-06-24T05:08:16.523+0000] {processor.py:829} INFO - Processing file /opt/airflow/dags/staging/rbroker/rbroker_instrument_dag.py for tasks to queue
[2024-06-24T05:08:16.525+0000] {logging_mixin.py:154} INFO - [2024-06-24T05:08:16.524+0000] {dagbag.py:536} INFO - Filling up the DagBag from /opt/airflow/dags/staging/rbroker/rbroker_instrument_dag.py
[2024-06-24T05:08:16.548+0000] {processor.py:839} INFO - DAG(s) dict_keys(['rbroker_instrument_dag']) retrieved from /opt/airflow/dags/staging/rbroker/rbroker_instrument_dag.py
[2024-06-24T05:08:16.586+0000] {logging_mixin.py:154} INFO - [2024-06-24T05:08:16.585+0000] {dag.py:2941} INFO - Sync 1 DAGs
[2024-06-24T05:08:16.603+0000] {logging_mixin.py:154} INFO - [2024-06-24T05:08:16.603+0000] {dag.py:3722} INFO - Setting next_dagrun for rbroker_instrument_dag to None, run_after=None
[2024-06-24T05:08:16.623+0000] {processor.py:179} INFO - Processing /opt/airflow/dags/staging/rbroker/rbroker_instrument_dag.py took 0.106 seconds
[2024-06-24T05:08:47.065+0000] {processor.py:157} INFO - Started process (PID=3844) to work on /opt/airflow/dags/staging/rbroker/rbroker_instrument_dag.py
[2024-06-24T05:08:47.067+0000] {processor.py:829} INFO - Processing file /opt/airflow/dags/staging/rbroker/rbroker_instrument_dag.py for tasks to queue
[2024-06-24T05:08:47.068+0000] {logging_mixin.py:154} INFO - [2024-06-24T05:08:47.068+0000] {dagbag.py:536} INFO - Filling up the DagBag from /opt/airflow/dags/staging/rbroker/rbroker_instrument_dag.py
[2024-06-24T05:08:47.092+0000] {processor.py:839} INFO - DAG(s) dict_keys(['rbroker_instrument_dag']) retrieved from /opt/airflow/dags/staging/rbroker/rbroker_instrument_dag.py
[2024-06-24T05:08:47.130+0000] {logging_mixin.py:154} INFO - [2024-06-24T05:08:47.130+0000] {dag.py:2941} INFO - Sync 1 DAGs
[2024-06-24T05:08:47.148+0000] {logging_mixin.py:154} INFO - [2024-06-24T05:08:47.148+0000] {dag.py:3722} INFO - Setting next_dagrun for rbroker_instrument_dag to None, run_after=None
[2024-06-24T05:08:47.171+0000] {processor.py:179} INFO - Processing /opt/airflow/dags/staging/rbroker/rbroker_instrument_dag.py took 0.111 seconds
[2024-06-24T05:09:17.604+0000] {processor.py:157} INFO - Started process (PID=3856) to work on /opt/airflow/dags/staging/rbroker/rbroker_instrument_dag.py
[2024-06-24T05:09:17.606+0000] {processor.py:829} INFO - Processing file /opt/airflow/dags/staging/rbroker/rbroker_instrument_dag.py for tasks to queue
[2024-06-24T05:09:17.607+0000] {logging_mixin.py:154} INFO - [2024-06-24T05:09:17.607+0000] {dagbag.py:536} INFO - Filling up the DagBag from /opt/airflow/dags/staging/rbroker/rbroker_instrument_dag.py
[2024-06-24T05:09:17.642+0000] {processor.py:839} INFO - DAG(s) dict_keys(['rbroker_instrument_dag']) retrieved from /opt/airflow/dags/staging/rbroker/rbroker_instrument_dag.py
[2024-06-24T05:09:17.695+0000] {logging_mixin.py:154} INFO - [2024-06-24T05:09:17.694+0000] {dag.py:2941} INFO - Sync 1 DAGs
[2024-06-24T05:09:17.867+0000] {logging_mixin.py:154} INFO - [2024-06-24T05:09:17.867+0000] {dag.py:3722} INFO - Setting next_dagrun for rbroker_instrument_dag to None, run_after=None
[2024-06-24T05:09:18.004+0000] {processor.py:179} INFO - Processing /opt/airflow/dags/staging/rbroker/rbroker_instrument_dag.py took 0.405 seconds
[2024-06-24T05:09:48.549+0000] {processor.py:157} INFO - Started process (PID=3868) to work on /opt/airflow/dags/staging/rbroker/rbroker_instrument_dag.py
[2024-06-24T05:09:48.551+0000] {processor.py:829} INFO - Processing file /opt/airflow/dags/staging/rbroker/rbroker_instrument_dag.py for tasks to queue
[2024-06-24T05:09:48.552+0000] {logging_mixin.py:154} INFO - [2024-06-24T05:09:48.552+0000] {dagbag.py:536} INFO - Filling up the DagBag from /opt/airflow/dags/staging/rbroker/rbroker_instrument_dag.py
[2024-06-24T05:09:48.576+0000] {processor.py:839} INFO - DAG(s) dict_keys(['rbroker_instrument_dag']) retrieved from /opt/airflow/dags/staging/rbroker/rbroker_instrument_dag.py
[2024-06-24T05:09:48.613+0000] {logging_mixin.py:154} INFO - [2024-06-24T05:09:48.613+0000] {dag.py:2941} INFO - Sync 1 DAGs
[2024-06-24T05:09:48.631+0000] {logging_mixin.py:154} INFO - [2024-06-24T05:09:48.630+0000] {dag.py:3722} INFO - Setting next_dagrun for rbroker_instrument_dag to None, run_after=None
[2024-06-24T05:09:48.653+0000] {processor.py:179} INFO - Processing /opt/airflow/dags/staging/rbroker/rbroker_instrument_dag.py took 0.109 seconds
[2024-06-24T05:10:19.063+0000] {processor.py:157} INFO - Started process (PID=3880) to work on /opt/airflow/dags/staging/rbroker/rbroker_instrument_dag.py
[2024-06-24T05:10:19.065+0000] {processor.py:829} INFO - Processing file /opt/airflow/dags/staging/rbroker/rbroker_instrument_dag.py for tasks to queue
[2024-06-24T05:10:19.066+0000] {logging_mixin.py:154} INFO - [2024-06-24T05:10:19.066+0000] {dagbag.py:536} INFO - Filling up the DagBag from /opt/airflow/dags/staging/rbroker/rbroker_instrument_dag.py
[2024-06-24T05:10:19.090+0000] {processor.py:839} INFO - DAG(s) dict_keys(['rbroker_instrument_dag']) retrieved from /opt/airflow/dags/staging/rbroker/rbroker_instrument_dag.py
[2024-06-24T05:10:19.128+0000] {logging_mixin.py:154} INFO - [2024-06-24T05:10:19.127+0000] {dag.py:2941} INFO - Sync 1 DAGs
[2024-06-24T05:10:19.146+0000] {logging_mixin.py:154} INFO - [2024-06-24T05:10:19.146+0000] {dag.py:3722} INFO - Setting next_dagrun for rbroker_instrument_dag to None, run_after=None
[2024-06-24T05:10:19.171+0000] {processor.py:179} INFO - Processing /opt/airflow/dags/staging/rbroker/rbroker_instrument_dag.py took 0.113 seconds
[2024-06-24T05:10:49.826+0000] {processor.py:157} INFO - Started process (PID=3892) to work on /opt/airflow/dags/staging/rbroker/rbroker_instrument_dag.py
[2024-06-24T05:10:49.828+0000] {processor.py:829} INFO - Processing file /opt/airflow/dags/staging/rbroker/rbroker_instrument_dag.py for tasks to queue
[2024-06-24T05:10:49.829+0000] {logging_mixin.py:154} INFO - [2024-06-24T05:10:49.829+0000] {dagbag.py:536} INFO - Filling up the DagBag from /opt/airflow/dags/staging/rbroker/rbroker_instrument_dag.py
[2024-06-24T05:10:49.858+0000] {processor.py:839} INFO - DAG(s) dict_keys(['rbroker_instrument_dag']) retrieved from /opt/airflow/dags/staging/rbroker/rbroker_instrument_dag.py
[2024-06-24T05:10:49.914+0000] {logging_mixin.py:154} INFO - [2024-06-24T05:10:49.914+0000] {dag.py:2941} INFO - Sync 1 DAGs
[2024-06-24T05:10:49.955+0000] {logging_mixin.py:154} INFO - [2024-06-24T05:10:49.954+0000] {dag.py:3722} INFO - Setting next_dagrun for rbroker_instrument_dag to None, run_after=None
[2024-06-24T05:10:49.988+0000] {processor.py:179} INFO - Processing /opt/airflow/dags/staging/rbroker/rbroker_instrument_dag.py took 0.168 seconds
[2024-06-24T05:11:20.303+0000] {processor.py:157} INFO - Started process (PID=3904) to work on /opt/airflow/dags/staging/rbroker/rbroker_instrument_dag.py
[2024-06-24T05:11:20.304+0000] {processor.py:829} INFO - Processing file /opt/airflow/dags/staging/rbroker/rbroker_instrument_dag.py for tasks to queue
[2024-06-24T05:11:20.306+0000] {logging_mixin.py:154} INFO - [2024-06-24T05:11:20.305+0000] {dagbag.py:536} INFO - Filling up the DagBag from /opt/airflow/dags/staging/rbroker/rbroker_instrument_dag.py
[2024-06-24T05:11:20.329+0000] {processor.py:839} INFO - DAG(s) dict_keys(['rbroker_instrument_dag']) retrieved from /opt/airflow/dags/staging/rbroker/rbroker_instrument_dag.py
[2024-06-24T05:11:20.364+0000] {logging_mixin.py:154} INFO - [2024-06-24T05:11:20.364+0000] {dag.py:2941} INFO - Sync 1 DAGs
[2024-06-24T05:11:20.381+0000] {logging_mixin.py:154} INFO - [2024-06-24T05:11:20.381+0000] {dag.py:3722} INFO - Setting next_dagrun for rbroker_instrument_dag to None, run_after=None
[2024-06-24T05:11:20.404+0000] {processor.py:179} INFO - Processing /opt/airflow/dags/staging/rbroker/rbroker_instrument_dag.py took 0.107 seconds
[2024-06-24T05:11:50.887+0000] {processor.py:157} INFO - Started process (PID=3916) to work on /opt/airflow/dags/staging/rbroker/rbroker_instrument_dag.py
[2024-06-24T05:11:50.889+0000] {processor.py:829} INFO - Processing file /opt/airflow/dags/staging/rbroker/rbroker_instrument_dag.py for tasks to queue
[2024-06-24T05:11:50.890+0000] {logging_mixin.py:154} INFO - [2024-06-24T05:11:50.890+0000] {dagbag.py:536} INFO - Filling up the DagBag from /opt/airflow/dags/staging/rbroker/rbroker_instrument_dag.py
[2024-06-24T05:11:50.914+0000] {processor.py:839} INFO - DAG(s) dict_keys(['rbroker_instrument_dag']) retrieved from /opt/airflow/dags/staging/rbroker/rbroker_instrument_dag.py
[2024-06-24T05:11:50.952+0000] {logging_mixin.py:154} INFO - [2024-06-24T05:11:50.951+0000] {dag.py:2941} INFO - Sync 1 DAGs
[2024-06-24T05:11:50.971+0000] {logging_mixin.py:154} INFO - [2024-06-24T05:11:50.971+0000] {dag.py:3722} INFO - Setting next_dagrun for rbroker_instrument_dag to None, run_after=None
[2024-06-24T05:11:50.995+0000] {processor.py:179} INFO - Processing /opt/airflow/dags/staging/rbroker/rbroker_instrument_dag.py took 0.113 seconds
[2024-06-24T05:12:21.462+0000] {processor.py:157} INFO - Started process (PID=3928) to work on /opt/airflow/dags/staging/rbroker/rbroker_instrument_dag.py
[2024-06-24T05:12:21.464+0000] {processor.py:829} INFO - Processing file /opt/airflow/dags/staging/rbroker/rbroker_instrument_dag.py for tasks to queue
[2024-06-24T05:12:21.466+0000] {logging_mixin.py:154} INFO - [2024-06-24T05:12:21.465+0000] {dagbag.py:536} INFO - Filling up the DagBag from /opt/airflow/dags/staging/rbroker/rbroker_instrument_dag.py
[2024-06-24T05:12:21.490+0000] {processor.py:839} INFO - DAG(s) dict_keys(['rbroker_instrument_dag']) retrieved from /opt/airflow/dags/staging/rbroker/rbroker_instrument_dag.py
[2024-06-24T05:12:21.527+0000] {logging_mixin.py:154} INFO - [2024-06-24T05:12:21.527+0000] {dag.py:2941} INFO - Sync 1 DAGs
[2024-06-24T05:12:21.545+0000] {logging_mixin.py:154} INFO - [2024-06-24T05:12:21.545+0000] {dag.py:3722} INFO - Setting next_dagrun for rbroker_instrument_dag to None, run_after=None
[2024-06-24T05:12:21.571+0000] {processor.py:179} INFO - Processing /opt/airflow/dags/staging/rbroker/rbroker_instrument_dag.py took 0.114 seconds
[2024-06-24T05:12:51.999+0000] {processor.py:157} INFO - Started process (PID=3940) to work on /opt/airflow/dags/staging/rbroker/rbroker_instrument_dag.py
[2024-06-24T05:12:52.001+0000] {processor.py:829} INFO - Processing file /opt/airflow/dags/staging/rbroker/rbroker_instrument_dag.py for tasks to queue
[2024-06-24T05:12:52.003+0000] {logging_mixin.py:154} INFO - [2024-06-24T05:12:52.003+0000] {dagbag.py:536} INFO - Filling up the DagBag from /opt/airflow/dags/staging/rbroker/rbroker_instrument_dag.py
[2024-06-24T05:12:52.029+0000] {processor.py:839} INFO - DAG(s) dict_keys(['rbroker_instrument_dag']) retrieved from /opt/airflow/dags/staging/rbroker/rbroker_instrument_dag.py
[2024-06-24T05:12:52.068+0000] {logging_mixin.py:154} INFO - [2024-06-24T05:12:52.068+0000] {dag.py:2941} INFO - Sync 1 DAGs
[2024-06-24T05:12:52.089+0000] {logging_mixin.py:154} INFO - [2024-06-24T05:12:52.088+0000] {dag.py:3722} INFO - Setting next_dagrun for rbroker_instrument_dag to None, run_after=None
[2024-06-24T05:12:52.116+0000] {processor.py:179} INFO - Processing /opt/airflow/dags/staging/rbroker/rbroker_instrument_dag.py took 0.122 seconds
[2024-06-24T05:13:22.755+0000] {processor.py:157} INFO - Started process (PID=3952) to work on /opt/airflow/dags/staging/rbroker/rbroker_instrument_dag.py
[2024-06-24T05:13:22.757+0000] {processor.py:829} INFO - Processing file /opt/airflow/dags/staging/rbroker/rbroker_instrument_dag.py for tasks to queue
[2024-06-24T05:13:22.759+0000] {logging_mixin.py:154} INFO - [2024-06-24T05:13:22.759+0000] {dagbag.py:536} INFO - Filling up the DagBag from /opt/airflow/dags/staging/rbroker/rbroker_instrument_dag.py
[2024-06-24T05:13:22.784+0000] {processor.py:839} INFO - DAG(s) dict_keys(['rbroker_instrument_dag']) retrieved from /opt/airflow/dags/staging/rbroker/rbroker_instrument_dag.py
[2024-06-24T05:13:22.822+0000] {logging_mixin.py:154} INFO - [2024-06-24T05:13:22.821+0000] {dag.py:2941} INFO - Sync 1 DAGs
[2024-06-24T05:13:22.840+0000] {logging_mixin.py:154} INFO - [2024-06-24T05:13:22.840+0000] {dag.py:3722} INFO - Setting next_dagrun for rbroker_instrument_dag to None, run_after=None
[2024-06-24T05:13:22.868+0000] {processor.py:179} INFO - Processing /opt/airflow/dags/staging/rbroker/rbroker_instrument_dag.py took 0.117 seconds
[2024-06-24T05:13:53.335+0000] {processor.py:157} INFO - Started process (PID=3965) to work on /opt/airflow/dags/staging/rbroker/rbroker_instrument_dag.py
[2024-06-24T05:13:53.336+0000] {processor.py:829} INFO - Processing file /opt/airflow/dags/staging/rbroker/rbroker_instrument_dag.py for tasks to queue
[2024-06-24T05:13:53.338+0000] {logging_mixin.py:154} INFO - [2024-06-24T05:13:53.337+0000] {dagbag.py:536} INFO - Filling up the DagBag from /opt/airflow/dags/staging/rbroker/rbroker_instrument_dag.py
[2024-06-24T05:13:53.362+0000] {processor.py:839} INFO - DAG(s) dict_keys(['rbroker_instrument_dag']) retrieved from /opt/airflow/dags/staging/rbroker/rbroker_instrument_dag.py
[2024-06-24T05:13:53.399+0000] {logging_mixin.py:154} INFO - [2024-06-24T05:13:53.398+0000] {dag.py:2941} INFO - Sync 1 DAGs
[2024-06-24T05:13:53.417+0000] {logging_mixin.py:154} INFO - [2024-06-24T05:13:53.417+0000] {dag.py:3722} INFO - Setting next_dagrun for rbroker_instrument_dag to None, run_after=None
[2024-06-24T05:13:53.442+0000] {processor.py:179} INFO - Processing /opt/airflow/dags/staging/rbroker/rbroker_instrument_dag.py took 0.112 seconds
[2024-06-24T05:14:23.897+0000] {processor.py:157} INFO - Started process (PID=3977) to work on /opt/airflow/dags/staging/rbroker/rbroker_instrument_dag.py
[2024-06-24T05:14:23.899+0000] {processor.py:829} INFO - Processing file /opt/airflow/dags/staging/rbroker/rbroker_instrument_dag.py for tasks to queue
[2024-06-24T05:14:23.901+0000] {logging_mixin.py:154} INFO - [2024-06-24T05:14:23.901+0000] {dagbag.py:536} INFO - Filling up the DagBag from /opt/airflow/dags/staging/rbroker/rbroker_instrument_dag.py
[2024-06-24T05:14:23.927+0000] {processor.py:839} INFO - DAG(s) dict_keys(['rbroker_instrument_dag']) retrieved from /opt/airflow/dags/staging/rbroker/rbroker_instrument_dag.py
[2024-06-24T05:14:23.970+0000] {logging_mixin.py:154} INFO - [2024-06-24T05:14:23.970+0000] {dag.py:2941} INFO - Sync 1 DAGs
[2024-06-24T05:14:23.993+0000] {logging_mixin.py:154} INFO - [2024-06-24T05:14:23.993+0000] {dag.py:3722} INFO - Setting next_dagrun for rbroker_instrument_dag to None, run_after=None
[2024-06-24T05:14:24.018+0000] {processor.py:179} INFO - Processing /opt/airflow/dags/staging/rbroker/rbroker_instrument_dag.py took 0.126 seconds
[2024-06-24T05:14:54.497+0000] {processor.py:157} INFO - Started process (PID=3989) to work on /opt/airflow/dags/staging/rbroker/rbroker_instrument_dag.py
[2024-06-24T05:14:54.499+0000] {processor.py:829} INFO - Processing file /opt/airflow/dags/staging/rbroker/rbroker_instrument_dag.py for tasks to queue
[2024-06-24T05:14:54.500+0000] {logging_mixin.py:154} INFO - [2024-06-24T05:14:54.500+0000] {dagbag.py:536} INFO - Filling up the DagBag from /opt/airflow/dags/staging/rbroker/rbroker_instrument_dag.py
[2024-06-24T05:14:54.524+0000] {processor.py:839} INFO - DAG(s) dict_keys(['rbroker_instrument_dag']) retrieved from /opt/airflow/dags/staging/rbroker/rbroker_instrument_dag.py
[2024-06-24T05:14:54.564+0000] {logging_mixin.py:154} INFO - [2024-06-24T05:14:54.563+0000] {dag.py:2941} INFO - Sync 1 DAGs
[2024-06-24T05:14:54.583+0000] {logging_mixin.py:154} INFO - [2024-06-24T05:14:54.582+0000] {dag.py:3722} INFO - Setting next_dagrun for rbroker_instrument_dag to None, run_after=None
[2024-06-24T05:14:54.607+0000] {processor.py:179} INFO - Processing /opt/airflow/dags/staging/rbroker/rbroker_instrument_dag.py took 0.114 seconds
[2024-06-24T05:15:25.495+0000] {processor.py:157} INFO - Started process (PID=4001) to work on /opt/airflow/dags/staging/rbroker/rbroker_instrument_dag.py
[2024-06-24T05:15:25.497+0000] {processor.py:829} INFO - Processing file /opt/airflow/dags/staging/rbroker/rbroker_instrument_dag.py for tasks to queue
[2024-06-24T05:15:25.498+0000] {logging_mixin.py:154} INFO - [2024-06-24T05:15:25.498+0000] {dagbag.py:536} INFO - Filling up the DagBag from /opt/airflow/dags/staging/rbroker/rbroker_instrument_dag.py
[2024-06-24T05:15:25.521+0000] {processor.py:839} INFO - DAG(s) dict_keys(['rbroker_instrument_dag']) retrieved from /opt/airflow/dags/staging/rbroker/rbroker_instrument_dag.py
[2024-06-24T05:15:25.559+0000] {logging_mixin.py:154} INFO - [2024-06-24T05:15:25.559+0000] {dag.py:2941} INFO - Sync 1 DAGs
[2024-06-24T05:15:25.578+0000] {logging_mixin.py:154} INFO - [2024-06-24T05:15:25.578+0000] {dag.py:3722} INFO - Setting next_dagrun for rbroker_instrument_dag to None, run_after=None
[2024-06-24T05:15:25.605+0000] {processor.py:179} INFO - Processing /opt/airflow/dags/staging/rbroker/rbroker_instrument_dag.py took 0.115 seconds
[2024-06-24T05:15:55.981+0000] {processor.py:157} INFO - Started process (PID=4013) to work on /opt/airflow/dags/staging/rbroker/rbroker_instrument_dag.py
[2024-06-24T05:15:55.983+0000] {processor.py:829} INFO - Processing file /opt/airflow/dags/staging/rbroker/rbroker_instrument_dag.py for tasks to queue
[2024-06-24T05:15:55.992+0000] {logging_mixin.py:154} INFO - [2024-06-24T05:15:55.992+0000] {dagbag.py:536} INFO - Filling up the DagBag from /opt/airflow/dags/staging/rbroker/rbroker_instrument_dag.py
[2024-06-24T05:15:56.038+0000] {processor.py:839} INFO - DAG(s) dict_keys(['rbroker_instrument_dag']) retrieved from /opt/airflow/dags/staging/rbroker/rbroker_instrument_dag.py
[2024-06-24T05:15:56.143+0000] {logging_mixin.py:154} INFO - [2024-06-24T05:15:56.143+0000] {dag.py:2941} INFO - Sync 1 DAGs
[2024-06-24T05:15:56.170+0000] {logging_mixin.py:154} INFO - [2024-06-24T05:15:56.170+0000] {dag.py:3722} INFO - Setting next_dagrun for rbroker_instrument_dag to None, run_after=None
[2024-06-24T05:15:56.195+0000] {processor.py:179} INFO - Processing /opt/airflow/dags/staging/rbroker/rbroker_instrument_dag.py took 0.219 seconds
[2024-06-24T05:16:26.396+0000] {processor.py:157} INFO - Started process (PID=4025) to work on /opt/airflow/dags/staging/rbroker/rbroker_instrument_dag.py
[2024-06-24T05:16:26.397+0000] {processor.py:829} INFO - Processing file /opt/airflow/dags/staging/rbroker/rbroker_instrument_dag.py for tasks to queue
[2024-06-24T05:16:26.398+0000] {logging_mixin.py:154} INFO - [2024-06-24T05:16:26.398+0000] {dagbag.py:536} INFO - Filling up the DagBag from /opt/airflow/dags/staging/rbroker/rbroker_instrument_dag.py
[2024-06-24T05:16:26.423+0000] {processor.py:839} INFO - DAG(s) dict_keys(['rbroker_instrument_dag']) retrieved from /opt/airflow/dags/staging/rbroker/rbroker_instrument_dag.py
[2024-06-24T05:16:26.465+0000] {logging_mixin.py:154} INFO - [2024-06-24T05:16:26.464+0000] {dag.py:2941} INFO - Sync 1 DAGs
[2024-06-24T05:16:26.483+0000] {logging_mixin.py:154} INFO - [2024-06-24T05:16:26.483+0000] {dag.py:3722} INFO - Setting next_dagrun for rbroker_instrument_dag to None, run_after=None
[2024-06-24T05:16:26.509+0000] {processor.py:179} INFO - Processing /opt/airflow/dags/staging/rbroker/rbroker_instrument_dag.py took 0.118 seconds
[2024-06-24T05:16:57.077+0000] {processor.py:157} INFO - Started process (PID=4037) to work on /opt/airflow/dags/staging/rbroker/rbroker_instrument_dag.py
[2024-06-24T05:16:57.080+0000] {processor.py:829} INFO - Processing file /opt/airflow/dags/staging/rbroker/rbroker_instrument_dag.py for tasks to queue
[2024-06-24T05:16:57.083+0000] {logging_mixin.py:154} INFO - [2024-06-24T05:16:57.082+0000] {dagbag.py:536} INFO - Filling up the DagBag from /opt/airflow/dags/staging/rbroker/rbroker_instrument_dag.py
[2024-06-24T05:16:57.145+0000] {processor.py:839} INFO - DAG(s) dict_keys(['rbroker_instrument_dag']) retrieved from /opt/airflow/dags/staging/rbroker/rbroker_instrument_dag.py
[2024-06-24T05:16:57.196+0000] {logging_mixin.py:154} INFO - [2024-06-24T05:16:57.195+0000] {dag.py:2941} INFO - Sync 1 DAGs
[2024-06-24T05:16:57.216+0000] {logging_mixin.py:154} INFO - [2024-06-24T05:16:57.215+0000] {dag.py:3722} INFO - Setting next_dagrun for rbroker_instrument_dag to None, run_after=None
[2024-06-24T05:16:57.245+0000] {processor.py:179} INFO - Processing /opt/airflow/dags/staging/rbroker/rbroker_instrument_dag.py took 0.179 seconds
[2024-06-24T05:17:27.741+0000] {processor.py:157} INFO - Started process (PID=4049) to work on /opt/airflow/dags/staging/rbroker/rbroker_instrument_dag.py
[2024-06-24T05:17:27.743+0000] {processor.py:829} INFO - Processing file /opt/airflow/dags/staging/rbroker/rbroker_instrument_dag.py for tasks to queue
[2024-06-24T05:17:27.744+0000] {logging_mixin.py:154} INFO - [2024-06-24T05:17:27.744+0000] {dagbag.py:536} INFO - Filling up the DagBag from /opt/airflow/dags/staging/rbroker/rbroker_instrument_dag.py
[2024-06-24T05:17:27.767+0000] {processor.py:839} INFO - DAG(s) dict_keys(['rbroker_instrument_dag']) retrieved from /opt/airflow/dags/staging/rbroker/rbroker_instrument_dag.py
[2024-06-24T05:17:27.805+0000] {logging_mixin.py:154} INFO - [2024-06-24T05:17:27.805+0000] {dag.py:2941} INFO - Sync 1 DAGs
[2024-06-24T05:17:27.823+0000] {logging_mixin.py:154} INFO - [2024-06-24T05:17:27.823+0000] {dag.py:3722} INFO - Setting next_dagrun for rbroker_instrument_dag to None, run_after=None
[2024-06-24T05:17:27.849+0000] {processor.py:179} INFO - Processing /opt/airflow/dags/staging/rbroker/rbroker_instrument_dag.py took 0.113 seconds
[2024-06-24T05:17:58.371+0000] {processor.py:157} INFO - Started process (PID=4061) to work on /opt/airflow/dags/staging/rbroker/rbroker_instrument_dag.py
[2024-06-24T05:17:58.372+0000] {processor.py:829} INFO - Processing file /opt/airflow/dags/staging/rbroker/rbroker_instrument_dag.py for tasks to queue
[2024-06-24T05:17:58.374+0000] {logging_mixin.py:154} INFO - [2024-06-24T05:17:58.373+0000] {dagbag.py:536} INFO - Filling up the DagBag from /opt/airflow/dags/staging/rbroker/rbroker_instrument_dag.py
[2024-06-24T05:17:58.396+0000] {processor.py:839} INFO - DAG(s) dict_keys(['rbroker_instrument_dag']) retrieved from /opt/airflow/dags/staging/rbroker/rbroker_instrument_dag.py
[2024-06-24T05:17:58.435+0000] {logging_mixin.py:154} INFO - [2024-06-24T05:17:58.435+0000] {dag.py:2941} INFO - Sync 1 DAGs
[2024-06-24T05:17:58.454+0000] {logging_mixin.py:154} INFO - [2024-06-24T05:17:58.453+0000] {dag.py:3722} INFO - Setting next_dagrun for rbroker_instrument_dag to None, run_after=None
[2024-06-24T05:17:58.479+0000] {processor.py:179} INFO - Processing /opt/airflow/dags/staging/rbroker/rbroker_instrument_dag.py took 0.113 seconds
[2024-06-24T05:18:28.924+0000] {processor.py:157} INFO - Started process (PID=4073) to work on /opt/airflow/dags/staging/rbroker/rbroker_instrument_dag.py
[2024-06-24T05:18:28.926+0000] {processor.py:829} INFO - Processing file /opt/airflow/dags/staging/rbroker/rbroker_instrument_dag.py for tasks to queue
[2024-06-24T05:18:28.929+0000] {logging_mixin.py:154} INFO - [2024-06-24T05:18:28.928+0000] {dagbag.py:536} INFO - Filling up the DagBag from /opt/airflow/dags/staging/rbroker/rbroker_instrument_dag.py
[2024-06-24T05:18:28.983+0000] {processor.py:839} INFO - DAG(s) dict_keys(['rbroker_instrument_dag']) retrieved from /opt/airflow/dags/staging/rbroker/rbroker_instrument_dag.py
[2024-06-24T05:18:29.027+0000] {logging_mixin.py:154} INFO - [2024-06-24T05:18:29.027+0000] {dag.py:2941} INFO - Sync 1 DAGs
[2024-06-24T05:18:29.046+0000] {logging_mixin.py:154} INFO - [2024-06-24T05:18:29.045+0000] {dag.py:3722} INFO - Setting next_dagrun for rbroker_instrument_dag to None, run_after=None
[2024-06-24T05:18:29.070+0000] {processor.py:179} INFO - Processing /opt/airflow/dags/staging/rbroker/rbroker_instrument_dag.py took 0.155 seconds
