[2024-06-24T01:59:10.695+0000] {processor.py:157} INFO - Started process (PID=346) to work on /opt/airflow/dags/staging/dags2.py
[2024-06-24T01:59:10.699+0000] {processor.py:829} INFO - Processing file /opt/airflow/dags/staging/dags2.py for tasks to queue
[2024-06-24T01:59:10.702+0000] {logging_mixin.py:154} INFO - [2024-06-24T01:59:10.701+0000] {dagbag.py:536} INFO - Filling up the DagBag from /opt/airflow/dags/staging/dags2.py
[2024-06-24T01:59:10.759+0000] {processor.py:839} INFO - DAG(s) dict_keys(['my_dag_name3']) retrieved from /opt/airflow/dags/staging/dags2.py
[2024-06-24T01:59:11.368+0000] {logging_mixin.py:154} INFO - [2024-06-24T01:59:11.367+0000] {manager.py:499} INFO - Created Permission View: %s
[2024-06-24T01:59:11.402+0000] {logging_mixin.py:154} INFO - [2024-06-24T01:59:11.402+0000] {manager.py:499} INFO - Created Permission View: %s
[2024-06-24T01:59:11.440+0000] {logging_mixin.py:154} INFO - [2024-06-24T01:59:11.440+0000] {manager.py:499} INFO - Created Permission View: %s
[2024-06-24T01:59:11.441+0000] {logging_mixin.py:154} INFO - [2024-06-24T01:59:11.441+0000] {dag.py:2941} INFO - Sync 1 DAGs
[2024-06-24T01:59:11.486+0000] {logging_mixin.py:154} INFO - [2024-06-24T01:59:11.486+0000] {dag.py:2963} INFO - Creating ORM DAG for my_dag_name3
[2024-06-24T01:59:11.515+0000] {logging_mixin.py:154} INFO - [2024-06-24T01:59:11.515+0000] {dag.py:3722} INFO - Setting next_dagrun for my_dag_name3 to 2021-01-01T00:00:00+00:00, run_after=2021-01-02T00:00:00+00:00
[2024-06-24T01:59:11.667+0000] {processor.py:179} INFO - Processing /opt/airflow/dags/staging/dags2.py took 1.038 seconds
[2024-06-24T01:59:41.922+0000] {processor.py:157} INFO - Started process (PID=356) to work on /opt/airflow/dags/staging/dags2.py
[2024-06-24T01:59:41.924+0000] {processor.py:829} INFO - Processing file /opt/airflow/dags/staging/dags2.py for tasks to queue
[2024-06-24T01:59:41.926+0000] {logging_mixin.py:154} INFO - [2024-06-24T01:59:41.925+0000] {dagbag.py:536} INFO - Filling up the DagBag from /opt/airflow/dags/staging/dags2.py
[2024-06-24T01:59:41.947+0000] {processor.py:839} INFO - DAG(s) dict_keys(['my_dag_name3']) retrieved from /opt/airflow/dags/staging/dags2.py
[2024-06-24T01:59:41.986+0000] {logging_mixin.py:154} INFO - [2024-06-24T01:59:41.985+0000] {dag.py:2941} INFO - Sync 1 DAGs
[2024-06-24T01:59:42.018+0000] {logging_mixin.py:154} INFO - [2024-06-24T01:59:42.017+0000] {dag.py:3722} INFO - Setting next_dagrun for my_dag_name3 to 2021-01-01T00:00:00+00:00, run_after=2021-01-02T00:00:00+00:00
[2024-06-24T01:59:42.047+0000] {processor.py:179} INFO - Processing /opt/airflow/dags/staging/dags2.py took 0.130 seconds
[2024-06-24T02:00:12.377+0000] {processor.py:157} INFO - Started process (PID=365) to work on /opt/airflow/dags/staging/dags2.py
[2024-06-24T02:00:12.379+0000] {processor.py:829} INFO - Processing file /opt/airflow/dags/staging/dags2.py for tasks to queue
[2024-06-24T02:00:12.380+0000] {logging_mixin.py:154} INFO - [2024-06-24T02:00:12.380+0000] {dagbag.py:536} INFO - Filling up the DagBag from /opt/airflow/dags/staging/dags2.py
[2024-06-24T02:00:12.399+0000] {processor.py:839} INFO - DAG(s) dict_keys(['my_dag_name3']) retrieved from /opt/airflow/dags/staging/dags2.py
[2024-06-24T02:00:12.440+0000] {logging_mixin.py:154} INFO - [2024-06-24T02:00:12.439+0000] {dag.py:2941} INFO - Sync 1 DAGs
[2024-06-24T02:00:12.474+0000] {logging_mixin.py:154} INFO - [2024-06-24T02:00:12.473+0000] {dag.py:3722} INFO - Setting next_dagrun for my_dag_name3 to 2021-01-01T00:00:00+00:00, run_after=2021-01-02T00:00:00+00:00
[2024-06-24T02:00:12.502+0000] {processor.py:179} INFO - Processing /opt/airflow/dags/staging/dags2.py took 0.130 seconds
[2024-06-24T02:00:43.031+0000] {processor.py:157} INFO - Started process (PID=374) to work on /opt/airflow/dags/staging/dags2.py
[2024-06-24T02:00:43.033+0000] {processor.py:829} INFO - Processing file /opt/airflow/dags/staging/dags2.py for tasks to queue
[2024-06-24T02:00:43.036+0000] {logging_mixin.py:154} INFO - [2024-06-24T02:00:43.036+0000] {dagbag.py:536} INFO - Filling up the DagBag from /opt/airflow/dags/staging/dags2.py
[2024-06-24T02:00:43.056+0000] {processor.py:839} INFO - DAG(s) dict_keys(['my_dag_name3']) retrieved from /opt/airflow/dags/staging/dags2.py
[2024-06-24T02:00:43.097+0000] {logging_mixin.py:154} INFO - [2024-06-24T02:00:43.097+0000] {dag.py:2941} INFO - Sync 1 DAGs
[2024-06-24T02:00:43.135+0000] {logging_mixin.py:154} INFO - [2024-06-24T02:00:43.135+0000] {dag.py:3722} INFO - Setting next_dagrun for my_dag_name3 to 2021-01-01T00:00:00+00:00, run_after=2021-01-02T00:00:00+00:00
[2024-06-24T02:00:43.160+0000] {processor.py:179} INFO - Processing /opt/airflow/dags/staging/dags2.py took 0.135 seconds
[2024-06-24T02:01:13.737+0000] {processor.py:157} INFO - Started process (PID=383) to work on /opt/airflow/dags/staging/dags2.py
[2024-06-24T02:01:13.741+0000] {processor.py:829} INFO - Processing file /opt/airflow/dags/staging/dags2.py for tasks to queue
[2024-06-24T02:01:13.742+0000] {logging_mixin.py:154} INFO - [2024-06-24T02:01:13.742+0000] {dagbag.py:536} INFO - Filling up the DagBag from /opt/airflow/dags/staging/dags2.py
[2024-06-24T02:01:13.761+0000] {processor.py:839} INFO - DAG(s) dict_keys(['my_dag_name3']) retrieved from /opt/airflow/dags/staging/dags2.py
[2024-06-24T02:01:13.854+0000] {logging_mixin.py:154} INFO - [2024-06-24T02:01:13.853+0000] {dag.py:2941} INFO - Sync 1 DAGs
[2024-06-24T02:01:13.907+0000] {logging_mixin.py:154} INFO - [2024-06-24T02:01:13.906+0000] {dag.py:3722} INFO - Setting next_dagrun for my_dag_name3 to 2021-01-01T00:00:00+00:00, run_after=2021-01-02T00:00:00+00:00
[2024-06-24T02:01:14.024+0000] {processor.py:179} INFO - Processing /opt/airflow/dags/staging/dags2.py took 0.296 seconds
[2024-06-24T02:01:44.056+0000] {processor.py:157} INFO - Started process (PID=392) to work on /opt/airflow/dags/staging/dags2.py
[2024-06-24T02:01:44.059+0000] {processor.py:829} INFO - Processing file /opt/airflow/dags/staging/dags2.py for tasks to queue
[2024-06-24T02:01:44.060+0000] {logging_mixin.py:154} INFO - [2024-06-24T02:01:44.060+0000] {dagbag.py:536} INFO - Filling up the DagBag from /opt/airflow/dags/staging/dags2.py
[2024-06-24T02:01:44.080+0000] {processor.py:839} INFO - DAG(s) dict_keys(['my_dag_name3']) retrieved from /opt/airflow/dags/staging/dags2.py
[2024-06-24T02:01:44.122+0000] {logging_mixin.py:154} INFO - [2024-06-24T02:01:44.122+0000] {dag.py:2941} INFO - Sync 1 DAGs
[2024-06-24T02:01:44.156+0000] {logging_mixin.py:154} INFO - [2024-06-24T02:01:44.156+0000] {dag.py:3722} INFO - Setting next_dagrun for my_dag_name3 to 2021-01-01T00:00:00+00:00, run_after=2021-01-02T00:00:00+00:00
[2024-06-24T02:01:44.179+0000] {processor.py:179} INFO - Processing /opt/airflow/dags/staging/dags2.py took 0.128 seconds
