[2024-06-24T02:36:24.790+0000] {processor.py:157} INFO - Started process (PID=811) to work on /opt/airflow/dags/staging/my_dag_name1.py
[2024-06-24T02:36:24.792+0000] {processor.py:829} INFO - Processing file /opt/airflow/dags/staging/my_dag_name1.py for tasks to queue
[2024-06-24T02:36:24.794+0000] {logging_mixin.py:154} INFO - [2024-06-24T02:36:24.793+0000] {dagbag.py:536} INFO - Filling up the DagBag from /opt/airflow/dags/staging/my_dag_name1.py
[2024-06-24T02:36:24.815+0000] {processor.py:839} INFO - DAG(s) dict_keys(['my_dag_name1']) retrieved from /opt/airflow/dags/staging/my_dag_name1.py
[2024-06-24T02:36:25.032+0000] {logging_mixin.py:154} INFO - [2024-06-24T02:36:25.032+0000] {dag.py:2941} INFO - Sync 1 DAGs
[2024-06-24T02:36:25.065+0000] {logging_mixin.py:154} INFO - [2024-06-24T02:36:25.065+0000] {dag.py:3722} INFO - Setting next_dagrun for my_dag_name1 to 2022-02-18T00:00:00+00:00, run_after=2022-02-19T00:00:00+00:00
[2024-06-24T02:36:25.601+0000] {processor.py:179} INFO - Processing /opt/airflow/dags/staging/my_dag_name1.py took 0.816 seconds
[2024-06-24T02:36:55.701+0000] {processor.py:157} INFO - Started process (PID=819) to work on /opt/airflow/dags/staging/my_dag_name1.py
[2024-06-24T02:36:55.703+0000] {processor.py:829} INFO - Processing file /opt/airflow/dags/staging/my_dag_name1.py for tasks to queue
[2024-06-24T02:36:55.704+0000] {logging_mixin.py:154} INFO - [2024-06-24T02:36:55.704+0000] {dagbag.py:536} INFO - Filling up the DagBag from /opt/airflow/dags/staging/my_dag_name1.py
[2024-06-24T02:36:55.723+0000] {processor.py:839} INFO - DAG(s) dict_keys(['my_dag_name1']) retrieved from /opt/airflow/dags/staging/my_dag_name1.py
[2024-06-24T02:36:55.760+0000] {logging_mixin.py:154} INFO - [2024-06-24T02:36:55.760+0000] {dag.py:2941} INFO - Sync 1 DAGs
[2024-06-24T02:36:55.794+0000] {logging_mixin.py:154} INFO - [2024-06-24T02:36:55.793+0000] {dag.py:3722} INFO - Setting next_dagrun for my_dag_name1 to 2022-03-13T00:00:00+00:00, run_after=2022-03-14T00:00:00+00:00
[2024-06-24T02:36:55.818+0000] {processor.py:179} INFO - Processing /opt/airflow/dags/staging/my_dag_name1.py took 0.122 seconds
[2024-06-24T02:37:26.031+0000] {processor.py:157} INFO - Started process (PID=827) to work on /opt/airflow/dags/staging/my_dag_name1.py
[2024-06-24T02:37:26.032+0000] {processor.py:829} INFO - Processing file /opt/airflow/dags/staging/my_dag_name1.py for tasks to queue
[2024-06-24T02:37:26.034+0000] {logging_mixin.py:154} INFO - [2024-06-24T02:37:26.033+0000] {dagbag.py:536} INFO - Filling up the DagBag from /opt/airflow/dags/staging/my_dag_name1.py
[2024-06-24T02:37:26.053+0000] {processor.py:839} INFO - DAG(s) dict_keys(['my_dag_name1']) retrieved from /opt/airflow/dags/staging/my_dag_name1.py
[2024-06-24T02:37:26.092+0000] {logging_mixin.py:154} INFO - [2024-06-24T02:37:26.092+0000] {dag.py:2941} INFO - Sync 1 DAGs
[2024-06-24T02:37:26.131+0000] {logging_mixin.py:154} INFO - [2024-06-24T02:37:26.130+0000] {dag.py:3722} INFO - Setting next_dagrun for my_dag_name1 to 2022-04-05T00:00:00+00:00, run_after=2022-04-06T00:00:00+00:00
[2024-06-24T02:37:26.156+0000] {processor.py:179} INFO - Processing /opt/airflow/dags/staging/my_dag_name1.py took 0.131 seconds
[2024-06-24T02:37:56.316+0000] {processor.py:157} INFO - Started process (PID=835) to work on /opt/airflow/dags/staging/my_dag_name1.py
[2024-06-24T02:37:56.318+0000] {processor.py:829} INFO - Processing file /opt/airflow/dags/staging/my_dag_name1.py for tasks to queue
[2024-06-24T02:37:56.319+0000] {logging_mixin.py:154} INFO - [2024-06-24T02:37:56.319+0000] {dagbag.py:536} INFO - Filling up the DagBag from /opt/airflow/dags/staging/my_dag_name1.py
[2024-06-24T02:37:56.337+0000] {processor.py:839} INFO - DAG(s) dict_keys(['my_dag_name1']) retrieved from /opt/airflow/dags/staging/my_dag_name1.py
[2024-06-24T02:37:56.374+0000] {logging_mixin.py:154} INFO - [2024-06-24T02:37:56.374+0000] {dag.py:2941} INFO - Sync 1 DAGs
[2024-06-24T02:37:56.407+0000] {logging_mixin.py:154} INFO - [2024-06-24T02:37:56.406+0000] {dag.py:3722} INFO - Setting next_dagrun for my_dag_name1 to 2022-04-27T00:00:00+00:00, run_after=2022-04-28T00:00:00+00:00
[2024-06-24T02:37:56.430+0000] {processor.py:179} INFO - Processing /opt/airflow/dags/staging/my_dag_name1.py took 0.119 seconds
