[2024-06-24T05:08:16.963+0000] {taskinstance.py:1159} INFO - Dependencies all met for dep_context=non-requeueable deps ti=<TaskInstance: rbroker_instrument_dag.count_query3 manual__2024-06-24T05:08:06.968425+00:00 [queued]>
[2024-06-24T05:08:16.974+0000] {taskinstance.py:1159} INFO - Dependencies all met for dep_context=requeueable deps ti=<TaskInstance: rbroker_instrument_dag.count_query3 manual__2024-06-24T05:08:06.968425+00:00 [queued]>
[2024-06-24T05:08:16.975+0000] {taskinstance.py:1361} INFO - Starting attempt 1 of 1
[2024-06-24T05:08:16.991+0000] {taskinstance.py:1382} INFO - Executing <Task(PythonOperator): count_query3> on 2024-06-24 05:08:06.968425+00:00
[2024-06-24T05:08:16.999+0000] {standard_task_runner.py:57} INFO - Started process 2858 to run task
[2024-06-24T05:08:17.003+0000] {standard_task_runner.py:84} INFO - Running: ['***', 'tasks', 'run', 'rbroker_instrument_dag', 'count_query3', 'manual__2024-06-24T05:08:06.968425+00:00', '--job-id', '52', '--raw', '--subdir', 'DAGS_FOLDER/staging/rbroker/rbroker_instrument_dag.py', '--cfg-path', '/tmp/tmpip8qgt8y']
[2024-06-24T05:08:17.008+0000] {standard_task_runner.py:85} INFO - Job 52: Subtask count_query3
[2024-06-24T05:08:17.066+0000] {task_command.py:416} INFO - Running <TaskInstance: rbroker_instrument_dag.count_query3 manual__2024-06-24T05:08:06.968425+00:00 [running]> on host b00a3d1afa8e
[2024-06-24T05:08:17.165+0000] {taskinstance.py:1662} INFO - Exporting env vars: AIRFLOW_CTX_DAG_OWNER='rbroker' AIRFLOW_CTX_DAG_ID='rbroker_instrument_dag' AIRFLOW_CTX_TASK_ID='count_query3' AIRFLOW_CTX_EXECUTION_DATE='2024-06-24T05:08:06.968425+00:00' AIRFLOW_CTX_TRY_NUMBER='1' AIRFLOW_CTX_DAG_RUN_ID='manual__2024-06-24T05:08:06.968425+00:00'
[2024-06-24T05:08:17.181+0000] {base.py:73} INFO - Using connection ID 'my_snowflake_conn' for task execution.
[2024-06-24T05:08:17.182+0000] {connection.py:334} INFO - Snowflake Connector for Python Version: 3.3.1, Python Version: 3.8.18, Platform: Linux-6.3.13-linuxkit-x86_64-with-glibc2.2.5
[2024-06-24T05:08:17.183+0000] {connection.py:1103} INFO - This connection is in OCSP Fail Open Mode. TLS Certificates would be checked for validity and revocation status. Any other Certificate Revocation related exceptions or OCSP Responder failures would be disregarded in favor of connectivity.
[2024-06-24T05:08:17.184+0000] {connection.py:1113} INFO - THIS CONNECTION IS IN INSECURE MODE. IT MEANS THE CERTIFICATE WILL BE VALIDATED BUT THE CERTIFICATE REVOCATION STATUS WILL NOT BE CHECKED.
[2024-06-24T05:08:17.184+0000] {connection.py:1121} INFO - Setting use_openssl_only mode to False
[2024-06-24T05:08:17.244+0000] {ssl_wrap_socket.py:100} INFO - THIS CONNECTION IS IN INSECURE MODE. IT MEANS THE CERTIFICATE WILL BE VALIDATED BUT THE CERTIFICATE REVOCATION STATUS WILL NOT BE CHECKED.
[2024-06-24T05:08:17.548+0000] {cursor.py:833} INFO - query: [ALTER SESSION SET autocommit=False]
[2024-06-24T05:08:17.609+0000] {cursor.py:846} INFO - query execution done
[2024-06-24T05:08:17.610+0000] {cursor.py:988} INFO - Number of results in first chunk: 1
[2024-06-24T05:08:17.611+0000] {sql.py:418} INFO - Running statement: select count(*) from wdp_staging.staging.my_first_dbt_model, parameters: None
[2024-06-24T05:08:17.611+0000] {cursor.py:833} INFO - query: [select count(*) from wdp_staging.staging.my_first_dbt_model]
[2024-06-24T05:08:17.671+0000] {cursor.py:846} INFO - query execution done
[2024-06-24T05:08:17.672+0000] {cursor.py:988} INFO - Number of results in first chunk: 1
[2024-06-24T05:08:17.672+0000] {sql.py:427} INFO - Rows affected: 1
[2024-06-24T05:08:17.675+0000] {snowflake.py:400} INFO - Rows affected: 1
[2024-06-24T05:08:17.675+0000] {snowflake.py:401} INFO - Snowflake query id: 01b53774-3201-46f7-0005-573a000311d6
[2024-06-24T05:08:17.676+0000] {cursor.py:833} INFO - query: [COMMIT]
[2024-06-24T05:08:17.733+0000] {cursor.py:846} INFO - query execution done
[2024-06-24T05:08:17.733+0000] {cursor.py:988} INFO - Number of results in first chunk: 1
[2024-06-24T05:08:17.734+0000] {connection.py:677} INFO - closed
[2024-06-24T05:08:17.759+0000] {connection.py:683} INFO - No async queries seem to be running, deleting session
[2024-06-24T05:08:17.795+0000] {rbroker_instrument_dag.py:22} INFO - Number of rows in `wdp_staging.staging.my_first_dbt_model`  - 2
[2024-06-24T05:08:17.796+0000] {python.py:194} INFO - Done. Returned value was: None
[2024-06-24T05:08:17.809+0000] {taskinstance.py:1400} INFO - Marking task as SUCCESS. dag_id=rbroker_instrument_dag, task_id=count_query3, execution_date=20240624T050806, start_date=20240624T050816, end_date=20240624T050817
[2024-06-24T05:08:17.862+0000] {local_task_job_runner.py:228} INFO - Task exited with return code 0
[2024-06-24T05:08:17.884+0000] {taskinstance.py:2778} INFO - 0 downstream tasks scheduled from follow-on schedule check
